#
# There is insufficient memory for the Java Runtime Environment to continue.
# Native memory allocation (malloc) failed to allocate 770816 bytes. Error detail: Chunk::new
# Possible reasons:
#   The system is out of physical RAM or swap space
#   This process is running with CompressedOops enabled, and the Java Heap may be blocking the growth of the native heap
# Possible solutions:
#   Reduce memory load on the system
#   Increase physical memory or swap space
#   Check if swap backing store is full
#   Decrease Java heap size (-Xmx/-Xms)
#   Decrease number of Java threads
#   Decrease Java thread stack sizes (-Xss)
#   Set larger code cache with -XX:ReservedCodeCacheSize=
#   JVM is running with Unscaled Compressed Oops mode in which the Java heap is
#     placed in the first 4GB address space. The Java Heap base address is the
#     maximum limit for the native heap growth. Please use -XX:HeapBaseMinAddress
#     to set the Java Heap base and to place the Java Heap above 4GB virtual address.
# This output file may be truncated or incomplete.
#
#  Out of Memory Error (arena.cpp:191), pid=28128, tid=18424
#
# JRE version: OpenJDK Runtime Environment Temurin-17.0.12+7 (17.0.12+7) (build 17.0.12+7)
# Java VM: OpenJDK 64-Bit Server VM Temurin-17.0.12+7 (17.0.12+7, mixed mode, tiered, compressed oops, compressed class ptrs, parallel gc, windows-amd64)
# No core dump will be written. Minidumps are not enabled by default on client versions of Windows
#

---------------  S U M M A R Y ------------

Command Line: --add-modules=ALL-SYSTEM --add-opens=java.base/java.util=ALL-UNNAMED --add-opens=java.base/java.lang=ALL-UNNAMED --add-opens=java.base/sun.nio.fs=ALL-UNNAMED -Declipse.application=org.eclipse.jdt.ls.core.id1 -Dosgi.bundles.defaultStartLevel=4 -Declipse.product=org.eclipse.jdt.ls.core.product -Djava.import.generatesMetadataFilesAtProjectRoot=false -DDetectVMInstallationsJob.disabled=true -Dfile.encoding=utf8 -XX:+UseParallelGC -XX:GCTimeRatio=4 -XX:AdaptiveSizePolicyWeight=90 -Dsun.zip.disableMemoryMapping=true -Xmx1G -Xms100m -Xlog:disable -javaagent:c:\Users\User\.vscode\extensions\redhat.java-1.34.0-win32-x64\lombok\lombok-1.18.33.jar -XX:+HeapDumpOnOutOfMemoryError -XX:HeapDumpPath=c:\Users\User\AppData\Roaming\Code\User\workspaceStorage\19421980adf0ab6480b5e8899908721f\redhat.java -Daether.dependencyCollector.impl=bf c:\Users\User\.vscode\extensions\redhat.java-1.34.0-win32-x64\server\plugins\org.eclipse.equinox.launcher_1.6.900.v20240613-2009.jar -configuration c:\Users\User\AppData\Roaming\Code\User\globalStorage\redhat.java\1.34.0\config_win -data c:\Users\User\AppData\Roaming\Code\User\workspaceStorage\19421980adf0ab6480b5e8899908721f\redhat.java\jdt_ws --pipe=\\.\pipe\lsp-8ecdece73337ead1b4774f29ab83c5e1-sock

Host: 13th Gen Intel(R) Core(TM) i7-1355U, 12 cores, 15G,  Windows 11 , 64 bit Build 22621 (10.0.22621.3958)
Time: Tue Sep 10 18:45:12 2024 Malay Peninsula Standard Time elapsed time: 31.282518 seconds (0d 0h 0m 31s)

---------------  T H R E A D  ---------------

Current thread (0x000001bdf8c70c50):  JavaThread "C2 CompilerThread0" daemon [_thread_in_native, id=18424, stack(0x0000003467700000,0x0000003467800000)]


Current CompileTask:
C2:  31282 7087       4       org.eclipse.osgi.container.ModuleDatabase$Persistence::addMap (289 bytes)

Stack: [0x0000003467700000,0x0000003467800000]
Native frames: (J=compiled Java code, j=interpreted, Vv=VM code, C=native code)
V  [jvm.dll+0x67f929]
V  [jvm.dll+0x8371ba]
V  [jvm.dll+0x838c7e]
V  [jvm.dll+0x8392e3]
V  [jvm.dll+0x24834f]
V  [jvm.dll+0xac9d4]
V  [jvm.dll+0xad01c]
V  [jvm.dll+0x2af96f]
V  [jvm.dll+0x5868d7]
V  [jvm.dll+0x2231c2]
V  [jvm.dll+0x21c432]
V  [jvm.dll+0x219be1]
V  [jvm.dll+0x1a58bd]
V  [jvm.dll+0x229a2d]
V  [jvm.dll+0x227bdc]
V  [jvm.dll+0x7ec1f7]
V  [jvm.dll+0x7e65dc]
V  [jvm.dll+0x67e7f7]
C  [ucrtbase.dll+0x29333]
C  [KERNEL32.DLL+0x1257d]
C  [ntdll.dll+0x5af28]


---------------  P R O C E S S  ---------------

Threads class SMR info:
_java_thread_list=0x000001bdfe6e3210, length=51, elements={
0x000001bdeec2cff0, 0x000001bdf3ab5020, 0x000001bdf3ab5a50, 0x000001bdf8c67f20,
0x000001bdf8c687f0, 0x000001bdf8c69d20, 0x000001bdf8c6fda0, 0x000001bdf8c70c50,
0x000001bdf8c73ec0, 0x000001bdf8c74f70, 0x000001bdf8d51cd0, 0x000001bdf8f82e70,
0x000001bdfac41430, 0x000001bdfada3860, 0x000001bdfa91c940, 0x000001bdfa91d360,
0x000001bdfa91b500, 0x000001bdfa91c430, 0x000001bdfa919bb0, 0x000001bdfa91ce50,
0x000001bdfa91aae0, 0x000001bdfbe72de0, 0x000001bdfbe732f0, 0x000001bdfbe73d10,
0x000001bdfbe70a70, 0x000001bdfbe73800, 0x000001bdfbe74220, 0x000001bdfbe75b70,
0x000001bdfbe74730, 0x000001bdfbe71490, 0x000001bdfbe74c40, 0x000001bdfbe76590,
0x000001bdfbe75150, 0x000001bdfbe70560, 0x000001bdfbe70f80, 0x000001bdfbe723c0,
0x000001bdfbe76aa0, 0x000001bdfbe76080, 0x000001bdfbe76fb0, 0x000001bdfbe719a0,
0x000001bdfbe71eb0, 0x000001bdfbe774c0, 0x000001bdfbe779d0, 0x000001bdfa91aff0,
0x000001bdfa91ba10, 0x000001bdfa91bf20, 0x000001bdfef03270, 0x000001bdfef03c90,
0x000001bdfef03780, 0x000001bdfef01920, 0x000001bdfa7eb240
}

Java Threads: ( => current thread )
  0x000001bdeec2cff0 JavaThread "main" [_thread_blocked, id=996, stack(0x0000003466e00000,0x0000003466f00000)]
  0x000001bdf3ab5020 JavaThread "Reference Handler" daemon [_thread_blocked, id=11064, stack(0x0000003467100000,0x0000003467200000)]
  0x000001bdf3ab5a50 JavaThread "Finalizer" daemon [_thread_blocked, id=23440, stack(0x0000003467200000,0x0000003467300000)]
  0x000001bdf8c67f20 JavaThread "Signal Dispatcher" daemon [_thread_blocked, id=31632, stack(0x0000003467300000,0x0000003467400000)]
  0x000001bdf8c687f0 JavaThread "Attach Listener" daemon [_thread_blocked, id=5728, stack(0x0000003467400000,0x0000003467500000)]
  0x000001bdf8c69d20 JavaThread "Service Thread" daemon [_thread_blocked, id=11820, stack(0x0000003467500000,0x0000003467600000)]
  0x000001bdf8c6fda0 JavaThread "Monitor Deflation Thread" daemon [_thread_blocked, id=3572, stack(0x0000003467600000,0x0000003467700000)]
=>0x000001bdf8c70c50 JavaThread "C2 CompilerThread0" daemon [_thread_in_native, id=18424, stack(0x0000003467700000,0x0000003467800000)]
  0x000001bdf8c73ec0 JavaThread "C1 CompilerThread0" daemon [_thread_blocked, id=9956, stack(0x0000003467800000,0x0000003467900000)]
  0x000001bdf8c74f70 JavaThread "Sweeper thread" daemon [_thread_blocked, id=27552, stack(0x0000003467900000,0x0000003467a00000)]
  0x000001bdf8d51cd0 JavaThread "Common-Cleaner" daemon [_thread_blocked, id=1860, stack(0x0000003467a00000,0x0000003467b00000)]
  0x000001bdf8f82e70 JavaThread "Notification Thread" daemon [_thread_blocked, id=34800, stack(0x0000003467c00000,0x0000003467d00000)]
  0x000001bdfac41430 JavaThread "Active Thread: Equinox Container: aae448d2-14b0-421e-8596-c6e156d210f0" [_thread_in_native, id=40884, stack(0x0000003468400000,0x0000003468500000)]
  0x000001bdfada3860 JavaThread "Framework Event Dispatcher: Equinox Container: aae448d2-14b0-421e-8596-c6e156d210f0" daemon [_thread_blocked, id=31492, stack(0x0000003468600000,0x0000003468700000)]
  0x000001bdfa91c940 JavaThread "Start Level: Equinox Container: aae448d2-14b0-421e-8596-c6e156d210f0" daemon [_thread_blocked, id=10716, stack(0x0000003468700000,0x0000003468800000)]
  0x000001bdfa91d360 JavaThread "Bundle File Closer" daemon [_thread_blocked, id=37788, stack(0x0000003468500000,0x0000003468600000)]
  0x000001bdfa91b500 JavaThread "SCR Component Actor" daemon [_thread_blocked, id=9584, stack(0x0000003468900000,0x0000003468a00000)]
  0x000001bdfa91c430 JavaThread "Worker-JM" [_thread_blocked, id=22592, stack(0x0000003468b00000,0x0000003468c00000)]
  0x000001bdfa919bb0 JavaThread "Worker-0" [_thread_blocked, id=24540, stack(0x0000003468d00000,0x0000003468e00000)]
  0x000001bdfa91ce50 JavaThread "Worker-1" [_thread_blocked, id=26156, stack(0x0000003468e00000,0x0000003468f00000)]
  0x000001bdfa91aae0 JavaThread "Java indexing" daemon [_thread_blocked, id=39212, stack(0x0000003469100000,0x0000003469200000)]
  0x000001bdfbe72de0 JavaThread "JNA Cleaner" daemon [_thread_blocked, id=17716, stack(0x0000003468f00000,0x0000003469000000)]
  0x000001bdfbe732f0 JavaThread "Thread-2" daemon [_thread_in_native, id=4152, stack(0x0000003469000000,0x0000003469100000)]
  0x000001bdfbe73d10 JavaThread "Thread-3" daemon [_thread_in_native, id=19344, stack(0x0000003469200000,0x0000003469300000)]
  0x000001bdfbe70a70 JavaThread "Thread-4" daemon [_thread_in_native, id=21092, stack(0x0000003469300000,0x0000003469400000)]
  0x000001bdfbe73800 JavaThread "Thread-5" daemon [_thread_in_native, id=35148, stack(0x0000003469400000,0x0000003469500000)]
  0x000001bdfbe74220 JavaThread "Thread-6" daemon [_thread_in_native, id=40556, stack(0x0000003469500000,0x0000003469600000)]
  0x000001bdfbe75b70 JavaThread "Thread-7" daemon [_thread_in_native, id=4168, stack(0x0000003469600000,0x0000003469700000)]
  0x000001bdfbe74730 JavaThread "Thread-8" daemon [_thread_in_native, id=3268, stack(0x0000003469700000,0x0000003469800000)]
  0x000001bdfbe71490 JavaThread "Thread-9" daemon [_thread_in_native, id=27944, stack(0x0000003469800000,0x0000003469900000)]
  0x000001bdfbe74c40 JavaThread "Thread-10" daemon [_thread_in_native, id=23760, stack(0x0000003469900000,0x0000003469a00000)]
  0x000001bdfbe76590 JavaThread "Thread-11" daemon [_thread_in_native, id=2332, stack(0x0000003469a00000,0x0000003469b00000)]
  0x000001bdfbe75150 JavaThread "Thread-12" daemon [_thread_in_native, id=15632, stack(0x0000003469b00000,0x0000003469c00000)]
  0x000001bdfbe70560 JavaThread "Thread-13" daemon [_thread_in_native, id=13212, stack(0x0000003469c00000,0x0000003469d00000)]
  0x000001bdfbe70f80 JavaThread "Thread-14" daemon [_thread_in_native, id=38096, stack(0x0000003469d00000,0x0000003469e00000)]
  0x000001bdfbe723c0 JavaThread "pool-2-thread-1" [_thread_blocked, id=37692, stack(0x0000003469e00000,0x0000003469f00000)]
  0x000001bdfbe76aa0 JavaThread "WorkspaceEventsHandler" [_thread_blocked, id=7188, stack(0x000000346a000000,0x000000346a100000)]
  0x000001bdfbe76080 JavaThread "pool-1-thread-1" [_thread_blocked, id=15504, stack(0x000000346a100000,0x000000346a200000)]
  0x000001bdfbe76fb0 JavaThread "Worker-2: Initialize Workspace" [_thread_blocked, id=34148, stack(0x000000346a200000,0x000000346a300000)]
  0x000001bdfbe719a0 JavaThread "Worker-3" [_thread_blocked, id=27088, stack(0x000000346a400000,0x000000346a500000)]
  0x000001bdfbe71eb0 JavaThread "Timer-0" [_thread_blocked, id=23152, stack(0x000000346a600000,0x000000346a700000)]
  0x000001bdfbe774c0 JavaThread "Exec process" [_thread_blocked, id=19836, stack(0x0000003469f00000,0x000000346a000000)]
  0x000001bdfbe779d0 JavaThread "Exec process Thread 2" [_thread_blocked, id=38712, stack(0x000000346a300000,0x000000346a400000)]
  0x000001bdfa91aff0 JavaThread "Exec process Thread 3" [_thread_blocked, id=19604, stack(0x000000346a700000,0x000000346a800000)]
  0x000001bdfa91ba10 JavaThread "Timer-1" [_thread_blocked, id=23320, stack(0x0000003468a00000,0x0000003468b00000)]
  0x000001bdfa91bf20 JavaThread "Timer-2" [_thread_blocked, id=14052, stack(0x000000346a800000,0x000000346a900000)]
  0x000001bdfef03270 JavaThread "Timer-3" [_thread_blocked, id=22228, stack(0x000000346aa00000,0x000000346ab00000)]
  0x000001bdfef03c90 JavaThread "Timer-4" [_thread_blocked, id=34264, stack(0x000000346ab00000,0x000000346ac00000)]
  0x000001bdfef03780 JavaThread "Connection worker" [_thread_in_vm, id=31404, stack(0x000000346ac00000,0x000000346ad00000)]
  0x000001bdfef01920 JavaThread "pool-3-thread-1" [_thread_blocked, id=4228, stack(0x000000346ae00000,0x000000346af00000)]
  0x000001bdfa7eb240 JavaThread "C2 CompilerThread1" daemon [_thread_in_native, id=19244, stack(0x000000346a900000,0x000000346aa00000)]

Other Threads:
  0x000001bdf3aa29b0 VMThread "VM Thread" [stack: 0x0000003467000000,0x0000003467100000] [id=14908]
  0x000001bdf8f83350 WatcherThread [stack: 0x0000003467d00000,0x0000003467e00000] [id=756]
  0x000001bdeec49ae0 GCTaskThread "GC Thread#0" [stack: 0x0000003466f00000,0x0000003467000000] [id=11528]
  0x000001bdfa479430 GCTaskThread "GC Thread#1" [stack: 0x0000003467e00000,0x0000003467f00000] [id=29092]
  0x000001bdfab189e0 GCTaskThread "GC Thread#2" [stack: 0x0000003467f00000,0x0000003468000000] [id=34520]
  0x000001bdfab18ca0 GCTaskThread "GC Thread#3" [stack: 0x0000003468000000,0x0000003468100000] [id=30076]
  0x000001bdfab18f60 GCTaskThread "GC Thread#4" [stack: 0x0000003468100000,0x0000003468200000] [id=34912]
  0x000001bdfab19220 GCTaskThread "GC Thread#5" [stack: 0x0000003468200000,0x0000003468300000] [id=31288]
  0x000001bdfab194e0 GCTaskThread "GC Thread#6" [stack: 0x0000003468300000,0x0000003468400000] [id=25468]
  0x000001bdfad9a630 GCTaskThread "GC Thread#7" [stack: 0x0000003468800000,0x0000003468900000] [id=31232]
  0x000001bdf8e1e750 GCTaskThread "GC Thread#8" [stack: 0x0000003467b00000,0x0000003467c00000] [id=32424]
  0x000001bdfb2c6cb0 GCTaskThread "GC Thread#9" [stack: 0x0000003468c00000,0x0000003468d00000] [id=13476]

Threads with active compile tasks:
C2 CompilerThread0    31371 7087       4       org.eclipse.osgi.container.ModuleDatabase$Persistence::addMap (289 bytes)
C2 CompilerThread1    31371 7094 %     4       java.io.DataOutputStream::writeUTF @ 10 (411 bytes)

VM state: not at safepoint (normal execution)

VM Mutex/Monitor currently owned by a thread:  ([mutex/lock_event])
[0x000001bdeec27bf0] Metaspace_lock - owner thread: 0x000001bdfef03780

Heap address: 0x00000000c0000000, size: 1024 MB, Compressed Oops mode: 32-bit

CDS archive(s) not mapped
Compressed class space mapped at: 0x0000000100000000-0x0000000140000000, reserved size: 1073741824
Narrow klass base: 0x0000000000000000, Narrow klass shift: 3, Narrow klass range: 0x140000000

GC Precious Log:
 CPUs: 12 total, 12 available
 Memory: 16024M
 Large Page Support: Disabled
 NUMA Support: Disabled
 Compressed Oops: Enabled (32-bit)
 Alignments: Space 512K, Generation 512K, Heap 2M
 Heap Min Capacity: 100M
 Heap Initial Capacity: 100M
 Heap Max Capacity: 1G
 Pre-touch: Disabled
 Parallel Workers: 10

Heap:
 PSYoungGen      total 23040K, used 2856K [0x00000000eab00000, 0x00000000ec700000, 0x0000000100000000)
  eden space 22016K, 9% used [0x00000000eab00000,0x00000000ead1a070,0x00000000ec080000)
  from space 1024K, 68% used [0x00000000ec500000,0x00000000ec5b0000,0x00000000ec600000)
  to   space 1024K, 0% used [0x00000000ec600000,0x00000000ec600000,0x00000000ec700000)
 ParOldGen       total 68608K, used 39519K [0x00000000c0000000, 0x00000000c4300000, 0x00000000eab00000)
  object space 68608K, 57% used [0x00000000c0000000,0x00000000c2697e98,0x00000000c4300000)
 Metaspace       used 71311K, committed 72320K, reserved 1114112K
  class space    used 8781K, committed 9216K, reserved 1048576K

Card table byte_map: [0x000001bdee5c0000,0x000001bdee7d0000] _byte_map_base: 0x000001bdedfc0000

Marking Bits: (ParMarkBitMap*) 0x00007ffbdbda58b0
 Begin Bits: [0x000001bdf18c0000, 0x000001bdf28c0000)
 End Bits:   [0x000001bdf28c0000, 0x000001bdf38c0000)

Polling page: 0x000001bdecc00000

Metaspace:

Usage:
  Non-class:     61.06 MB used.
      Class:      8.58 MB used.
       Both:     69.64 MB used.

Virtual space:
  Non-class space:       64.00 MB reserved,      61.62 MB ( 96%) committed,  1 nodes.
      Class space:        1.00 GB reserved,       9.00 MB ( <1%) committed,  1 nodes.
             Both:        1.06 GB reserved,      70.62 MB (  6%) committed. 

Chunk freelists:
   Non-Class:  1.92 MB
       Class:  7.03 MB
        Both:  8.95 MB

MaxMetaspaceSize: unlimited
CompressedClassSpaceSize: 1.00 GB
Initial GC threshold: 21.00 MB
Current GC threshold: 97.31 MB
CDS: off
MetaspaceReclaimPolicy: balanced
 - commit_granule_bytes: 65536.
 - commit_granule_words: 8192.
 - virtual_space_node_default_size: 8388608.
 - enlarge_chunks_in_place: 1.
 - new_chunks_are_fully_committed: 0.
 - uncommit_free_chunks: 1.
 - use_allocation_guard: 0.
 - handle_deallocations: 1.


Internal statistics:

num_allocs_failed_limit: 9.
num_arena_births: 640.
num_arena_deaths: 14.
num_vsnodes_births: 2.
num_vsnodes_deaths: 0.
num_space_committed: 1130.
num_space_uncommitted: 0.
num_chunks_returned_to_freelist: 23.
num_chunks_taken_from_freelist: 3086.
num_chunk_merges: 14.
num_chunk_splits: 2105.
num_chunks_enlarged: 1468.
num_inconsistent_stats: 0.

CodeHeap 'non-profiled nmethods': size=120000Kb used=4509Kb max_used=4509Kb free=115490Kb
 bounds [0x000001bd87ad0000, 0x000001bd87f40000, 0x000001bd8f000000]
CodeHeap 'profiled nmethods': size=120000Kb used=12737Kb max_used=12737Kb free=107262Kb
 bounds [0x000001bd80000000, 0x000001bd80c80000, 0x000001bd87530000]
CodeHeap 'non-nmethods': size=5760Kb used=1354Kb max_used=1431Kb free=4405Kb
 bounds [0x000001bd87530000, 0x000001bd877a0000, 0x000001bd87ad0000]
 total_blobs=6997 nmethods=6303 adapters=607
 compilation: enabled
              stopped_count=0, restarted_count=0
 full_count=0

Compilation events (20 events):
Event: 31.210 Thread 0x000001bdf8c73ec0 nmethod 7097 0x000001bd80c55d10 code [0x000001bd80c56000, 0x000001bd80c57278]
Event: 31.210 Thread 0x000001bdf8c73ec0 7098       3       org.eclipse.osgi.container.ModuleDatabase$Persistence::addToWriteTable (77 bytes)
Event: 31.211 Thread 0x000001bdf8c73ec0 nmethod 7098 0x000001bd80c57910 code [0x000001bd80c57be0, 0x000001bd80c58ae8]
Event: 31.236 Thread 0x000001bdf8c73ec0 7100       1       org.osgi.framework.Version::getMicro (5 bytes)
Event: 31.237 Thread 0x000001bdf8c73ec0 nmethod 7100 0x000001bd87f37090 code [0x000001bd87f37220, 0x000001bd87f372f8]
Event: 31.237 Thread 0x000001bdf8c73ec0 7102       3       java.util.HashMap::getNode (150 bytes)
Event: 31.238 Thread 0x000001bdfa7eb240 7094 %     4       java.io.DataOutputStream::writeUTF @ 10 (411 bytes)
Event: 31.241 Thread 0x000001bdf8c73ec0 nmethod 7102 0x000001bd80c58f90 code [0x000001bd80c591c0, 0x000001bd80c59d58]
Event: 31.241 Thread 0x000001bdf8c73ec0 7101       3       java.util.HashMap::get (19 bytes)
Event: 31.241 Thread 0x000001bdf8c73ec0 nmethod 7101 0x000001bd80c5a010 code [0x000001bd80c5a1c0, 0x000001bd80c5a388]
Event: 31.241 Thread 0x000001bdf8c73ec0 7103       3       org.osgi.framework.Version::equals (72 bytes)
Event: 31.242 Thread 0x000001bdf8c73ec0 nmethod 7103 0x000001bd80c5a490 code [0x000001bd80c5a660, 0x000001bd80c5ab88]
Event: 31.242 Thread 0x000001bdf8c73ec0 7104       3       java.util.Collections::unmodifiableSet (20 bytes)
Event: 31.242 Thread 0x000001bdf8c73ec0 nmethod 7104 0x000001bd80c5ac90 code [0x000001bd80c5ae60, 0x000001bd80c5b268]
Event: 31.242 Thread 0x000001bdf8c73ec0 7105       3       java.util.Collections$UnmodifiableMap::keySet (28 bytes)
Event: 31.243 Thread 0x000001bdf8c73ec0 nmethod 7105 0x000001bd80c5b410 code [0x000001bd80c5b600, 0x000001bd80c5bb98]
Event: 31.243 Thread 0x000001bdf8c73ec0 7106       3       org.eclipse.osgi.container.ModuleDatabase$Persistence::writeVersion (88 bytes)
Event: 31.245 Thread 0x000001bdf8c73ec0 nmethod 7106 0x000001bd80c5bd90 code [0x000001bd80c5c060, 0x000001bd80c5ce18]
Event: 31.246 Thread 0x000001bdf8c73ec0 7107       3       org.eclipse.osgi.container.ModuleDatabase$Persistence::writeMap (308 bytes)
Event: 31.249 Thread 0x000001bdf8c73ec0 nmethod 7107 0x000001bd80c5d310 code [0x000001bd80c5d8a0, 0x000001bd80c608d8]

GC Heap History (20 events):
Event: 23.378 GC heap before
{Heap before GC invocations=31 (full 3):
 PSYoungGen      total 23040K, used 22538K [0x00000000eab00000, 0x00000000ec880000, 0x0000000100000000)
  eden space 22016K, 100% used [0x00000000eab00000,0x00000000ec080000,0x00000000ec080000)
  from space 1024K, 51% used [0x00000000ec680000,0x00000000ec702a50,0x00000000ec780000)
  to   space 1024K, 0% used [0x00000000ec780000,0x00000000ec780000,0x00000000ec880000)
 ParOldGen       total 68608K, used 37251K [0x00000000c0000000, 0x00000000c4300000, 0x00000000eab00000)
  object space 68608K, 54% used [0x00000000c0000000,0x00000000c2460ed0,0x00000000c4300000)
 Metaspace       used 69085K, committed 70208K, reserved 1114112K
  class space    used 8465K, committed 8960K, reserved 1048576K
}
Event: 23.378 GC heap after
{Heap after GC invocations=31 (full 3):
 PSYoungGen      total 23040K, used 631K [0x00000000eab00000, 0x00000000ec880000, 0x0000000100000000)
  eden space 22016K, 0% used [0x00000000eab00000,0x00000000eab00000,0x00000000ec080000)
  from space 1024K, 61% used [0x00000000ec780000,0x00000000ec81dd70,0x00000000ec880000)
  to   space 1024K, 0% used [0x00000000ec680000,0x00000000ec680000,0x00000000ec780000)
 ParOldGen       total 68608K, used 37461K [0x00000000c0000000, 0x00000000c4300000, 0x00000000eab00000)
  object space 68608K, 54% used [0x00000000c0000000,0x00000000c2495690,0x00000000c4300000)
 Metaspace       used 69085K, committed 70208K, reserved 1114112K
  class space    used 8465K, committed 8960K, reserved 1048576K
}
Event: 23.510 GC heap before
{Heap before GC invocations=32 (full 3):
 PSYoungGen      total 23040K, used 22647K [0x00000000eab00000, 0x00000000ec880000, 0x0000000100000000)
  eden space 22016K, 100% used [0x00000000eab00000,0x00000000ec080000,0x00000000ec080000)
  from space 1024K, 61% used [0x00000000ec780000,0x00000000ec81dd70,0x00000000ec880000)
  to   space 1024K, 0% used [0x00000000ec680000,0x00000000ec680000,0x00000000ec780000)
 ParOldGen       total 68608K, used 37461K [0x00000000c0000000, 0x00000000c4300000, 0x00000000eab00000)
  object space 68608K, 54% used [0x00000000c0000000,0x00000000c2495690,0x00000000c4300000)
 Metaspace       used 69865K, committed 70976K, reserved 1114112K
  class space    used 8588K, committed 9088K, reserved 1048576K
}
Event: 23.511 GC heap after
{Heap after GC invocations=32 (full 3):
 PSYoungGen      total 23040K, used 1006K [0x00000000eab00000, 0x00000000ec800000, 0x0000000100000000)
  eden space 22016K, 0% used [0x00000000eab00000,0x00000000eab00000,0x00000000ec080000)
  from space 1024K, 98% used [0x00000000ec680000,0x00000000ec77ba80,0x00000000ec780000)
  to   space 512K, 0% used [0x00000000ec780000,0x00000000ec780000,0x00000000ec800000)
 ParOldGen       total 68608K, used 37664K [0x00000000c0000000, 0x00000000c4300000, 0x00000000eab00000)
  object space 68608K, 54% used [0x00000000c0000000,0x00000000c24c8210,0x00000000c4300000)
 Metaspace       used 69865K, committed 70976K, reserved 1114112K
  class space    used 8588K, committed 9088K, reserved 1048576K
}
Event: 23.638 GC heap before
{Heap before GC invocations=33 (full 3):
 PSYoungGen      total 23040K, used 23022K [0x00000000eab00000, 0x00000000ec800000, 0x0000000100000000)
  eden space 22016K, 100% used [0x00000000eab00000,0x00000000ec080000,0x00000000ec080000)
  from space 1024K, 98% used [0x00000000ec680000,0x00000000ec77ba80,0x00000000ec780000)
  to   space 512K, 0% used [0x00000000ec780000,0x00000000ec780000,0x00000000ec800000)
 ParOldGen       total 68608K, used 37664K [0x00000000c0000000, 0x00000000c4300000, 0x00000000eab00000)
  object space 68608K, 54% used [0x00000000c0000000,0x00000000c24c8210,0x00000000c4300000)
 Metaspace       used 69866K, committed 70976K, reserved 1114112K
  class space    used 8588K, committed 9088K, reserved 1048576K
}
Event: 23.639 GC heap after
{Heap after GC invocations=33 (full 3):
 PSYoungGen      total 22528K, used 494K [0x00000000eab00000, 0x00000000ec800000, 0x0000000100000000)
  eden space 22016K, 0% used [0x00000000eab00000,0x00000000eab00000,0x00000000ec080000)
  from space 512K, 96% used [0x00000000ec780000,0x00000000ec7fbaa0,0x00000000ec800000)
  to   space 1024K, 0% used [0x00000000ec600000,0x00000000ec600000,0x00000000ec700000)
 ParOldGen       total 68608K, used 37969K [0x00000000c0000000, 0x00000000c4300000, 0x00000000eab00000)
  object space 68608K, 55% used [0x00000000c0000000,0x00000000c25146d0,0x00000000c4300000)
 Metaspace       used 69866K, committed 70976K, reserved 1114112K
  class space    used 8588K, committed 9088K, reserved 1048576K
}
Event: 23.753 GC heap before
{Heap before GC invocations=34 (full 3):
 PSYoungGen      total 22528K, used 22510K [0x00000000eab00000, 0x00000000ec800000, 0x0000000100000000)
  eden space 22016K, 100% used [0x00000000eab00000,0x00000000ec080000,0x00000000ec080000)
  from space 512K, 96% used [0x00000000ec780000,0x00000000ec7fbaa0,0x00000000ec800000)
  to   space 1024K, 0% used [0x00000000ec600000,0x00000000ec600000,0x00000000ec700000)
 ParOldGen       total 68608K, used 37969K [0x00000000c0000000, 0x00000000c4300000, 0x00000000eab00000)
  object space 68608K, 55% used [0x00000000c0000000,0x00000000c25146d0,0x00000000c4300000)
 Metaspace       used 69866K, committed 70976K, reserved 1114112K
  class space    used 8588K, committed 9088K, reserved 1048576K
}
Event: 23.753 GC heap after
{Heap after GC invocations=34 (full 3):
 PSYoungGen      total 23040K, used 256K [0x00000000eab00000, 0x00000000ec800000, 0x0000000100000000)
  eden space 22016K, 0% used [0x00000000eab00000,0x00000000eab00000,0x00000000ec080000)
  from space 1024K, 25% used [0x00000000ec600000,0x00000000ec640000,0x00000000ec700000)
  to   space 512K, 0% used [0x00000000ec780000,0x00000000ec780000,0x00000000ec800000)
 ParOldGen       total 68608K, used 37977K [0x00000000c0000000, 0x00000000c4300000, 0x00000000eab00000)
  object space 68608K, 55% used [0x00000000c0000000,0x00000000c25166d0,0x00000000c4300000)
 Metaspace       used 69866K, committed 70976K, reserved 1114112K
  class space    used 8588K, committed 9088K, reserved 1048576K
}
Event: 23.864 GC heap before
{Heap before GC invocations=35 (full 3):
 PSYoungGen      total 23040K, used 22272K [0x00000000eab00000, 0x00000000ec800000, 0x0000000100000000)
  eden space 22016K, 100% used [0x00000000eab00000,0x00000000ec080000,0x00000000ec080000)
  from space 1024K, 25% used [0x00000000ec600000,0x00000000ec640000,0x00000000ec700000)
  to   space 512K, 0% used [0x00000000ec780000,0x00000000ec780000,0x00000000ec800000)
 ParOldGen       total 68608K, used 37977K [0x00000000c0000000, 0x00000000c4300000, 0x00000000eab00000)
  object space 68608K, 55% used [0x00000000c0000000,0x00000000c25166d0,0x00000000c4300000)
 Metaspace       used 69866K, committed 70976K, reserved 1114112K
  class space    used 8588K, committed 9088K, reserved 1048576K
}
Event: 23.865 GC heap after
{Heap after GC invocations=35 (full 3):
 PSYoungGen      total 22528K, used 357K [0x00000000eab00000, 0x00000000ec800000, 0x0000000100000000)
  eden space 22016K, 0% used [0x00000000eab00000,0x00000000eab00000,0x00000000ec080000)
  from space 512K, 69% used [0x00000000ec780000,0x00000000ec7d94e8,0x00000000ec800000)
  to   space 512K, 0% used [0x00000000ec700000,0x00000000ec700000,0x00000000ec780000)
 ParOldGen       total 68608K, used 38033K [0x00000000c0000000, 0x00000000c4300000, 0x00000000eab00000)
  object space 68608K, 55% used [0x00000000c0000000,0x00000000c25246d0,0x00000000c4300000)
 Metaspace       used 69866K, committed 70976K, reserved 1114112K
  class space    used 8588K, committed 9088K, reserved 1048576K
}
Event: 23.947 GC heap before
{Heap before GC invocations=36 (full 3):
 PSYoungGen      total 22528K, used 22373K [0x00000000eab00000, 0x00000000ec800000, 0x0000000100000000)
  eden space 22016K, 100% used [0x00000000eab00000,0x00000000ec080000,0x00000000ec080000)
  from space 512K, 69% used [0x00000000ec780000,0x00000000ec7d94e8,0x00000000ec800000)
  to   space 512K, 0% used [0x00000000ec700000,0x00000000ec700000,0x00000000ec780000)
 ParOldGen       total 68608K, used 38033K [0x00000000c0000000, 0x00000000c4300000, 0x00000000eab00000)
  object space 68608K, 55% used [0x00000000c0000000,0x00000000c25246d0,0x00000000c4300000)
 Metaspace       used 69866K, committed 70976K, reserved 1114112K
  class space    used 8588K, committed 9088K, reserved 1048576K
}
Event: 23.948 GC heap after
{Heap after GC invocations=36 (full 3):
 PSYoungGen      total 22528K, used 352K [0x00000000eab00000, 0x00000000ec800000, 0x0000000100000000)
  eden space 22016K, 0% used [0x00000000eab00000,0x00000000eab00000,0x00000000ec080000)
  from space 512K, 68% used [0x00000000ec700000,0x00000000ec758000,0x00000000ec780000)
  to   space 512K, 0% used [0x00000000ec780000,0x00000000ec780000,0x00000000ec800000)
 ParOldGen       total 68608K, used 38141K [0x00000000c0000000, 0x00000000c4300000, 0x00000000eab00000)
  object space 68608K, 55% used [0x00000000c0000000,0x00000000c253f7a0,0x00000000c4300000)
 Metaspace       used 69866K, committed 70976K, reserved 1114112K
  class space    used 8588K, committed 9088K, reserved 1048576K
}
Event: 24.033 GC heap before
{Heap before GC invocations=37 (full 3):
 PSYoungGen      total 22528K, used 22368K [0x00000000eab00000, 0x00000000ec800000, 0x0000000100000000)
  eden space 22016K, 100% used [0x00000000eab00000,0x00000000ec080000,0x00000000ec080000)
  from space 512K, 68% used [0x00000000ec700000,0x00000000ec758000,0x00000000ec780000)
  to   space 512K, 0% used [0x00000000ec780000,0x00000000ec780000,0x00000000ec800000)
 ParOldGen       total 68608K, used 38141K [0x00000000c0000000, 0x00000000c4300000, 0x00000000eab00000)
  object space 68608K, 55% used [0x00000000c0000000,0x00000000c253f7a0,0x00000000c4300000)
 Metaspace       used 69953K, committed 71040K, reserved 1114112K
  class space    used 8595K, committed 9088K, reserved 1048576K
}
Event: 24.034 GC heap after
{Heap after GC invocations=37 (full 3):
 PSYoungGen      total 22528K, used 511K [0x00000000eab00000, 0x00000000ec800000, 0x0000000100000000)
  eden space 22016K, 0% used [0x00000000eab00000,0x00000000eab00000,0x00000000ec080000)
  from space 512K, 99% used [0x00000000ec780000,0x00000000ec7ffdf0,0x00000000ec800000)
  to   space 2048K, 0% used [0x00000000ec400000,0x00000000ec400000,0x00000000ec600000)
 ParOldGen       total 68608K, used 39367K [0x00000000c0000000, 0x00000000c4300000, 0x00000000eab00000)
  object space 68608K, 57% used [0x00000000c0000000,0x00000000c2671e98,0x00000000c4300000)
 Metaspace       used 69953K, committed 71040K, reserved 1114112K
  class space    used 8595K, committed 9088K, reserved 1048576K
}
Event: 24.113 GC heap before
{Heap before GC invocations=38 (full 3):
 PSYoungGen      total 22528K, used 22527K [0x00000000eab00000, 0x00000000ec800000, 0x0000000100000000)
  eden space 22016K, 100% used [0x00000000eab00000,0x00000000ec080000,0x00000000ec080000)
  from space 512K, 99% used [0x00000000ec780000,0x00000000ec7ffdf0,0x00000000ec800000)
  to   space 2048K, 0% used [0x00000000ec400000,0x00000000ec400000,0x00000000ec600000)
 ParOldGen       total 68608K, used 39367K [0x00000000c0000000, 0x00000000c4300000, 0x00000000eab00000)
  object space 68608K, 57% used [0x00000000c0000000,0x00000000c2671e98,0x00000000c4300000)
 Metaspace       used 69953K, committed 71040K, reserved 1114112K
  class space    used 8595K, committed 9088K, reserved 1048576K
}
Event: 24.114 GC heap after
{Heap after GC invocations=38 (full 3):
 PSYoungGen      total 24064K, used 1129K [0x00000000eab00000, 0x00000000ec800000, 0x0000000100000000)
  eden space 22016K, 0% used [0x00000000eab00000,0x00000000eab00000,0x00000000ec080000)
  from space 2048K, 55% used [0x00000000ec400000,0x00000000ec51a6b8,0x00000000ec600000)
  to   space 1536K, 0% used [0x00000000ec680000,0x00000000ec680000,0x00000000ec800000)
 ParOldGen       total 68608K, used 39439K [0x00000000c0000000, 0x00000000c4300000, 0x00000000eab00000)
  object space 68608K, 57% used [0x00000000c0000000,0x00000000c2683e98,0x00000000c4300000)
 Metaspace       used 69953K, committed 71040K, reserved 1114112K
  class space    used 8595K, committed 9088K, reserved 1048576K
}
Event: 24.184 GC heap before
{Heap before GC invocations=39 (full 3):
 PSYoungGen      total 24064K, used 23145K [0x00000000eab00000, 0x00000000ec800000, 0x0000000100000000)
  eden space 22016K, 100% used [0x00000000eab00000,0x00000000ec080000,0x00000000ec080000)
  from space 2048K, 55% used [0x00000000ec400000,0x00000000ec51a6b8,0x00000000ec600000)
  to   space 1536K, 0% used [0x00000000ec680000,0x00000000ec680000,0x00000000ec800000)
 ParOldGen       total 68608K, used 39439K [0x00000000c0000000, 0x00000000c4300000, 0x00000000eab00000)
  object space 68608K, 57% used [0x00000000c0000000,0x00000000c2683e98,0x00000000c4300000)
 Metaspace       used 69953K, committed 71040K, reserved 1114112K
  class space    used 8595K, committed 9088K, reserved 1048576K
}
Event: 24.185 GC heap after
{Heap after GC invocations=39 (full 3):
 PSYoungGen      total 23552K, used 1265K [0x00000000eab00000, 0x00000000ec800000, 0x0000000100000000)
  eden space 22016K, 0% used [0x00000000eab00000,0x00000000eab00000,0x00000000ec080000)
  from space 1536K, 82% used [0x00000000ec680000,0x00000000ec7bc558,0x00000000ec800000)
  to   space 1536K, 0% used [0x00000000ec500000,0x00000000ec500000,0x00000000ec680000)
 ParOldGen       total 68608K, used 39495K [0x00000000c0000000, 0x00000000c4300000, 0x00000000eab00000)
  object space 68608K, 57% used [0x00000000c0000000,0x00000000c2691e98,0x00000000c4300000)
 Metaspace       used 69953K, committed 71040K, reserved 1114112K
  class space    used 8595K, committed 9088K, reserved 1048576K
}
Event: 31.147 GC heap before
{Heap before GC invocations=40 (full 3):
 PSYoungGen      total 23552K, used 23281K [0x00000000eab00000, 0x00000000ec800000, 0x0000000100000000)
  eden space 22016K, 100% used [0x00000000eab00000,0x00000000ec080000,0x00000000ec080000)
  from space 1536K, 82% used [0x00000000ec680000,0x00000000ec7bc558,0x00000000ec800000)
  to   space 1536K, 0% used [0x00000000ec500000,0x00000000ec500000,0x00000000ec680000)
 ParOldGen       total 68608K, used 39495K [0x00000000c0000000, 0x00000000c4300000, 0x00000000eab00000)
  object space 68608K, 57% used [0x00000000c0000000,0x00000000c2691e98,0x00000000c4300000)
 Metaspace       used 71265K, committed 72320K, reserved 1114112K
  class space    used 8780K, committed 9216K, reserved 1048576K
}
Event: 31.155 GC heap after
{Heap after GC invocations=40 (full 3):
 PSYoungGen      total 23040K, used 704K [0x00000000eab00000, 0x00000000ec700000, 0x0000000100000000)
  eden space 22016K, 0% used [0x00000000eab00000,0x00000000eab00000,0x00000000ec080000)
  from space 1024K, 68% used [0x00000000ec500000,0x00000000ec5b0000,0x00000000ec600000)
  to   space 1024K, 0% used [0x00000000ec600000,0x00000000ec600000,0x00000000ec700000)
 ParOldGen       total 68608K, used 39519K [0x00000000c0000000, 0x00000000c4300000, 0x00000000eab00000)
  object space 68608K, 57% used [0x00000000c0000000,0x00000000c2697e98,0x00000000c4300000)
 Metaspace       used 71265K, committed 72320K, reserved 1114112K
  class space    used 8780K, committed 9216K, reserved 1048576K
}

Dll operation events (15 events):
Event: 0.008 Loaded shared library c:\Users\User\.vscode\extensions\redhat.java-1.34.0-win32-x64\jre\17.0.12-win32-x86_64\bin\java.dll
Event: 0.116 Loaded shared library c:\Users\User\.vscode\extensions\redhat.java-1.34.0-win32-x64\jre\17.0.12-win32-x86_64\bin\zip.dll
Event: 0.118 Loaded shared library C:\Users\User\.vscode\extensions\redhat.java-1.34.0-win32-x64\jre\17.0.12-win32-x86_64\bin\instrument.dll
Event: 0.128 Loaded shared library C:\Users\User\.vscode\extensions\redhat.java-1.34.0-win32-x64\jre\17.0.12-win32-x86_64\bin\net.dll
Event: 0.129 Loaded shared library C:\Users\User\.vscode\extensions\redhat.java-1.34.0-win32-x64\jre\17.0.12-win32-x86_64\bin\nio.dll
Event: 0.136 Loaded shared library C:\Users\User\.vscode\extensions\redhat.java-1.34.0-win32-x64\jre\17.0.12-win32-x86_64\bin\zip.dll
Event: 0.149 Loaded shared library C:\Users\User\.vscode\extensions\redhat.java-1.34.0-win32-x64\jre\17.0.12-win32-x86_64\bin\jimage.dll
Event: 0.182 Loaded shared library c:\Users\User\.vscode\extensions\redhat.java-1.34.0-win32-x64\jre\17.0.12-win32-x86_64\bin\verify.dll
Event: 1.160 Loaded shared library C:\Users\User\AppData\Roaming\Code\User\globalStorage\redhat.java\1.34.0\config_win\org.eclipse.equinox.launcher\org.eclipse.equinox.launcher.win32.win32.x86_64_1.2.1100.v20240722-2106\eclipse_11904.dll
Event: 2.243 Loaded shared library C:\Users\User\.vscode\extensions\redhat.java-1.34.0-win32-x64\jre\17.0.12-win32-x86_64\bin\management.dll
Event: 2.245 Loaded shared library C:\Users\User\.vscode\extensions\redhat.java-1.34.0-win32-x64\jre\17.0.12-win32-x86_64\bin\management_ext.dll
Event: 3.093 Loaded shared library C:\Users\User\AppData\Local\Temp\jna-2645995\jna18326141890959023766.dll
Event: 4.689 Loaded shared library C:\Users\User\.vscode\extensions\redhat.java-1.34.0-win32-x64\jre\17.0.12-win32-x86_64\bin\sunmscapi.dll
Event: 4.738 Loaded shared library C:\Users\User\.vscode\extensions\redhat.java-1.34.0-win32-x64\jre\17.0.12-win32-x86_64\bin\extnet.dll
Event: 14.758 Loaded shared library C:\Users\User\.gradle\native\68d5fa5c4cc2d200863cafc0d521ce42e7d3e7ee720ec0a83991735586a16f82\windows-amd64\native-platform.dll

Deoptimization events (20 events):
Event: 31.229 Thread 0x000001bdfac41430 DEOPT PACKING pc=0x000001bd80c3c17a sp=0x00000034684fee60
Event: 31.229 Thread 0x000001bdfac41430 DEOPT UNPACKING pc=0x000001bd87586e43 sp=0x00000034684fe3a8 mode 0
Event: 31.230 Thread 0x000001bdfac41430 DEOPT PACKING pc=0x000001bd80c3c17a sp=0x00000034684fee60
Event: 31.230 Thread 0x000001bdfac41430 DEOPT UNPACKING pc=0x000001bd87586e43 sp=0x00000034684fe3a8 mode 0
Event: 31.231 Thread 0x000001bdfac41430 DEOPT PACKING pc=0x000001bd80c3c17a sp=0x00000034684fee60
Event: 31.231 Thread 0x000001bdfac41430 DEOPT UNPACKING pc=0x000001bd87586e43 sp=0x00000034684fe3a8 mode 0
Event: 31.234 Thread 0x000001bdfac41430 DEOPT PACKING pc=0x000001bd80c3c17a sp=0x00000034684fee60
Event: 31.234 Thread 0x000001bdfac41430 DEOPT UNPACKING pc=0x000001bd87586e43 sp=0x00000034684fe3a8 mode 0
Event: 31.234 Thread 0x000001bdfac41430 DEOPT PACKING pc=0x000001bd80c3c17a sp=0x00000034684fee60
Event: 31.234 Thread 0x000001bdfac41430 DEOPT UNPACKING pc=0x000001bd87586e43 sp=0x00000034684fe3a8 mode 0
Event: 31.236 Thread 0x000001bdfac41430 DEOPT PACKING pc=0x000001bd80c3c17a sp=0x00000034684fee60
Event: 31.236 Thread 0x000001bdfac41430 DEOPT UNPACKING pc=0x000001bd87586e43 sp=0x00000034684fe3a8 mode 0
Event: 31.236 Thread 0x000001bdfac41430 Uncommon trap: trap_request=0xffffff45 fr.pc=0x000001bd87b56614 relative=0x0000000000000254
Event: 31.236 Thread 0x000001bdfac41430 Uncommon trap: reason=unstable_if action=reinterpret pc=0x000001bd87b56614 method=java.util.HashMap.getNode(Ljava/lang/Object;)Ljava/util/HashMap$Node; @ 66 c2
Event: 31.236 Thread 0x000001bdfac41430 DEOPT PACKING pc=0x000001bd87b56614 sp=0x00000034684fef90
Event: 31.237 Thread 0x000001bdfac41430 DEOPT UNPACKING pc=0x000001bd875866a3 sp=0x00000034684feeb0 mode 2
Event: 31.237 Thread 0x000001bdfac41430 Uncommon trap: trap_request=0xffffff45 fr.pc=0x000001bd87b54518 relative=0x0000000000000258
Event: 31.237 Thread 0x000001bdfac41430 Uncommon trap: reason=unstable_if action=reinterpret pc=0x000001bd87b54518 method=java.util.HashMap.getNode(Ljava/lang/Object;)Ljava/util/HashMap$Node; @ 66 c2
Event: 31.237 Thread 0x000001bdfac41430 DEOPT PACKING pc=0x000001bd87b54518 sp=0x00000034684feeb0
Event: 31.237 Thread 0x000001bdfac41430 DEOPT UNPACKING pc=0x000001bd875866a3 sp=0x00000034684fee40 mode 2

Classes loaded (20 events):
Event: 30.616 Loading class java/nio/channels/SelectionKey
Event: 30.616 Loading class java/nio/channels/SelectionKey done
Event: 30.616 Loading class java/nio/channels/spi/AbstractSelectionKey done
Event: 30.616 Loading class sun/nio/ch/SelectionKeyImpl done
Event: 30.617 Loading class java/lang/invoke/ConstantBootstraps
Event: 30.617 Loading class java/lang/invoke/ConstantBootstraps done
Event: 30.664 Loading class java/io/ObjectStreamClass$1
Event: 30.665 Loading class java/io/ObjectStreamClass$1 done
Event: 30.665 Loading class java/io/ObjectStreamClass$MemberSignature
Event: 30.665 Loading class java/io/ObjectStreamClass$MemberSignature done
Event: 30.665 Loading class java/io/ObjectStreamClass$3
Event: 30.666 Loading class java/io/ObjectStreamClass$3 done
Event: 30.667 Loading class java/io/ObjectStreamClass$4
Event: 30.667 Loading class java/io/ObjectStreamClass$4 done
Event: 30.667 Loading class java/io/ObjectStreamClass$5
Event: 30.667 Loading class java/io/ObjectStreamClass$5 done
Event: 30.694 Loading class java/net/UrlDeserializedState
Event: 30.696 Loading class java/net/UrlDeserializedState done
Event: 30.720 Loading class java/nio/channels/spi/AbstractSelector$1
Event: 30.721 Loading class java/nio/channels/spi/AbstractSelector$1 done

Classes unloaded (7 events):
Event: 3.107 Thread 0x000001bdf3aa29b0 Unloading class 0x0000000100252400 'java/lang/invoke/LambdaForm$MH+0x0000000100252400'
Event: 3.107 Thread 0x000001bdf3aa29b0 Unloading class 0x0000000100252000 'java/lang/invoke/LambdaForm$MH+0x0000000100252000'
Event: 3.107 Thread 0x000001bdf3aa29b0 Unloading class 0x0000000100251c00 'java/lang/invoke/LambdaForm$MH+0x0000000100251c00'
Event: 3.107 Thread 0x000001bdf3aa29b0 Unloading class 0x0000000100251800 'java/lang/invoke/LambdaForm$MH+0x0000000100251800'
Event: 3.107 Thread 0x000001bdf3aa29b0 Unloading class 0x0000000100251400 'java/lang/invoke/LambdaForm$BMH+0x0000000100251400'
Event: 3.107 Thread 0x000001bdf3aa29b0 Unloading class 0x0000000100251000 'java/lang/invoke/LambdaForm$DMH+0x0000000100251000'
Event: 3.107 Thread 0x000001bdf3aa29b0 Unloading class 0x0000000100248400 'java/lang/invoke/LambdaForm$DMH+0x0000000100248400'

Classes redefined (0 events):
No events

Internal exceptions (20 events):
Event: 14.722 Thread 0x000001bdfbe70050 Exception <a 'java/lang/NoSuchMethodError'{0x00000000eb3d9430}: 'java.lang.Object java.lang.invoke.DirectMethodHandle$Holder.invokeVirtual(java.lang.Object, java.lang.Object, java.lang.Object, java.lang.Object, java.lang.Object, java.lang.Object, java.lang.Object)'> (0x00000000eb3d9430) 
thrown [s\src\hotspot\share\interpreter\linkResolver.cpp, line 759]
Event: 14.722 Thread 0x000001bdfbe70050 Exception <a 'java/lang/NoSuchMethodError'{0x00000000eb3f3c28}: 'java.lang.Object java.lang.invoke.Invokers$Holder.invoker(java.lang.Object, java.lang.Object, java.lang.Object)'> (0x00000000eb3f3c28) 
thrown [s\src\hotspot\share\interpreter\linkResolver.cpp, line 759]
Event: 22.054 Thread 0x000001bdfbe70050 Exception <a 'java/lang/NoClassDefFoundError'{0x00000000eb09e0a8}: org/slf4j/impl/StaticMarkerBinder> (0x00000000eb09e0a8) 
thrown [s\src\hotspot\share\classfile\systemDictionary.cpp, line 245]
Event: 22.175 Thread 0x000001bdfbe70050 Implicit null exception at 0x000001bd87dee3ef to 0x000001bd87dee930
Event: 22.274 Thread 0x000001bdfbe774c0 Exception <a 'java/lang/NoSuchMethodError'{0x00000000eb1668f0}: 'void java.lang.invoke.DirectMethodHandle$Holder.invokeStatic(java.lang.Object, long)'> (0x00000000eb1668f0) 
thrown [s\src\hotspot\share\interpreter\linkResolver.cpp, line 759]
Event: 22.274 Thread 0x000001bdfbe774c0 Exception <a 'java/lang/NoSuchMethodError'{0x00000000eb16bc98}: 'java.lang.Object java.lang.invoke.DirectMethodHandle$Holder.newInvokeSpecial(java.lang.Object, long)'> (0x00000000eb16bc98) 
thrown [s\src\hotspot\share\interpreter\linkResolver.cpp, line 759]
Event: 22.525 Thread 0x000001bdfbe76fb0 Exception <a 'sun/nio/fs/WindowsException'{0x00000000eb5e7e90}> (0x00000000eb5e7e90) 
thrown [s\src\hotspot\share\prims\jni.cpp, line 516]
Event: 22.543 Thread 0x000001bdfbe76fb0 Exception <a 'sun/nio/fs/WindowsException'{0x00000000eb6c9f90}> (0x00000000eb6c9f90) 
thrown [s\src\hotspot\share\prims\jni.cpp, line 516]
Event: 22.546 Thread 0x000001bdfbe76fb0 Exception <a 'sun/nio/fs/WindowsException'{0x00000000eb708718}> (0x00000000eb708718) 
thrown [s\src\hotspot\share\prims\jni.cpp, line 516]
Event: 22.548 Thread 0x000001bdfbe76fb0 Exception <a 'sun/nio/fs/WindowsException'{0x00000000eb70e748}> (0x00000000eb70e748) 
thrown [s\src\hotspot\share\prims\jni.cpp, line 516]
Event: 22.778 Thread 0x000001bdfbe76fb0 Exception <a 'sun/nio/fs/WindowsException'{0x00000000eabe4598}> (0x00000000eabe4598) 
thrown [s\src\hotspot\share\prims\jni.cpp, line 516]
Event: 22.783 Thread 0x000001bdfbe76fb0 Exception <a 'java/io/FileNotFoundException'{0x00000000eac72490}> (0x00000000eac72490) 
thrown [s\src\hotspot\share\prims\jni.cpp, line 516]
Event: 22.784 Thread 0x000001bdfbe76fb0 Exception <a 'java/io/FileNotFoundException'{0x00000000eac73728}> (0x00000000eac73728) 
thrown [s\src\hotspot\share\prims\jni.cpp, line 516]
Event: 22.784 Thread 0x000001bdfbe76fb0 Exception <a 'java/io/FileNotFoundException'{0x00000000eac74720}> (0x00000000eac74720) 
thrown [s\src\hotspot\share\prims\jni.cpp, line 516]
Event: 22.816 Thread 0x000001bdfbe76fb0 Exception <a 'sun/nio/fs/WindowsException'{0x00000000ead8bd20}> (0x00000000ead8bd20) 
thrown [s\src\hotspot\share\prims\jni.cpp, line 516]
Event: 30.666 Thread 0x000001bdfef03780 Exception <a 'java/lang/NoSuchMethodError'{0x00000000ebf25d38}: static Lorg/gradle/tooling/internal/provider/serialization/ClassLoaderDetails;.<clinit>()V> (0x00000000ebf25d38) 
thrown [s\src\hotspot\share\prims\jni.cpp, line 1112]
Event: 30.672 Thread 0x000001bdfef03780 Exception <a 'java/lang/NoSuchMethodError'{0x00000000ebf49880}: static Lorg/gradle/tooling/internal/provider/serialization/WellKnownClassLoaderRegistry$KnownClassLoaderSpec;.<clinit>()V> (0x00000000ebf49880) 
thrown [s\src\hotspot\share\prims\jni.cpp, line 1112]
Event: 30.677 Thread 0x000001bdfef03780 Exception <a 'java/lang/NoSuchMethodError'{0x00000000ebf4aef8}: static Lorg/gradle/internal/classloader/ClassLoaderSpec;.<clinit>()V> (0x00000000ebf4aef8) 
thrown [s\src\hotspot\share\prims\jni.cpp, line 1112]
Event: 30.691 Thread 0x000001bdfef03780 Exception <a 'java/lang/NoSuchMethodError'{0x00000000ebf67768}: static Lorg/gradle/tooling/internal/provider/serialization/ClientOwnedClassLoaderSpec;.<clinit>()V> (0x00000000ebf67768) 
thrown [s\src\hotspot\share\prims\jni.cpp, line 1112]
Event: 31.179 Thread 0x000001bdfac41430 Implicit null exception at 0x000001bd87d7ba64 to 0x000001bd87d7bd80

VM Operations (20 events):
Event: 23.864 Executing VM operation: ParallelGCFailedAllocation
Event: 23.865 Executing VM operation: ParallelGCFailedAllocation done
Event: 23.947 Executing VM operation: ParallelGCFailedAllocation
Event: 23.948 Executing VM operation: ParallelGCFailedAllocation done
Event: 23.973 Executing VM operation: HandshakeAllThreads
Event: 23.973 Executing VM operation: HandshakeAllThreads done
Event: 24.033 Executing VM operation: ParallelGCFailedAllocation
Event: 24.034 Executing VM operation: ParallelGCFailedAllocation done
Event: 24.113 Executing VM operation: ParallelGCFailedAllocation
Event: 24.114 Executing VM operation: ParallelGCFailedAllocation done
Event: 24.184 Executing VM operation: ParallelGCFailedAllocation
Event: 24.185 Executing VM operation: ParallelGCFailedAllocation done
Event: 26.185 Executing VM operation: Cleanup
Event: 26.185 Executing VM operation: Cleanup done
Event: 28.186 Executing VM operation: Cleanup
Event: 28.186 Executing VM operation: Cleanup done
Event: 30.187 Executing VM operation: Cleanup
Event: 30.188 Executing VM operation: Cleanup done
Event: 31.147 Executing VM operation: ParallelGCFailedAllocation
Event: 31.159 Executing VM operation: ParallelGCFailedAllocation done

Events (20 events):
Event: 22.496 Thread 0x000001bdfa91bf20 Thread exited: 0x000001bdfa91bf20
Event: 22.499 Thread 0x000001bdfa91bf20 Thread added: 0x000001bdfa91bf20
Event: 22.784 Thread 0x000001bdf8c74f70 flushing nmethod 0x000001bd87ca7a10
Event: 22.787 Thread 0x000001bdf8c74f70 flushing nmethod 0x000001bd80455910
Event: 22.824 Thread 0x000001bdfef03270 Thread added: 0x000001bdfef03270
Event: 22.827 Thread 0x000001bdfef03c90 Thread added: 0x000001bdfef03c90
Event: 22.839 Thread 0x000001bdfef03c90 Thread exited: 0x000001bdfef03c90
Event: 22.840 Thread 0x000001bdfef03c90 Thread added: 0x000001bdfef03c90
Event: 22.843 Thread 0x000001bdfef03780 Thread added: 0x000001bdfef03780
Event: 23.947 Thread 0x000001bdfa7eb240 Thread added: 0x000001bdfa7eb240
Event: 24.248 Thread 0x000001bdfef01920 Thread added: 0x000001bdfef01920
Event: 24.448 Thread 0x000001bdfa7ea250 Thread exited: 0x000001bdfa7ea250
Event: 24.448 Thread 0x000001bdfa7eb240 Thread exited: 0x000001bdfa7eb240
Event: 24.632 Thread 0x000001bdfef01410 Thread added: 0x000001bdfef01410
Event: 24.641 Thread 0x000001bdfef02340 Thread added: 0x000001bdfef02340
Event: 24.642 Thread 0x000001bdfef041a0 Thread added: 0x000001bdfef041a0
Event: 24.643 Thread 0x000001bdfef02340 Thread exited: 0x000001bdfef02340
Event: 30.174 Thread 0x000001bdfef01410 Thread exited: 0x000001bdfef01410
Event: 30.175 Thread 0x000001bdfef041a0 Thread exited: 0x000001bdfef041a0
Event: 31.237 Thread 0x000001bdfa7eb240 Thread added: 0x000001bdfa7eb240


Dynamic libraries:
0x00007ff646c30000 - 0x00007ff646c3e000 	c:\Users\User\.vscode\extensions\redhat.java-1.34.0-win32-x64\jre\17.0.12-win32-x86_64\bin\java.exe
0x00007ffc82ff0000 - 0x00007ffc83207000 	C:\windows\SYSTEM32\ntdll.dll
0x00007ffc82430000 - 0x00007ffc824f4000 	C:\windows\System32\KERNEL32.DLL
0x00007ffc80670000 - 0x00007ffc80a1d000 	C:\windows\System32\KERNELBASE.dll
0x00007ffc80460000 - 0x00007ffc80571000 	C:\windows\System32\ucrtbase.dll
0x00007ffc79e10000 - 0x00007ffc79e2b000 	c:\Users\User\.vscode\extensions\redhat.java-1.34.0-win32-x64\jre\17.0.12-win32-x86_64\bin\VCRUNTIME140.dll
0x00007ffc7b860000 - 0x00007ffc7b877000 	c:\Users\User\.vscode\extensions\redhat.java-1.34.0-win32-x64\jre\17.0.12-win32-x86_64\bin\jli.dll
0x00007ffc81e00000 - 0x00007ffc81fae000 	C:\windows\System32\USER32.dll
0x00007ffc80640000 - 0x00007ffc80666000 	C:\windows\System32\win32u.dll
0x00007ffc5d910000 - 0x00007ffc5dba3000 	C:\windows\WinSxS\amd64_microsoft.windows.common-controls_6595b64144ccf1df_6.0.22621.3672_none_2713b9d173822955\COMCTL32.dll
0x00007ffc82670000 - 0x00007ffc82699000 	C:\windows\System32\GDI32.dll
0x00007ffc80f00000 - 0x00007ffc80fa7000 	C:\windows\System32\msvcrt.dll
0x00007ffc80340000 - 0x00007ffc80459000 	C:\windows\System32\gdi32full.dll
0x00007ffc80c10000 - 0x00007ffc80caa000 	C:\windows\System32\msvcp_win.dll
0x00007ffc828d0000 - 0x00007ffc82901000 	C:\windows\System32\IMM32.DLL
0x00007ffc7bca0000 - 0x00007ffc7bcac000 	c:\Users\User\.vscode\extensions\redhat.java-1.34.0-win32-x64\jre\17.0.12-win32-x86_64\bin\vcruntime140_1.dll
0x00007ffc5a150000 - 0x00007ffc5a1dd000 	c:\Users\User\.vscode\extensions\redhat.java-1.34.0-win32-x64\jre\17.0.12-win32-x86_64\bin\msvcp140.dll
0x00007ffbdb200000 - 0x00007ffbdbe6a000 	c:\Users\User\.vscode\extensions\redhat.java-1.34.0-win32-x64\jre\17.0.12-win32-x86_64\bin\server\jvm.dll
0x00007ffc82710000 - 0x00007ffc827c2000 	C:\windows\System32\ADVAPI32.dll
0x00007ffc825c0000 - 0x00007ffc82669000 	C:\windows\System32\sechost.dll
0x00007ffc80310000 - 0x00007ffc80338000 	C:\windows\System32\bcrypt.dll
0x00007ffc82e90000 - 0x00007ffc82fa4000 	C:\windows\System32\RPCRT4.dll
0x00007ffc820a0000 - 0x00007ffc82111000 	C:\windows\System32\WS2_32.dll
0x00007ffc7fa10000 - 0x00007ffc7fa5d000 	C:\windows\SYSTEM32\POWRPROF.dll
0x00007ffc78e10000 - 0x00007ffc78e44000 	C:\windows\SYSTEM32\WINMM.dll
0x00007ffc77860000 - 0x00007ffc7786a000 	C:\windows\SYSTEM32\VERSION.dll
0x00007ffc7f890000 - 0x00007ffc7f8a3000 	C:\windows\SYSTEM32\UMPDC.dll
0x00007ffc7f300000 - 0x00007ffc7f318000 	C:\windows\SYSTEM32\kernel.appcore.dll
0x00007ffc7a7c0000 - 0x00007ffc7a7ca000 	c:\Users\User\.vscode\extensions\redhat.java-1.34.0-win32-x64\jre\17.0.12-win32-x86_64\bin\jimage.dll
0x00007ffc7dc00000 - 0x00007ffc7de32000 	C:\windows\SYSTEM32\DBGHELP.DLL
0x00007ffc82a60000 - 0x00007ffc82ded000 	C:\windows\System32\combase.dll
0x00007ffc81fb0000 - 0x00007ffc82087000 	C:\windows\System32\OLEAUT32.dll
0x00007ffc766f0000 - 0x00007ffc76722000 	C:\windows\SYSTEM32\dbgcore.DLL
0x00007ffc80b90000 - 0x00007ffc80c0b000 	C:\windows\System32\bcryptPrimitives.dll
0x00007ffc79e40000 - 0x00007ffc79e4e000 	c:\Users\User\.vscode\extensions\redhat.java-1.34.0-win32-x64\jre\17.0.12-win32-x86_64\bin\instrument.dll
0x00007ffc79010000 - 0x00007ffc79035000 	c:\Users\User\.vscode\extensions\redhat.java-1.34.0-win32-x64\jre\17.0.12-win32-x86_64\bin\java.dll
0x00007ffc78f40000 - 0x00007ffc78f58000 	c:\Users\User\.vscode\extensions\redhat.java-1.34.0-win32-x64\jre\17.0.12-win32-x86_64\bin\zip.dll
0x00007ffc80fb0000 - 0x00007ffc81818000 	C:\windows\System32\SHELL32.dll
0x00007ffc7e210000 - 0x00007ffc7eb0e000 	C:\windows\SYSTEM32\windows.storage.dll
0x00007ffc7e0d0000 - 0x00007ffc7e20f000 	C:\windows\SYSTEM32\wintypes.dll
0x00007ffc81ca0000 - 0x00007ffc81d99000 	C:\windows\System32\SHCORE.dll
0x00007ffc82560000 - 0x00007ffc825be000 	C:\windows\System32\shlwapi.dll
0x00007ffc80240000 - 0x00007ffc80261000 	C:\windows\SYSTEM32\profapi.dll
0x00007ffc78e80000 - 0x00007ffc78e99000 	C:\Users\User\.vscode\extensions\redhat.java-1.34.0-win32-x64\jre\17.0.12-win32-x86_64\bin\net.dll
0x00007ffc7c110000 - 0x00007ffc7c246000 	C:\windows\SYSTEM32\WINHTTP.dll
0x00007ffc7f7e0000 - 0x00007ffc7f849000 	C:\windows\system32\mswsock.dll
0x00007ffc78cc0000 - 0x00007ffc78cd6000 	C:\Users\User\.vscode\extensions\redhat.java-1.34.0-win32-x64\jre\17.0.12-win32-x86_64\bin\nio.dll
0x00007ffc72c40000 - 0x00007ffc72c50000 	c:\Users\User\.vscode\extensions\redhat.java-1.34.0-win32-x64\jre\17.0.12-win32-x86_64\bin\verify.dll
0x00007ffc4ce30000 - 0x00007ffc4ce75000 	C:\Users\User\AppData\Roaming\Code\User\globalStorage\redhat.java\1.34.0\config_win\org.eclipse.equinox.launcher\org.eclipse.equinox.launcher.win32.win32.x86_64_1.2.1100.v20240722-2106\eclipse_11904.dll
0x00007ffc82280000 - 0x00007ffc82425000 	C:\windows\System32\ole32.dll
0x00007ffc72950000 - 0x00007ffc72959000 	C:\Users\User\.vscode\extensions\redhat.java-1.34.0-win32-x64\jre\17.0.12-win32-x86_64\bin\management.dll
0x00007ffc72910000 - 0x00007ffc7291b000 	C:\Users\User\.vscode\extensions\redhat.java-1.34.0-win32-x64\jre\17.0.12-win32-x86_64\bin\management_ext.dll
0x00007ffc82090000 - 0x00007ffc82098000 	C:\windows\System32\PSAPI.DLL
0x00007ffc7fa80000 - 0x00007ffc7fa9b000 	C:\windows\SYSTEM32\CRYPTSP.dll
0x00007ffc7f260000 - 0x00007ffc7f295000 	C:\windows\system32\rsaenh.dll
0x00007ffc7f8b0000 - 0x00007ffc7f8d8000 	C:\windows\SYSTEM32\USERENV.dll
0x00007ffc7faa0000 - 0x00007ffc7faac000 	C:\windows\SYSTEM32\CRYPTBASE.dll
0x00007ffc7ed70000 - 0x00007ffc7ed9d000 	C:\windows\SYSTEM32\IPHLPAPI.DLL
0x00007ffc82700000 - 0x00007ffc82709000 	C:\windows\System32\NSI.dll
0x00007ffc7b740000 - 0x00007ffc7b759000 	C:\windows\SYSTEM32\dhcpcsvc6.DLL
0x00007ffc7ac50000 - 0x00007ffc7ac6f000 	C:\windows\SYSTEM32\dhcpcsvc.DLL
0x00007ffc7ede0000 - 0x00007ffc7eed8000 	C:\windows\SYSTEM32\DNSAPI.dll
0x00007ffc4cd20000 - 0x00007ffc4cd65000 	C:\Users\User\AppData\Local\Temp\jna-2645995\jna18326141890959023766.dll
0x00007ffc72090000 - 0x00007ffc7209e000 	C:\Users\User\.vscode\extensions\redhat.java-1.34.0-win32-x64\jre\17.0.12-win32-x86_64\bin\sunmscapi.dll
0x00007ffc80a20000 - 0x00007ffc80b87000 	C:\windows\System32\CRYPT32.dll
0x00007ffc7fcc0000 - 0x00007ffc7fcee000 	C:\windows\SYSTEM32\ncrypt.dll
0x00007ffc7fc80000 - 0x00007ffc7fcb7000 	C:\windows\SYSTEM32\NTASN1.dll
0x0000000070b60000 - 0x0000000070b95000 	C:\Program Files\Bonjour\mdnsNSP.dll
0x00007ffc79ae0000 - 0x00007ffc79aea000 	C:\Windows\System32\rasadhlp.dll
0x00007ffc79b60000 - 0x00007ffc79be3000 	C:\windows\System32\fwpuclnt.dll
0x00007ffc692e0000 - 0x00007ffc692e9000 	C:\Users\User\.vscode\extensions\redhat.java-1.34.0-win32-x64\jre\17.0.12-win32-x86_64\bin\extnet.dll
0x00007ffc66330000 - 0x00007ffc66357000 	C:\Users\User\.gradle\native\68d5fa5c4cc2d200863cafc0d521ce42e7d3e7ee720ec0a83991735586a16f82\windows-amd64\native-platform.dll
0x00007ffc59e80000 - 0x00007ffc59e88000 	C:\windows\system32\wshunix.dll

dbghelp: loaded successfully - version: 4.0.5 - missing functions: none
symbol engine: initialized successfully - sym options: 0x614 - pdb path: .;c:\Users\User\.vscode\extensions\redhat.java-1.34.0-win32-x64\jre\17.0.12-win32-x86_64\bin;C:\windows\SYSTEM32;C:\windows\WinSxS\amd64_microsoft.windows.common-controls_6595b64144ccf1df_6.0.22621.3672_none_2713b9d173822955;c:\Users\User\.vscode\extensions\redhat.java-1.34.0-win32-x64\jre\17.0.12-win32-x86_64\bin\server;C:\Users\User\AppData\Roaming\Code\User\globalStorage\redhat.java\1.34.0\config_win\org.eclipse.equinox.launcher\org.eclipse.equinox.launcher.win32.win32.x86_64_1.2.1100.v20240722-2106;C:\Users\User\AppData\Local\Temp\jna-2645995;C:\Program Files\Bonjour;C:\Users\User\.gradle\native\68d5fa5c4cc2d200863cafc0d521ce42e7d3e7ee720ec0a83991735586a16f82\windows-amd64

VM Arguments:
jvm_args: --add-modules=ALL-SYSTEM --add-opens=java.base/java.util=ALL-UNNAMED --add-opens=java.base/java.lang=ALL-UNNAMED --add-opens=java.base/sun.nio.fs=ALL-UNNAMED -Declipse.application=org.eclipse.jdt.ls.core.id1 -Dosgi.bundles.defaultStartLevel=4 -Declipse.product=org.eclipse.jdt.ls.core.product -Djava.import.generatesMetadataFilesAtProjectRoot=false -DDetectVMInstallationsJob.disabled=true -Dfile.encoding=utf8 -XX:+UseParallelGC -XX:GCTimeRatio=4 -XX:AdaptiveSizePolicyWeight=90 -Dsun.zip.disableMemoryMapping=true -Xmx1G -Xms100m -Xlog:disable -javaagent:c:\Users\User\.vscode\extensions\redhat.java-1.34.0-win32-x64\lombok\lombok-1.18.33.jar -XX:+HeapDumpOnOutOfMemoryError -XX:HeapDumpPath=c:\Users\User\AppData\Roaming\Code\User\workspaceStorage\19421980adf0ab6480b5e8899908721f\redhat.java -Daether.dependencyCollector.impl=bf 
java_command: c:\Users\User\.vscode\extensions\redhat.java-1.34.0-win32-x64\server\plugins\org.eclipse.equinox.launcher_1.6.900.v20240613-2009.jar -configuration c:\Users\User\AppData\Roaming\Code\User\globalStorage\redhat.java\1.34.0\config_win -data c:\Users\User\AppData\Roaming\Code\User\workspaceStorage\19421980adf0ab6480b5e8899908721f\redhat.java\jdt_ws --pipe=\\.\pipe\lsp-8ecdece73337ead1b4774f29ab83c5e1-sock
java_class_path (initial): c:\Users\User\.vscode\extensions\redhat.java-1.34.0-win32-x64\server\plugins\org.eclipse.equinox.launcher_1.6.900.v20240613-2009.jar
Launcher Type: SUN_STANDARD

[Global flags]
    uintx AdaptiveSizePolicyWeight                 = 90                                        {product} {command line}
     intx CICompilerCount                          = 4                                         {product} {ergonomic}
    uintx GCTimeRatio                              = 4                                         {product} {command line}
     bool HeapDumpOnOutOfMemoryError               = true                                   {manageable} {command line}
    ccstr HeapDumpPath                             = c:\Users\User\AppData\Roaming\Code\User\workspaceStorage\19421980adf0ab6480b5e8899908721f\redhat.java         {manageable} {command line}
   size_t InitialHeapSize                          = 104857600                                 {product} {command line}
   size_t MaxHeapSize                              = 1073741824                                {product} {command line}
   size_t MaxNewSize                               = 357564416                                 {product} {ergonomic}
   size_t MinHeapDeltaBytes                        = 524288                                    {product} {ergonomic}
   size_t MinHeapSize                              = 104857600                                 {product} {command line}
   size_t NewSize                                  = 34603008                                  {product} {ergonomic}
    uintx NonNMethodCodeHeapSize                   = 5839372                                {pd product} {ergonomic}
    uintx NonProfiledCodeHeapSize                  = 122909434                              {pd product} {ergonomic}
   size_t OldSize                                  = 70254592                                  {product} {ergonomic}
    uintx ProfiledCodeHeapSize                     = 122909434                              {pd product} {ergonomic}
    uintx ReservedCodeCacheSize                    = 251658240                              {pd product} {ergonomic}
     bool SegmentedCodeCache                       = true                                      {product} {ergonomic}
   size_t SoftMaxHeapSize                          = 1073741824                             {manageable} {ergonomic}
     bool UseCompressedClassPointers               = true                           {product lp64_product} {ergonomic}
     bool UseCompressedOops                        = true                           {product lp64_product} {ergonomic}
     bool UseLargePagesIndividualAllocation        = false                                  {pd product} {ergonomic}
     bool UseParallelGC                            = true                                      {product} {command line}

Logging:
Log output configuration:
 #0: stdout all=off uptime,level,tags
 #1: stderr all=off uptime,level,tags

Environment Variables:
PATH=C:\Program Files\WindowsApps\MicrosoftCorporationII.WindowsSubsystemForLinux_2.2.4.0_x64__8wekyb3d8bbwe;C:\Program Files (x86)\VMware\VMware Workstation\bin\;C:\Program Files\Microsoft\jdk-17.0.11.9-hotspot\bin;C:\Python312\Scripts\;C:\Python312\;C:\windows\system32;C:\windows;C:\windows\System32\Wbem;C:\windows\System32\WindowsPowerShell\v1.0\;C:\windows\System32\OpenSSH\;C:\Program Files (x86)\NVIDIA Corporation\PhysX\Common;C:\Program Files\NVIDIA Corporation\NVIDIA NvDLISR;C:\Program Files\MATLAB\R2023a\bin;C:\Program Files\nodejs\;C:\ProgramData\chocolatey\bin;C:\Program Files\Git\cmd;C:\Users\User\Downloads\apache-maven-3.9.7\bin;C:\Users\User\AppData\Local\Microsoft\WindowsApps;;C:\Users\User\AppData\Local\Programs\Microsoft VS Code\bin;C:\Users\User\AppData\Roaming\npm
USERNAME=User
OS=Windows_NT
PROCESSOR_IDENTIFIER=Intel64 Family 6 Model 186 Stepping 3, GenuineIntel
TMP=C:\Users\User\AppData\Local\Temp
TEMP=C:\Users\User\AppData\Local\Temp



Periodic native trim disabled


---------------  S Y S T E M  ---------------

OS:
 Windows 11 , 64 bit Build 22621 (10.0.22621.3958)
OS uptime: 13 days 18:22 hours
Hyper-V role detected

CPU: total 12 (initial active 12) (6 cores per cpu, 2 threads per core) family 6 model 186 stepping 3 microcode 0x4114, cx8, cmov, fxsr, ht, mmx, 3dnowpref, sse, sse2, sse3, ssse3, sse4.1, sse4.2, popcnt, lzcnt, tsc, tscinvbit, avx, avx2, aes, erms, clmul, bmi1, bmi2, adx, sha, fma, vzeroupper, clflush, clflushopt, clwb, hv
Processor Information for processor 0
  Max Mhz: 1700, Current Mhz: 1700, Mhz Limit: 1700
Processor Information for processor 1
  Max Mhz: 1700, Current Mhz: 1700, Mhz Limit: 1700
Processor Information for processor 2
  Max Mhz: 1700, Current Mhz: 1700, Mhz Limit: 1700
Processor Information for processor 3
  Max Mhz: 1700, Current Mhz: 1700, Mhz Limit: 1700
Processor Information for processor 4
  Max Mhz: 1700, Current Mhz: 1200, Mhz Limit: 1190
Processor Information for processor 5
  Max Mhz: 1700, Current Mhz: 1200, Mhz Limit: 1190
Processor Information for processor 6
  Max Mhz: 1700, Current Mhz: 1200, Mhz Limit: 1190
Processor Information for processor 7
  Max Mhz: 1700, Current Mhz: 1200, Mhz Limit: 1190
Processor Information for processor 8
  Max Mhz: 1700, Current Mhz: 1200, Mhz Limit: 1190
Processor Information for processor 9
  Max Mhz: 1700, Current Mhz: 1200, Mhz Limit: 1190
Processor Information for processor 10
  Max Mhz: 1700, Current Mhz: 1200, Mhz Limit: 1190
Processor Information for processor 11
  Max Mhz: 1700, Current Mhz: 1200, Mhz Limit: 1190

Memory: 4k page, system-wide physical 16024M (529M free)
TotalPageFile size 65176M (AvailPageFile size 1M)
current process WorkingSet (physical memory assigned to process): 248M, peak: 276M
current process commit charge ("private bytes"): 334M, peak: 357M

vm_info: OpenJDK 64-Bit Server VM (17.0.12+7) for windows-amd64 JRE (17.0.12+7), built on Jul 16 2024 22:08:24 by "admin" with MS VC++ 16.10 / 16.11 (VS2019)

END.
