#
# A fatal error has been detected by the Java Runtime Environment:
#
#  SIGSEGV (0xb) at pc=0x0000000127510db8, pid=92382, tid=259
#
# JRE version: OpenJDK Runtime Environment Zulu17.50+19-CA (17.0.11+9) (build 17.0.11+9-LTS)
# Java VM: OpenJDK 64-Bit Server VM Zulu17.50+19-CA (17.0.11+9-LTS, mixed mode, sharing, tiered, compressed oops, compressed class ptrs, g1 gc, bsd-aarch64)
# Problematic frame:
# C  [libglass.dylib+0x28db8]  Java_com_sun_glass_ui_mac_MacView__1enableInputMethodEvents+0x72ac
#
# No core dump will be written. Core dumps have been disabled. To enable core dumping, try "ulimit -c unlimited" before starting Java again
#
# If you would like to submit a bug report, please visit:
#   http://www.azul.com/support/
#

---------------  S U M M A R Y ------------

Command Line: -Dfile.encoding=UTF-8 -Duser.country=SG -Duser.language=en -Duser.variant cypherchatbot.controller.Launcher

Host: "Mac14,2" arm64, 8 cores, 16G, Darwin 22.3.0, macOS 13.2.1 (22D68)
Time: Thu Sep 19 11:27:38 2024 +08 elapsed time: 34.391502 seconds (0d 0h 0m 34s)

---------------  T H R E A D  ---------------

Current thread is native thread

Stack: [0x000000016b110000,0x000000016b90c000],  sp=0x000000016b906f30,  free space=8155k
Native frames: (J=compiled Java code, j=interpreted, Vv=VM code, C=native code)
C  [libglass.dylib+0x28db8]  Java_com_sun_glass_ui_mac_MacView__1enableInputMethodEvents+0x72ac
C  [CoreFoundation+0x76560]  __CFNOTIFICATIONCENTER_IS_CALLING_OUT_TO_AN_OBSERVER__+0x94
C  [CoreFoundation+0x114044]  ___CFXRegistrationPost_block_invoke+0x58
C  [CoreFoundation+0x113f8c]  _CFXRegistrationPost+0x1b8
C  [CoreFoundation+0x47b64]  _CFXNotificationPost+0x2c4
C  [Foundation+0xa38c]  -[NSNotificationCenter postNotificationName:object:userInfo:]+0x58
C  [AppKit+0x197558]  -[NSWindow resignKeyWindow]+0x284
C  [AppKit+0x81a880]  -[NSWindow _orderOut:calculatingKeyWithOptions:documentWindow:]+0x108
C  [AppKit+0x7d1d4]  NSPerformVisuallyAtomicChange+0x6c
C  [AppKit+0x81c19c]  -[NSWindow _reallyDoOrderWindowOutRelativeTo:]+0x1e8
C  [AppKit+0x81c4e8]  -[NSWindow _reallyDoOrderWindow:]+0x50
C  [AppKit+0x81c738]  -[NSWindow _doOrderWindow:]+0x108
C  [AppKit+0x818434]  -[NSWindow _finishClosingWindow]+0xec
C  [AppKit+0x2c89dc]  -[NSWindow _close]+0x114
C  [libglass.dylib+0x29520]  Java_com_sun_glass_ui_mac_MacView__1enableInputMethodEvents+0x7a14
C  [Foundation+0x7a900]  __NSThreadPerformPerform+0x108
C  [CoreFoundation+0x81a08]  __CFRUNLOOP_IS_CALLING_OUT_TO_A_SOURCE0_PERFORM_FUNCTION__+0x1c
C  [CoreFoundation+0x8199c]  __CFRunLoopDoSource0+0xb0
C  [CoreFoundation+0x8176c]  __CFRunLoopDoSources0+0x154
C  [CoreFoundation+0x80310]  __CFRunLoopRun+0x344
C  [CoreFoundation+0x7f878]  CFRunLoopRunSpecific+0x264
C  [libjli.dylib+0xd388]  CreateExecutionEnvironment+0x190
C  [libjli.dylib+0x915c]  JLI_Launch+0x4d0
C  [java+0x3bac]  main+0x198
C  [dyld+0x5e50]  start+0x9f0


siginfo: si_signo: 11 (SIGSEGV), si_code: 2 (SEGV_ACCERR), si_addr: 0x0000000000000000

Registers:
 x0=0x0000000000000000  x1=0x00000001045e3c00  x2=0x000000013e52f800  x3=0x0000000000000013
 x4=0xffffffffffffc6c8  x5=0x0000000000000003  x6=0x0000000000000e00  x7=0x0000000000000000
 x8=0x0000000000000103  x9=0x0000000000000103 x10=0x0000000000bf3d01 x11=0x00000000002ca000
x12=0x000000013e000028 x13=0x00000000ffff8013 x14=0x000000000000293b x15=0x00000000ffff7dff
x16=0x00000000a156ed47 x17=0x00000001a9cc6640 x18=0x0000000000000000 x19=0x0000600000de0bd0
x20=0x000000013e531e00 x21=0x0000000000000000 x22=0x000000012753a488 x23=0x000000013e531ec8
x24=0x0000000000000000 x25=0x0000000000041400 x26=0x0000000000000000 x27=0x000000780000006e
x28=0x000000016b907438  fp=0x000000016b907380  lr=0xff2c000127510db4  sp=0x000000016b906f30
pc=0x0000000127510db8 cpsr=0x0000000060001000

Top of Stack: (sp=0x000000016b906f30)
0x000000016b906f30:   000000012752380b 0000000127523780
0x000000016b906f40:   0000000000000060 0000000127510d78
0x000000016b906f50:   00000001a9f36560 00000001a9fd4044
0x000000016b906f60:   00000001a9fd3f8c 00000001a9f07b64
0x000000016b906f70:   00000001aadf738c 00000001ad323558
0x000000016b906f80:   00000001ad9a6880 00000001ad2091d4
0x000000016b906f90:   00000001ad9a819c 00000001ad9a84e8
0x000000016b906fa0:   00000001ad9a8738 00000001ad9a4434
0x000000016b906fb0:   00000001ad4549dc 0000000127511520
0x000000016b906fc0:   00000001aae67900 00000001a9f41a08
0x000000016b906fd0:   00000001a9f4199c 00000001a9f4176c
0x000000016b906fe0:   00000001a9f40310 00000001a9f3f878
0x000000016b906ff0:   00000001045c1388 00000001045bd15c
0x000000016b907000:   00000001044f7bac 00000001a9b37e50
0x000000016b907010:   0000000000000000 0000000000000000
0x000000016b907020:   0000000000000000 0000000000000000
0x000000016b907030:   0000000000000000 0000000000000000
0x000000016b907040:   0000000000000000 0000000000000000
0x000000016b907050:   0000000000000000 0000000000000000
0x000000016b907060:   0000000000000000 0000000000000000
0x000000016b907070:   0000000000000000 0000000000000000
0x000000016b907080:   0000000000000000 0000000000000000
0x000000016b907090:   0000000000000000 0000000000000000
0x000000016b9070a0:   0000000000000000 0000000000000000
0x000000016b9070b0:   000000016b9071b9 00006000014c2c38
0x000000016b9070c0:   0000600002ad8e00 0000000137e12f58
0x000000016b9070d0:   000000016b907160 d28c9d3e40e5008f
0x000000016b9070e0:   0000000000000000 0000000000000029
0x000000016b9070f0:   00000002062a05b0 000000000000001b
0x000000016b907100:   0000000000000029 0000000127e341c0
0x000000016b907110:   0000600003fbe140 000060000314fd80
0x000000016b907120:   000000016b907150 be398001a9ec95d0 

Instructions: (pc=0x0000000127510db8)
0x0000000127510cb8:   1f 20 03 d5 e2 c2 14 58 e0 03 14 aa 00 01 3f d6
0x0000000127510cc8:   a8 83 5c f8 1f 20 03 d5 09 a3 0d 58 29 01 40 f9
0x0000000127510cd8:   3f 01 08 eb 80 f8 ff 54 49 22 00 94 f8 5f bc a9
0x0000000127510ce8:   f6 57 01 a9 f4 4f 02 a9 fd 7b 03 a9 fd c3 00 91
0x0000000127510cf8:   ff 83 10 d1 1f 20 03 d5 88 a1 0d 58 08 01 40 f9
0x0000000127510d08:   a8 83 1c f8 1f 20 03 d5 1f 20 03 d5 08 3c 13 98
0x0000000127510d18:   08 68 68 f8 68 06 00 b5 f3 03 00 aa 5f 27 00 94
0x0000000127510d28:   16 bb 14 10 1f 20 03 d5 c0 02 40 f9 20 04 00 b5
0x0000000127510d38:   1f 20 03 d5 e8 9f 0d 58 00 01 40 f9 0a 0c 80 52
0x0000000127510d48:   c8 51 09 10 1f 20 03 d5 c9 55 09 70 1f 20 03 d5
0x0000000127510d58:   e8 ab 00 a9 e9 03 00 f9 01 ba 07 50 1f 20 03 d5
0x0000000127510d68:   54 22 00 94 e0 63 00 91 01 10 80 52 30 22 00 94
0x0000000127510d78:   f5 03 00 aa e0 63 00 91 e1 03 15 aa 2f 22 00 94
0x0000000127510d88:   f4 03 00 aa bf 06 00 71 eb 00 00 54 f5 03 15 2a
0x0000000127510d98:   f7 03 14 aa e0 86 40 f8 2a 23 00 94 b5 06 00 f1
0x0000000127510da8:   a1 ff ff 54 e0 03 14 aa 48 22 00 94 c0 02 40 f9
0x0000000127510db8:   08 00 40 f9 08 f5 40 f9 1f 20 03 d5 1f 20 03 d5
0x0000000127510dc8:   a9 35 13 98 61 6a 69 f8 1f 20 03 d5 1f 20 03 d5
0x0000000127510dd8:   82 b9 14 58 a9 43 80 52 e9 03 00 f9 00 01 3f d6
0x0000000127510de8:   a8 83 5c f8 1f 20 03 d5 09 9a 0d 58 29 01 40 f9
0x0000000127510df8:   3f 01 08 eb e1 00 00 54 ff 83 10 91 fd 7b 43 a9
0x0000000127510e08:   f4 4f 42 a9 f6 57 41 a9 f8 5f c4 a8 c0 03 5f d6
0x0000000127510e18:   fb 21 00 94 f6 57 bd a9 f4 4f 01 a9 fd 7b 02 a9
0x0000000127510e28:   fd 83 00 91 f3 03 00 aa 1f 20 03 d5 1f 20 03 d5
0x0000000127510e38:   54 32 13 98 00 68 74 f8 60 30 00 94 a0 00 00 b4
0x0000000127510e48:   60 6a 74 f8 5d 30 00 94 62 6a 74 f8 8b 31 00 94
0x0000000127510e58:   60 6a 74 f8 e1 28 00 94 f4 03 00 aa 87 29 00 94
0x0000000127510e68:   60 01 00 b4 15 00 80 d2 e0 03 14 aa e2 03 15 aa
0x0000000127510e78:   f2 2f 00 94 f9 28 00 94 b5 06 00 91 e0 03 14 aa
0x0000000127510e88:   7e 29 00 94 bf 02 00 eb 03 ff ff 54 1f 20 03 d5
0x0000000127510e98:   1f 20 03 d5 60 af 14 58 c0 01 00 b4 08 00 40 f9
0x0000000127510ea8:   03 f5 40 f9 1f 20 03 d5 1f 20 03 d5 48 2e 13 98 



---------------  P R O C E S S  ---------------

VM state: at safepoint (normal execution)

VM Mutex/Monitor currently owned by a thread:  ([mutex/lock_event])
[0x0000600002ae9980] Threads_lock - owner thread: 0x0000000137e0e390
[0x0000600002ae9f00] Heap_lock - owner thread: 0x000000013e52f200

Heap address: 0x0000000700000000, size: 4096 MB, Compressed Oops mode: Zero based, Oop shift amount: 3

CDS archive(s) mapped at: [0x0000000800000000-0x0000000800bf8000-0x0000000800bf8000), size 12550144, SharedBaseAddress: 0x0000000800000000, ArchiveRelocationMode: 1.
Compressed class space mapped at: 0x0000000801000000-0x0000000841000000, reserved size: 1073741824
Narrow klass base: 0x0000000800000000, Narrow klass shift: 0, Narrow klass range: 0x100000000

GC Precious Log:
<Skipped>

Heap:
 garbage-first heap   total 266240K, used 36166K [0x0000000700000000, 0x0000000800000000)
  region size 2048K, 7 young (14336K), 1 survivors (2048K)
 Metaspace       used 17044K, committed 17280K, reserved 1114112K
  class space    used 2560K, committed 2688K, reserved 1048576K

Heap Regions: E=young(eden), S=young(survivor), O=old, HS=humongous(starts), HC=humongous(continues), CS=collection set, F=free, OA=open archive, CA=closed archive, TAMS=top-at-mark-start (previous, next)
|   0|0x0000000700000000, 0x0000000700200000, 0x0000000700200000|100%|HS|  |TAMS 0x0000000700000000, 0x0000000700000000| Complete 
|   1|0x0000000700200000, 0x0000000700400000, 0x0000000700400000|100%|HC|  |TAMS 0x0000000700200000, 0x0000000700200000| Complete 
|   2|0x0000000700400000, 0x0000000700600000, 0x0000000700600000|100%|HC|  |TAMS 0x0000000700400000, 0x0000000700400000| Complete 
|   3|0x0000000700600000, 0x0000000700800000, 0x0000000700800000|100%|HC|  |TAMS 0x0000000700600000, 0x0000000700600000| Complete 
|   4|0x0000000700800000, 0x0000000700a00000, 0x0000000700a00000|100%| O|  |TAMS 0x0000000700800000, 0x0000000700800000| Untracked 
|   5|0x0000000700a00000, 0x0000000700c00000, 0x0000000700c00000|100%| O|  |TAMS 0x0000000700a00000, 0x0000000700a00000| Untracked 
|   6|0x0000000700c00000, 0x0000000700c00000, 0x0000000700e00000|  0%| F|  |TAMS 0x0000000700c00000, 0x0000000700c00000| Untracked 
|   7|0x0000000700e00000, 0x0000000700e00000, 0x0000000701000000|  0%| F|  |TAMS 0x0000000700e00000, 0x0000000700e00000| Untracked 
|   8|0x0000000701000000, 0x0000000701000000, 0x0000000701200000|  0%| F|  |TAMS 0x0000000701000000, 0x0000000701000000| Untracked 
|   9|0x0000000701200000, 0x0000000701400000, 0x0000000701400000|100%|HS|  |TAMS 0x0000000701200000, 0x0000000701200000| Complete 
|  10|0x0000000701400000, 0x0000000701600000, 0x0000000701600000|100%|HC|  |TAMS 0x0000000701400000, 0x0000000701400000| Complete 
|  11|0x0000000701600000, 0x0000000701800000, 0x0000000701800000|100%|HC|  |TAMS 0x0000000701600000, 0x0000000701600000| Complete 
|  12|0x0000000701800000, 0x0000000701a00000, 0x0000000701a00000|100%| O|  |TAMS 0x0000000701800000, 0x0000000701800000| Untracked 
|  13|0x0000000701a00000, 0x0000000701be6c00, 0x0000000701c00000| 95%| O|  |TAMS 0x0000000701a00000, 0x0000000701a00000| Untracked 
|  14|0x0000000701c00000, 0x0000000701c00000, 0x0000000701e00000|  0%| F|  |TAMS 0x0000000701c00000, 0x0000000701c00000| Untracked 
|  15|0x0000000701e00000, 0x0000000701e00000, 0x0000000702000000|  0%| F|  |TAMS 0x0000000701e00000, 0x0000000701e00000| Untracked 
|  16|0x0000000702000000, 0x0000000702000000, 0x0000000702200000|  0%| F|  |TAMS 0x0000000702000000, 0x0000000702000000| Untracked 
|  17|0x0000000702200000, 0x0000000702200000, 0x0000000702400000|  0%| F|  |TAMS 0x0000000702200000, 0x0000000702200000| Untracked 
|  18|0x0000000702400000, 0x0000000702400000, 0x0000000702600000|  0%| F|  |TAMS 0x0000000702400000, 0x0000000702400000| Untracked 
|  19|0x0000000702600000, 0x0000000702600000, 0x0000000702800000|  0%| F|  |TAMS 0x0000000702600000, 0x0000000702600000| Untracked 
|  20|0x0000000702800000, 0x0000000702800000, 0x0000000702a00000|  0%| F|  |TAMS 0x0000000702800000, 0x0000000702800000| Untracked 
|  21|0x0000000702a00000, 0x0000000702a00000, 0x0000000702c00000|  0%| F|  |TAMS 0x0000000702a00000, 0x0000000702a00000| Untracked 
|  22|0x0000000702c00000, 0x0000000702c00000, 0x0000000702e00000|  0%| F|  |TAMS 0x0000000702c00000, 0x0000000702c00000| Untracked 
|  23|0x0000000702e00000, 0x0000000702e00000, 0x0000000703000000|  0%| F|  |TAMS 0x0000000702e00000, 0x0000000702e00000| Untracked 
|  24|0x0000000703000000, 0x0000000703000000, 0x0000000703200000|  0%| F|  |TAMS 0x0000000703000000, 0x0000000703000000| Untracked 
|  25|0x0000000703200000, 0x0000000703200000, 0x0000000703400000|  0%| F|  |TAMS 0x0000000703200000, 0x0000000703200000| Untracked 
|  26|0x0000000703400000, 0x0000000703400000, 0x0000000703600000|  0%| F|  |TAMS 0x0000000703400000, 0x0000000703400000| Untracked 
|  27|0x0000000703600000, 0x0000000703600000, 0x0000000703800000|  0%| F|  |TAMS 0x0000000703600000, 0x0000000703600000| Untracked 
|  28|0x0000000703800000, 0x0000000703800000, 0x0000000703a00000|  0%| F|  |TAMS 0x0000000703800000, 0x0000000703800000| Untracked 
|  29|0x0000000703a00000, 0x0000000703a00000, 0x0000000703c00000|  0%| F|  |TAMS 0x0000000703a00000, 0x0000000703a00000| Untracked 
|  30|0x0000000703c00000, 0x0000000703c00000, 0x0000000703e00000|  0%| F|  |TAMS 0x0000000703c00000, 0x0000000703c00000| Untracked 
|  31|0x0000000703e00000, 0x0000000703e00000, 0x0000000704000000|  0%| F|  |TAMS 0x0000000703e00000, 0x0000000703e00000| Untracked 
|  32|0x0000000704000000, 0x0000000704000000, 0x0000000704200000|  0%| F|  |TAMS 0x0000000704000000, 0x0000000704000000| Untracked 
|  33|0x0000000704200000, 0x0000000704200000, 0x0000000704400000|  0%| F|  |TAMS 0x0000000704200000, 0x0000000704200000| Untracked 
|  34|0x0000000704400000, 0x0000000704400000, 0x0000000704600000|  0%| F|  |TAMS 0x0000000704400000, 0x0000000704400000| Untracked 
|  35|0x0000000704600000, 0x0000000704600000, 0x0000000704800000|  0%| F|  |TAMS 0x0000000704600000, 0x0000000704600000| Untracked 
|  36|0x0000000704800000, 0x0000000704800000, 0x0000000704a00000|  0%| F|  |TAMS 0x0000000704800000, 0x0000000704800000| Untracked 
|  37|0x0000000704a00000, 0x0000000704a00000, 0x0000000704c00000|  0%| F|  |TAMS 0x0000000704a00000, 0x0000000704a00000| Untracked 
|  38|0x0000000704c00000, 0x0000000704c00000, 0x0000000704e00000|  0%| F|  |TAMS 0x0000000704c00000, 0x0000000704c00000| Untracked 
|  39|0x0000000704e00000, 0x0000000704e00000, 0x0000000705000000|  0%| F|  |TAMS 0x0000000704e00000, 0x0000000704e00000| Untracked 
|  40|0x0000000705000000, 0x0000000705000000, 0x0000000705200000|  0%| F|  |TAMS 0x0000000705000000, 0x0000000705000000| Untracked 
|  41|0x0000000705200000, 0x0000000705200000, 0x0000000705400000|  0%| F|  |TAMS 0x0000000705200000, 0x0000000705200000| Untracked 
|  42|0x0000000705400000, 0x0000000705400000, 0x0000000705600000|  0%| F|  |TAMS 0x0000000705400000, 0x0000000705400000| Untracked 
|  43|0x0000000705600000, 0x0000000705600000, 0x0000000705800000|  0%| F|  |TAMS 0x0000000705600000, 0x0000000705600000| Untracked 
|  44|0x0000000705800000, 0x0000000705800000, 0x0000000705a00000|  0%| F|  |TAMS 0x0000000705800000, 0x0000000705800000| Untracked 
|  45|0x0000000705a00000, 0x0000000705a00000, 0x0000000705c00000|  0%| F|  |TAMS 0x0000000705a00000, 0x0000000705a00000| Untracked 
|  46|0x0000000705c00000, 0x0000000705c00000, 0x0000000705e00000|  0%| F|  |TAMS 0x0000000705c00000, 0x0000000705c00000| Untracked 
|  47|0x0000000705e00000, 0x0000000705e00000, 0x0000000706000000|  0%| F|  |TAMS 0x0000000705e00000, 0x0000000705e00000| Untracked 
|  48|0x0000000706000000, 0x0000000706000000, 0x0000000706200000|  0%| F|  |TAMS 0x0000000706000000, 0x0000000706000000| Untracked 
|  49|0x0000000706200000, 0x0000000706200000, 0x0000000706400000|  0%| F|  |TAMS 0x0000000706200000, 0x0000000706200000| Untracked 
|  50|0x0000000706400000, 0x0000000706400000, 0x0000000706600000|  0%| F|  |TAMS 0x0000000706400000, 0x0000000706400000| Untracked 
|  51|0x0000000706600000, 0x0000000706600000, 0x0000000706800000|  0%| F|  |TAMS 0x0000000706600000, 0x0000000706600000| Untracked 
|  52|0x0000000706800000, 0x0000000706800000, 0x0000000706a00000|  0%| F|  |TAMS 0x0000000706800000, 0x0000000706800000| Untracked 
|  53|0x0000000706a00000, 0x0000000706a00000, 0x0000000706c00000|  0%| F|  |TAMS 0x0000000706a00000, 0x0000000706a00000| Untracked 
|  54|0x0000000706c00000, 0x0000000706c00000, 0x0000000706e00000|  0%| F|  |TAMS 0x0000000706c00000, 0x0000000706c00000| Untracked 
|  55|0x0000000706e00000, 0x0000000706e00000, 0x0000000707000000|  0%| F|  |TAMS 0x0000000706e00000, 0x0000000706e00000| Untracked 
|  56|0x0000000707000000, 0x0000000707000000, 0x0000000707200000|  0%| F|  |TAMS 0x0000000707000000, 0x0000000707000000| Untracked 
|  57|0x0000000707200000, 0x0000000707200000, 0x0000000707400000|  0%| F|  |TAMS 0x0000000707200000, 0x0000000707200000| Untracked 
|  58|0x0000000707400000, 0x0000000707400000, 0x0000000707600000|  0%| F|  |TAMS 0x0000000707400000, 0x0000000707400000| Untracked 
|  59|0x0000000707600000, 0x0000000707600000, 0x0000000707800000|  0%| F|  |TAMS 0x0000000707600000, 0x0000000707600000| Untracked 
|  60|0x0000000707800000, 0x0000000707800000, 0x0000000707a00000|  0%| F|  |TAMS 0x0000000707800000, 0x0000000707800000| Untracked 
|  61|0x0000000707a00000, 0x0000000707a00000, 0x0000000707c00000|  0%| F|  |TAMS 0x0000000707a00000, 0x0000000707a00000| Untracked 
|  62|0x0000000707c00000, 0x0000000707c00000, 0x0000000707e00000|  0%| F|  |TAMS 0x0000000707c00000, 0x0000000707c00000| Untracked 
|  63|0x0000000707e00000, 0x0000000707e00000, 0x0000000708000000|  0%| F|  |TAMS 0x0000000707e00000, 0x0000000707e00000| Untracked 
|  64|0x0000000708000000, 0x0000000708000000, 0x0000000708200000|  0%| F|  |TAMS 0x0000000708000000, 0x0000000708000000| Untracked 
|  65|0x0000000708200000, 0x0000000708200000, 0x0000000708400000|  0%| F|  |TAMS 0x0000000708200000, 0x0000000708200000| Untracked 
|  66|0x0000000708400000, 0x0000000708400000, 0x0000000708600000|  0%| F|  |TAMS 0x0000000708400000, 0x0000000708400000| Untracked 
|  67|0x0000000708600000, 0x0000000708600000, 0x0000000708800000|  0%| F|  |TAMS 0x0000000708600000, 0x0000000708600000| Untracked 
|  68|0x0000000708800000, 0x0000000708800000, 0x0000000708a00000|  0%| F|  |TAMS 0x0000000708800000, 0x0000000708800000| Untracked 
|  69|0x0000000708a00000, 0x0000000708a00000, 0x0000000708c00000|  0%| F|  |TAMS 0x0000000708a00000, 0x0000000708a00000| Untracked 
|  70|0x0000000708c00000, 0x0000000708c00000, 0x0000000708e00000|  0%| F|  |TAMS 0x0000000708c00000, 0x0000000708c00000| Untracked 
|  71|0x0000000708e00000, 0x0000000708e00000, 0x0000000709000000|  0%| F|  |TAMS 0x0000000708e00000, 0x0000000708e00000| Untracked 
|  72|0x0000000709000000, 0x0000000709000000, 0x0000000709200000|  0%| F|  |TAMS 0x0000000709000000, 0x0000000709000000| Untracked 
|  73|0x0000000709200000, 0x0000000709200000, 0x0000000709400000|  0%| F|  |TAMS 0x0000000709200000, 0x0000000709200000| Untracked 
|  74|0x0000000709400000, 0x0000000709400000, 0x0000000709600000|  0%| F|  |TAMS 0x0000000709400000, 0x0000000709400000| Untracked 
|  75|0x0000000709600000, 0x0000000709600000, 0x0000000709800000|  0%| F|  |TAMS 0x0000000709600000, 0x0000000709600000| Untracked 
|  76|0x0000000709800000, 0x0000000709800000, 0x0000000709a00000|  0%| F|  |TAMS 0x0000000709800000, 0x0000000709800000| Untracked 
|  77|0x0000000709a00000, 0x0000000709a00000, 0x0000000709c00000|  0%| F|  |TAMS 0x0000000709a00000, 0x0000000709a00000| Untracked 
|  78|0x0000000709c00000, 0x0000000709c00000, 0x0000000709e00000|  0%| F|  |TAMS 0x0000000709c00000, 0x0000000709c00000| Untracked 
|  79|0x0000000709e00000, 0x0000000709e00000, 0x000000070a000000|  0%| F|  |TAMS 0x0000000709e00000, 0x0000000709e00000| Untracked 
|  80|0x000000070a000000, 0x000000070a000000, 0x000000070a200000|  0%| F|  |TAMS 0x000000070a000000, 0x000000070a000000| Untracked 
|  81|0x000000070a200000, 0x000000070a200000, 0x000000070a400000|  0%| F|  |TAMS 0x000000070a200000, 0x000000070a200000| Untracked 
|  82|0x000000070a400000, 0x000000070a400000, 0x000000070a600000|  0%| F|  |TAMS 0x000000070a400000, 0x000000070a400000| Untracked 
|  83|0x000000070a600000, 0x000000070a600000, 0x000000070a800000|  0%| F|  |TAMS 0x000000070a600000, 0x000000070a600000| Untracked 
|  84|0x000000070a800000, 0x000000070a800000, 0x000000070aa00000|  0%| F|  |TAMS 0x000000070a800000, 0x000000070a800000| Untracked 
|  85|0x000000070aa00000, 0x000000070aa00000, 0x000000070ac00000|  0%| F|  |TAMS 0x000000070aa00000, 0x000000070aa00000| Untracked 
|  86|0x000000070ac00000, 0x000000070ac00000, 0x000000070ae00000|  0%| F|  |TAMS 0x000000070ac00000, 0x000000070ac00000| Untracked 
|  87|0x000000070ae00000, 0x000000070ae00000, 0x000000070b000000|  0%| F|  |TAMS 0x000000070ae00000, 0x000000070ae00000| Untracked 
|  88|0x000000070b000000, 0x000000070b000000, 0x000000070b200000|  0%| F|  |TAMS 0x000000070b000000, 0x000000070b000000| Untracked 
|  89|0x000000070b200000, 0x000000070b200000, 0x000000070b400000|  0%| F|  |TAMS 0x000000070b200000, 0x000000070b200000| Untracked 
|  90|0x000000070b400000, 0x000000070b400000, 0x000000070b600000|  0%| F|  |TAMS 0x000000070b400000, 0x000000070b400000| Untracked 
|  91|0x000000070b600000, 0x000000070b600000, 0x000000070b800000|  0%| F|  |TAMS 0x000000070b600000, 0x000000070b600000| Untracked 
|  92|0x000000070b800000, 0x000000070b800000, 0x000000070ba00000|  0%| F|  |TAMS 0x000000070b800000, 0x000000070b800000| Untracked 
|  93|0x000000070ba00000, 0x000000070ba00000, 0x000000070bc00000|  0%| F|  |TAMS 0x000000070ba00000, 0x000000070ba00000| Untracked 
|  94|0x000000070bc00000, 0x000000070bc00000, 0x000000070be00000|  0%| F|  |TAMS 0x000000070bc00000, 0x000000070bc00000| Untracked 
|  95|0x000000070be00000, 0x000000070be00000, 0x000000070c000000|  0%| F|  |TAMS 0x000000070be00000, 0x000000070be00000| Untracked 
|  96|0x000000070c000000, 0x000000070c000000, 0x000000070c200000|  0%| F|  |TAMS 0x000000070c000000, 0x000000070c000000| Untracked 
|  97|0x000000070c200000, 0x000000070c200000, 0x000000070c400000|  0%| F|  |TAMS 0x000000070c200000, 0x000000070c200000| Untracked 
|  98|0x000000070c400000, 0x000000070c400000, 0x000000070c600000|  0%| F|  |TAMS 0x000000070c400000, 0x000000070c400000| Untracked 
|  99|0x000000070c600000, 0x000000070c600000, 0x000000070c800000|  0%| F|  |TAMS 0x000000070c600000, 0x000000070c600000| Untracked 
| 100|0x000000070c800000, 0x000000070c800000, 0x000000070ca00000|  0%| F|  |TAMS 0x000000070c800000, 0x000000070c800000| Untracked 
| 101|0x000000070ca00000, 0x000000070ca00000, 0x000000070cc00000|  0%| F|  |TAMS 0x000000070ca00000, 0x000000070ca00000| Untracked 
| 102|0x000000070cc00000, 0x000000070cc00000, 0x000000070ce00000|  0%| F|  |TAMS 0x000000070cc00000, 0x000000070cc00000| Untracked 
| 103|0x000000070ce00000, 0x000000070ce00000, 0x000000070d000000|  0%| F|  |TAMS 0x000000070ce00000, 0x000000070ce00000| Untracked 
| 104|0x000000070d000000, 0x000000070d000000, 0x000000070d200000|  0%| F|  |TAMS 0x000000070d000000, 0x000000070d000000| Untracked 
| 105|0x000000070d200000, 0x000000070d200000, 0x000000070d400000|  0%| F|  |TAMS 0x000000070d200000, 0x000000070d200000| Untracked 
| 106|0x000000070d400000, 0x000000070d400000, 0x000000070d600000|  0%| F|  |TAMS 0x000000070d400000, 0x000000070d400000| Untracked 
| 107|0x000000070d600000, 0x000000070d600000, 0x000000070d800000|  0%| F|  |TAMS 0x000000070d600000, 0x000000070d600000| Untracked 
| 108|0x000000070d800000, 0x000000070d800000, 0x000000070da00000|  0%| F|  |TAMS 0x000000070d800000, 0x000000070d800000| Untracked 
| 109|0x000000070da00000, 0x000000070da00000, 0x000000070dc00000|  0%| F|  |TAMS 0x000000070da00000, 0x000000070da00000| Untracked 
| 110|0x000000070dc00000, 0x000000070dc00000, 0x000000070de00000|  0%| F|  |TAMS 0x000000070dc00000, 0x000000070dc00000| Untracked 
| 111|0x000000070de00000, 0x000000070de00000, 0x000000070e000000|  0%| F|  |TAMS 0x000000070de00000, 0x000000070de00000| Untracked 
| 112|0x000000070e000000, 0x000000070e000000, 0x000000070e200000|  0%| F|  |TAMS 0x000000070e000000, 0x000000070e000000| Untracked 
| 113|0x000000070e200000, 0x000000070e200000, 0x000000070e400000|  0%| F|  |TAMS 0x000000070e200000, 0x000000070e200000| Untracked 
| 114|0x000000070e400000, 0x000000070e400000, 0x000000070e600000|  0%| F|  |TAMS 0x000000070e400000, 0x000000070e400000| Untracked 
| 115|0x000000070e600000, 0x000000070e600000, 0x000000070e800000|  0%| F|  |TAMS 0x000000070e600000, 0x000000070e600000| Untracked 
| 116|0x000000070e800000, 0x000000070e800000, 0x000000070ea00000|  0%| F|  |TAMS 0x000000070e800000, 0x000000070e800000| Untracked 
| 117|0x000000070ea00000, 0x000000070ea00000, 0x000000070ec00000|  0%| F|  |TAMS 0x000000070ea00000, 0x000000070ea00000| Untracked 
| 118|0x000000070ec00000, 0x000000070ec00000, 0x000000070ee00000|  0%| F|  |TAMS 0x000000070ec00000, 0x000000070ec00000| Untracked 
| 119|0x000000070ee00000, 0x000000070ee00000, 0x000000070f000000|  0%| F|  |TAMS 0x000000070ee00000, 0x000000070ee00000| Untracked 
| 120|0x000000070f000000, 0x000000070f172f98, 0x000000070f200000| 72%| S|CS|TAMS 0x000000070f000000, 0x000000070f000000| Complete 
| 121|0x000000070f200000, 0x000000070f200000, 0x000000070f400000|  0%| F|  |TAMS 0x000000070f200000, 0x000000070f200000| Untracked 
| 122|0x000000070f400000, 0x000000070f5dda50, 0x000000070f600000| 93%| E|  |TAMS 0x000000070f400000, 0x000000070f400000| Complete 
| 123|0x000000070f600000, 0x000000070f800000, 0x000000070f800000|100%| E|CS|TAMS 0x000000070f600000, 0x000000070f600000| Complete 
| 124|0x000000070f800000, 0x000000070fa00000, 0x000000070fa00000|100%| E|CS|TAMS 0x000000070f800000, 0x000000070f800000| Complete 
| 125|0x000000070fa00000, 0x000000070fc00000, 0x000000070fc00000|100%| E|CS|TAMS 0x000000070fa00000, 0x000000070fa00000| Complete 
| 126|0x000000070fc00000, 0x000000070fe00000, 0x000000070fe00000|100%| E|CS|TAMS 0x000000070fc00000, 0x000000070fc00000| Complete 
| 127|0x000000070fe00000, 0x0000000710000000, 0x0000000710000000|100%| E|CS|TAMS 0x000000070fe00000, 0x000000070fe00000| Complete 
|2046|0x00000007ffc00000, 0x00000007ffd80000, 0x00000007ffe00000| 75%|OA|  |TAMS 0x00000007ffc00000, 0x00000007ffc00000| Untracked 
|2047|0x00000007ffe00000, 0x00000007ffe78000, 0x0000000800000000| 23%|CA|  |TAMS 0x00000007ffe00000, 0x00000007ffe00000| Untracked 

Card table byte_map: [0x000000011e2bc000,0x000000011eabc000] _byte_map_base: 0x000000011aabc000

Marking Bits (Prev, Next): (CMBitMap*) 0x0000000138011210, (CMBitMap*) 0x0000000138011250
 Prev Bits: [0x000000011f2bc000, 0x00000001232bc000)
 Next Bits: [0x00000001232bc000, 0x00000001272bc000)

Polling page: 0x000000010454c000

Metaspace:

Usage:
  Non-class:     14.14 MB used.
      Class:      2.50 MB used.
       Both:     16.65 MB used.

Virtual space:
  Non-class space:       64.00 MB reserved,      14.25 MB ( 22%) committed,  1 nodes.
      Class space:        1.00 GB reserved,       2.62 MB ( <1%) committed,  1 nodes.
             Both:        1.06 GB reserved,      16.88 MB (  2%) committed. 

Chunk freelists:
   Non-Class:  1.45 MB
       Class:  13.29 MB
        Both:  14.74 MB

MaxMetaspaceSize: unlimited
CompressedClassSpaceSize: 1.00 GB
Initial GC threshold: 21.00 MB
Current GC threshold: 21.00 MB
CDS: on
MetaspaceReclaimPolicy: balanced
 - commit_granule_bytes: 65536.
 - commit_granule_words: 8192.
 - virtual_space_node_default_size: 8388608.
 - enlarge_chunks_in_place: 1.
 - new_chunks_are_fully_committed: 0.
 - uncommit_free_chunks: 1.
 - use_allocation_guard: 0.
 - handle_deallocations: 1.


Internal statistics:

num_allocs_failed_limit: 0.
num_arena_births: 206.
num_arena_deaths: 0.
num_vsnodes_births: 2.
num_vsnodes_deaths: 0.
num_space_committed: 270.
num_space_uncommitted: 0.
num_chunks_returned_to_freelist: 0.
num_chunks_taken_from_freelist: 766.
num_chunk_merges: 0.
num_chunk_splits: 555.
num_chunks_enlarged: 435.
num_inconsistent_stats: 0.

CodeHeap 'non-profiled nmethods': size=120032Kb used=1433Kb max_used=1433Kb free=118598Kb
 bounds [0x0000000116d84000, 0x0000000116ff4000, 0x000000011e2bc000]
CodeHeap 'profiled nmethods': size=120016Kb used=6721Kb max_used=6721Kb free=113294Kb
 bounds [0x000000010f2bc000, 0x000000010f95c000, 0x00000001167f0000]
CodeHeap 'non-nmethods': size=5712Kb used=1415Kb max_used=1498Kb free=4296Kb
 bounds [0x00000001167f0000, 0x0000000116a60000, 0x0000000116d84000]
 total_blobs=4046 nmethods=3255 adapters=707
 compilation: enabled
              stopped_count=0, restarted_count=0
 full_count=0

Compilation events (20 events):
Event: 30.802 Thread 0x0000000138107200 nmethod 3279 0x000000010f947310 code [0x000000010f9475c0, 0x000000010f9481a8]
Event: 30.802 Thread 0x0000000138107200 3278       3       jdk.internal.util.ArraysSupport::mismatch (72 bytes)
Event: 30.803 Thread 0x0000000138107200 nmethod 3278 0x000000010f948510 code [0x000000010f948700, 0x000000010f948b08]
Event: 30.803 Thread 0x0000000138107200 3280       3       javafx.scene.layout.Region::resize (43 bytes)
Event: 30.803 Thread 0x0000000138107200 nmethod 3280 0x000000010f948d10 code [0x000000010f949000, 0x000000010f949cb8]
Event: 30.819 Thread 0x0000000138104200 nmethod 3275 0x0000000116ed1d90 code [0x0000000116ed20c0, 0x0000000116ed3c60]
Event: 30.819 Thread 0x0000000138104200 3276       4       com.sun.javafx.text.PrismTextLayout::computeSideBearings (442 bytes)
Event: 30.837 Thread 0x0000000138104200 nmethod 3276 0x0000000116ed4d90 code [0x0000000116ed5280, 0x0000000116ed72d0]
Event: 30.837 Thread 0x0000000138104200 3277   !   4       com.sun.javafx.text.PrismTextLayout::layout (1636 bytes)
Event: 30.983 Thread 0x0000000138104200 nmethod 3277 0x0000000116ed9d10 code [0x0000000116eda840, 0x0000000116ee26c0]
Event: 31.286 Thread 0x0000000138107200 3281       1       com.sun.javafx.font.PrismFont::getSize (5 bytes)
Event: 31.286 Thread 0x0000000138107200 nmethod 3281 0x0000000116ee8090 code [0x0000000116ee8200, 0x0000000116ee8298]
Event: 32.285 Thread 0x0000000138107200 3282       3       com.sun.javafx.tk.quantum.QuantumToolkit::isSupported (142 bytes)
Event: 32.286 Thread 0x0000000138107200 nmethod 3282 0x000000010f94a110 code [0x000000010f94a4c0, 0x000000010f94b6a8]
Event: 32.785 Thread 0x0000000138104200 3283       4       java.util.Collections$UnmodifiableCollection::size (10 bytes)
Event: 32.785 Thread 0x0000000138107200 3284       3       com.sun.javafx.geom.transform.AffineBase::isTranslateOrIdentity (22 bytes)
Event: 32.786 Thread 0x0000000138107200 nmethod 3284 0x000000010f94bd10 code [0x000000010f94bf00, 0x000000010f94c3b8]
Event: 32.786 Thread 0x0000000138104200 nmethod 3283 0x0000000116ee8390 code [0x0000000116ee8540, 0x0000000116ee85e0]
Event: 33.825 Thread 0x0000000138104200 3285   !   4       java.util.concurrent.ConcurrentHashMap::putVal (432 bytes)
Event: 33.839 Thread 0x0000000138104200 nmethod 3285 0x0000000116ee8690 code [0x0000000116ee8980, 0x0000000116ee9c20]

GC Heap History (4 events):
Event: 0.642 GC heap before
{Heap before GC invocations=0 (full 0):
 garbage-first heap   total 266240K, used 32736K [0x0000000700000000, 0x0000000800000000)
  region size 2048K, 11 young (22528K), 0 survivors (0K)
 Metaspace       used 14019K, committed 14208K, reserved 1114112K
  class space    used 2316K, committed 2432K, reserved 1048576K
}
Event: 0.645 GC heap after
{Heap after GC invocations=1 (full 0):
 garbage-first heap   total 266240K, used 17949K [0x0000000700000000, 0x0000000800000000)
  region size 2048K, 2 young (4096K), 2 survivors (4096K)
 Metaspace       used 14019K, committed 14208K, reserved 1114112K
  class space    used 2316K, committed 2432K, reserved 1048576K
}
Event: 12.293 GC heap before
{Heap before GC invocations=1 (full 0):
 garbage-first heap   total 266240K, used 42525K [0x0000000700000000, 0x0000000800000000)
  region size 2048K, 9 young (18432K), 2 survivors (4096K)
 Metaspace       used 16689K, committed 16960K, reserved 1114112K
  class space    used 2543K, committed 2688K, reserved 1048576K
}
Event: 12.296 GC heap after
{Heap after GC invocations=2 (full 0):
 garbage-first heap   total 266240K, used 25926K [0x0000000700000000, 0x0000000800000000)
  region size 2048K, 1 young (2048K), 1 survivors (2048K)
 Metaspace       used 16689K, committed 16960K, reserved 1114112K
  class space    used 2543K, committed 2688K, reserved 1048576K
}

Dll operation events (8 events):
Event: 0.003 Loaded shared library /Users/linkes/.sdkman/candidates/java/17.0.11.fx-zulu/zulu-17.jdk/Contents/Home/lib/libjava.dylib
Event: 0.020 Loaded shared library /Users/linkes/.sdkman/candidates/java/17.0.11.fx-zulu/zulu-17.jdk/Contents/Home/lib/libnio.dylib
Event: 0.020 Loaded shared library /Users/linkes/.sdkman/candidates/java/17.0.11.fx-zulu/zulu-17.jdk/Contents/Home/lib/libjimage.dylib
Event: 0.056 Loaded shared library /Users/linkes/.sdkman/candidates/java/17.0.11.fx-zulu/zulu-17.jdk/Contents/Home/lib/libprism_es2.dylib
Event: 0.128 Loaded shared library /Users/linkes/.sdkman/candidates/java/17.0.11.fx-zulu/zulu-17.jdk/Contents/Home/lib/libglass.dylib
Event: 0.233 Loaded shared library /Users/linkes/.sdkman/candidates/java/17.0.11.fx-zulu/zulu-17.jdk/Contents/Home/lib/libnet.dylib
Event: 0.257 Loaded shared library /Users/linkes/.sdkman/candidates/java/17.0.11.fx-zulu/zulu-17.jdk/Contents/Home/lib/libzip.dylib
Event: 0.309 Loaded shared library /Users/linkes/.sdkman/candidates/java/17.0.11.fx-zulu/zulu-17.jdk/Contents/Home/lib/libjavafx_font.dylib

Deoptimization events (20 events):
Event: 12.321 Thread 0x0000000138878c00 DEOPT PACKING pc=0x000000010f716f84 sp=0x000000016b904cb0
Event: 12.321 Thread 0x0000000138878c00 DEOPT UNPACKING pc=0x000000011683777c sp=0x000000016b904980 mode 0
Event: 28.120 Thread 0x0000000138878c00 Uncommon trap: trap_request=0xffffff45 fr.pc=0x0000000116e93ff8 relative=0x0000000000000078
Event: 28.120 Thread 0x0000000138878c00 Uncommon trap: reason=unstable_if action=reinterpret pc=0x0000000116e93ff8 method=java.lang.Math.round(F)I @ 23 c2
Event: 28.120 Thread 0x0000000138878c00 DEOPT PACKING pc=0x0000000116e93ff8 sp=0x000000016b906e30
Event: 28.120 Thread 0x0000000138878c00 DEOPT UNPACKING pc=0x000000011683791c sp=0x000000016b906db0 mode 2
Event: 30.778 Thread 0x0000000138878c00 DEOPT PACKING pc=0x000000010f2f4ec8 sp=0x000000016b904180
Event: 30.778 Thread 0x0000000138878c00 DEOPT UNPACKING pc=0x000000011683777c sp=0x000000016b903ea0 mode 3
Event: 30.793 Thread 0x0000000138809200 Uncommon trap: trap_request=0xffffff45 fr.pc=0x0000000116e8d1b0 relative=0x00000000000020f0
Event: 30.793 Thread 0x0000000138809200 Uncommon trap: reason=unstable_if action=reinterpret pc=0x0000000116e8d1b0 method=com.sun.marlin.Renderer._endRendering(IILcom/sun/marlin/MarlinAlphaConsumer;)V @ 2463 c2
Event: 30.793 Thread 0x0000000138809200 DEOPT PACKING pc=0x0000000116e8d1b0 sp=0x000000016e393c20
Event: 30.793 Thread 0x0000000138809200 DEOPT UNPACKING pc=0x000000011683791c sp=0x000000016e393a30 mode 2
Event: 32.286 Thread 0x0000000138809200 DEOPT PACKING pc=0x000000010f942ba8 sp=0x000000016e395470
Event: 32.286 Thread 0x0000000138809200 DEOPT UNPACKING pc=0x000000011683777c sp=0x000000016e395050 mode 0
Event: 33.825 Thread 0x0000000138878c00 Uncommon trap: trap_request=0xffffff45 fr.pc=0x0000000116ec31cc relative=0x000000000000010c
Event: 33.825 Thread 0x0000000138878c00 Uncommon trap: reason=unstable_if action=reinterpret pc=0x0000000116ec31cc method=java.util.concurrent.locks.ReentrantLock$Sync.tryRelease(I)Z @ 26 c2
Event: 33.825 Thread 0x0000000138878c00 DEOPT PACKING pc=0x0000000116ec31cc sp=0x000000016b904160
Event: 33.825 Thread 0x0000000138878c00 DEOPT UNPACKING pc=0x000000011683791c sp=0x000000016b9040f0 mode 2
Event: 34.385 Thread 0x0000000138809200 DEOPT PACKING pc=0x000000010f75b2c8 sp=0x000000016e396680
Event: 34.385 Thread 0x0000000138809200 DEOPT UNPACKING pc=0x000000011683777c sp=0x000000016e396380 mode 3

Classes unloaded (0 events):
No events

Classes redefined (0 events):
No events

Internal exceptions (20 events):
Event: 0.222 Thread 0x000000013280f400 Exception <a 'java/lang/NoSuchMethodError'{0x000000070fd029e8}: 'void java.lang.invoke.DirectMethodHandle$Holder.invokeStatic(java.lang.Object, java.lang.Object, java.lang.Object, java.lang.Object)'> (0x000000070fd029e8) 
thrown [src/hotspot/share/interpreter/linkResolver.cpp, line 759]
Event: 0.277 Thread 0x0000000138878c00 Exception <a 'java/lang/NoSuchMethodError'{0x000000070f655868}: 'java.lang.Object java.lang.invoke.DirectMethodHandle$Holder.invokeStaticInit(java.lang.Object, java.lang.Object, java.lang.Object, java.lang.Object)'> (0x000000070f655868) 
thrown [src/hotspot/share/interpreter/linkResolver.cpp, line 759]
Event: 0.277 Thread 0x0000000138878c00 Exception <a 'java/lang/NullPointerException'{0x000000070f65e460}> (0x000000070f65e460) 
thrown [src/hotspot/share/interpreter/linkResolver.cpp, line 1350]
Event: 0.300 Thread 0x0000000138878c00 Exception <a 'java/lang/NoSuchMethodError'{0x000000070f7a3f48}: 'java.lang.Object java.lang.invoke.DirectMethodHandle$Holder.invokeSpecial(java.lang.Object, java.lang.Object, java.lang.Object, int, java.lang.Object)'> (0x000000070f7a3f48) 
thrown [src/hotspot/share/interpreter/linkResolver.cpp, line 759]
Event: 0.332 Thread 0x0000000138878c00 Exception <a 'java/lang/NoSuchMethodError'{0x000000070f28c060}: 'void java.lang.invoke.DirectMethodHandle$Holder.invokeStaticInit(java.lang.Object, java.lang.Object)'> (0x000000070f28c060) 
thrown [src/hotspot/share/interpreter/linkResolver.cpp, line 759]
Event: 0.334 Thread 0x0000000138878c00 Exception <a 'java/lang/NoSuchMethodError'{0x000000070f2a5168}: 'void java.lang.invoke.DirectMethodHandle$Holder.invokeSpecial(java.lang.Object, java.lang.Object, java.lang.Object, java.lang.Object, java.lang.Object)'> (0x000000070f2a5168) 
thrown [src/hotspot/share/interpreter/linkResolver.cpp, line 759]
Event: 0.541 Thread 0x0000000138878c00 Exception <a 'java/lang/ClassNotFoundException'{0x000000070efc2820}: com/sun/javafx/scene/control/skin/resources/controls> (0x000000070efc2820) 
thrown [src/hotspot/share/prims/jni.cpp, line 535]
Event: 0.541 Thread 0x0000000138878c00 Exception <a 'java/lang/ClassNotFoundException'{0x000000070efd0d60}: com/sun/javafx/scene/control/skin/resources/controls_en> (0x000000070efd0d60) 
thrown [src/hotspot/share/prims/jni.cpp, line 535]
Event: 0.541 Thread 0x0000000138878c00 Exception <a 'java/lang/ClassNotFoundException'{0x000000070efd1c58}: com/sun/javafx/scene/control/skin/resources/controls_en_SG> (0x000000070efd1c58) 
thrown [src/hotspot/share/prims/jni.cpp, line 535]
Event: 0.553 Thread 0x0000000138878c00 Exception <a 'java/lang/NoSuchMethodError'{0x000000070ed20708}: 'java.lang.Object java.lang.invoke.DirectMethodHandle$Holder.invokeInterface(java.lang.Object, java.lang.Object, java.lang.Object)'> (0x000000070ed20708) 
thrown [src/hotspot/share/interpreter/linkResolver.cpp, line 759]
Event: 0.553 Thread 0x0000000138878c00 Exception <a 'java/lang/IncompatibleClassChangeError'{0x000000070ed24090}: Found class java.lang.Object, but interface was expected> (0x000000070ed24090) 
thrown [src/hotspot/share/interpreter/linkResolver.cpp, line 826]
Event: 0.587 Thread 0x0000000138878c00 Exception <a 'java/io/FileNotFoundException'{0x000000070eae26a0}> (0x000000070eae26a0) 
thrown [src/hotspot/share/prims/jni.cpp, line 516]
Event: 0.649 Thread 0x0000000138878c00 Exception <a 'java/lang/NoSuchMethodError'{0x000000070fe18418}: 'java.lang.Object java.lang.invoke.DirectMethodHandle$Holder.newInvokeSpecial(java.lang.Object, java.lang.Object, int)'> (0x000000070fe18418) 
thrown [src/hotspot/share/interpreter/linkResolver.cpp, line 759]
Event: 0.679 Thread 0x0000000138809200 Exception <a 'java/lang/NoSuchMethodError'{0x000000070ff4be00}: 'int java.lang.invoke.DirectMethodHandle$Holder.invokeStaticInit(java.lang.Object, java.lang.Object)'> (0x000000070ff4be00) 
thrown [src/hotspot/share/interpreter/linkResolver.cpp, line 759]
Event: 0.702 Thread 0x0000000138878c00 Exception <a 'java/lang/NoSuchMethodError'{0x000000070fe456c8}: 'long java.lang.invoke.DirectMethodHandle$Holder.invokeStatic(java.lang.Object, java.lang.Object, java.lang.Object)'> (0x000000070fe456c8) 
thrown [src/hotspot/share/interpreter/linkResolver.cpp, line 759]
Event: 0.702 Thread 0x0000000138878c00 Exception <a 'java/lang/NoSuchMethodError'{0x000000070fe48e70}: 'long java.lang.invoke.DirectMethodHandle$Holder.invokeStaticInit(java.lang.Object, java.lang.Object, java.lang.Object)'> (0x000000070fe48e70) 
thrown [src/hotspot/share/interpreter/linkResolver.cpp, line 759]
Event: 0.702 Thread 0x0000000138878c00 Exception <a 'java/lang/NoSuchMethodError'{0x000000070fe60a70}: 'java.lang.Object java.lang.invoke.DirectMethodHandle$Holder.newInvokeSpecial(java.lang.Object, java.lang.Object, long)'> (0x000000070fe60a70) 
thrown [src/hotspot/share/interpreter/linkResolver.cpp, line 759]
Event: 0.702 Thread 0x0000000138878c00 Exception <a 'java/lang/NoSuchMethodError'{0x000000070fe64338}: 'java.lang.Object java.lang.invoke.Invokers$Holder.linkToTargetMethod(java.lang.Object, long, java.lang.Object)'> (0x000000070fe64338) 
thrown [src/hotspot/share/interpreter/linkResolver.cpp, line 759]
Event: 1.754 Thread 0x0000000138878c00 Exception <a 'java/lang/NoSuchMethodError'{0x000000070fd00418}: 'void java.lang.invoke.DirectMethodHandle$Holder.invokeVirtual(java.lang.Object, java.lang.Object)'> (0x000000070fd00418) 
thrown [src/hotspot/share/interpreter/linkResolver.cpp, line 759]
Event: 2.250 Thread 0x0000000138809200 Exception <a 'java/lang/NoSuchMethodError'{0x000000070fcdd1f0}: 'java.lang.Object java.lang.invoke.DirectMethodHandle$Holder.invokeStaticInit(java.lang.Object, int)'> (0x000000070fcdd1f0) 
thrown [src/hotspot/share/interpreter/linkResolver.cpp, line 759]

VM Operations (20 events):
Event: 24.343 Executing VM operation: Cleanup
Event: 24.344 Executing VM operation: Cleanup done
Event: 25.344 Executing VM operation: Cleanup
Event: 25.344 Executing VM operation: Cleanup done
Event: 26.349 Executing VM operation: Cleanup
Event: 26.349 Executing VM operation: Cleanup done
Event: 27.350 Executing VM operation: Cleanup
Event: 27.351 Executing VM operation: Cleanup done
Event: 28.356 Executing VM operation: Cleanup
Event: 28.356 Executing VM operation: Cleanup done
Event: 29.361 Executing VM operation: Cleanup
Event: 29.361 Executing VM operation: Cleanup done
Event: 30.366 Executing VM operation: Cleanup
Event: 30.366 Executing VM operation: Cleanup done
Event: 31.372 Executing VM operation: Cleanup
Event: 31.373 Executing VM operation: Cleanup done
Event: 33.379 Executing VM operation: Cleanup
Event: 33.379 Executing VM operation: Cleanup done
Event: 34.379 Executing VM operation: Cleanup
Event: 34.379 Executing VM operation: Cleanup done

Events (20 events):
Event: 2.194 loading class sun/util/locale/provider/CalendarDataUtility$CalendarFieldValueNameGetter
Event: 2.194 loading class sun/util/locale/provider/CalendarDataUtility$CalendarFieldValueNameGetter done
Event: 2.197 loading class java/util/Formatter$FixedString
Event: 2.197 loading class java/util/Formatter$FixedString done
Event: 2.246 loading class java/nio/DirectFloatBufferU
Event: 2.246 loading class java/nio/DirectFloatBufferU done
Event: 30.778 loading class sun/invoke/util/VerifyAccess$1
Event: 30.778 loading class sun/invoke/util/VerifyAccess$1 done
Event: 34.385 Protecting memory [0x000000016e194000,0x000000016e1a0000] with protection modes 3
Event: 34.385 Thread 0x0000000138809200 Thread exited: 0x0000000138809200
Event: 34.385 Protecting memory [0x000000016df88000,0x000000016df94000] with protection modes 3
Event: 34.385 Thread 0x000000013280f400 Thread exited: 0x000000013280f400
Event: 34.385 Protecting memory [0x000000016b998000,0x000000016b9a4000] with protection modes 3
Event: 34.385 Thread 0x000000013800e200 Thread exited: 0x000000013800e200
Event: 34.385 Protecting memory [0x000000016b998000,0x000000016b9a4000] with protection modes 0
Event: 34.385 Thread 0x000000013e52f200 Thread added: 0x000000013e52f200
Event: 34.385 Protecting memory [0x000000016b110000,0x000000016b11c000] with protection modes 3
Event: 34.385 Thread 0x0000000138878c00 Thread exited: 0x0000000138878c00
Event: 34.385 Protecting memory [0x000000016b998000,0x000000016b9a4000] with protection modes 3
Event: 34.385 Thread 0x000000013e52f200 Thread exited: 0x000000013e52f200


Dynamic libraries:
0x00000001045b4000 	/Users/linkes/.sdkman/candidates/java/17.0.11.fx-zulu/zulu-17.jdk/Contents/Home/lib/libjli.dylib
0x00000001c1368000 	/System/Library/Frameworks/Cocoa.framework/Versions/A/Cocoa
0x00000001ad18c000 	/System/Library/Frameworks/AppKit.framework/Versions/C/AppKit
0x00000001afb34000 	/System/Library/Frameworks/CoreData.framework/Versions/A/CoreData
0x00000001aaded000 	/System/Library/Frameworks/Foundation.framework/Versions/C/Foundation
0x00000001b5518000 	/usr/lib/libSystem.B.dylib
0x00000001ae098000 	/System/Library/PrivateFrameworks/UIFoundation.framework/Versions/A/UIFoundation
0x000000021661d000 	/System/Library/PrivateFrameworks/CollectionViewCore.framework/Versions/A/CollectionViewCore
0x00000001bb7d4000 	/System/Library/PrivateFrameworks/RemoteViewServices.framework/Versions/A/RemoteViewServices
0x00000001b393a000 	/System/Library/PrivateFrameworks/XCTTargetBootstrap.framework/Versions/A/XCTTargetBootstrap
0x00000001b72ae000 	/System/Library/PrivateFrameworks/InternationalSupport.framework/Versions/A/InternationalSupport
0x00000001b7335000 	/System/Library/PrivateFrameworks/UserActivity.framework/Versions/A/UserActivity
0x000000022d836000 	/System/Library/PrivateFrameworks/WindowManagement.framework/Versions/A/WindowManagement
0x00000001aaab6000 	/System/Library/Frameworks/SystemConfiguration.framework/Versions/A/SystemConfiguration
0x00000001b67b2000 	/usr/lib/libspindump.dylib
0x00000001ae23e000 	/System/Library/Frameworks/UniformTypeIdentifiers.framework/Versions/A/UniformTypeIdentifiers
0x00000001b1c4d000 	/usr/lib/libapp_launch_measurement.dylib
0x00000001b10fb000 	/System/Library/PrivateFrameworks/CoreAnalytics.framework/Versions/A/CoreAnalytics
0x00000001b1c54000 	/System/Library/PrivateFrameworks/CoreAutoLayout.framework/Versions/A/CoreAutoLayout
0x00000001b3148000 	/System/Library/Frameworks/Metal.framework/Versions/A/Metal
0x00000001b4099000 	/usr/lib/liblangid.dylib
0x00000001b3940000 	/System/Library/PrivateFrameworks/CoreSVG.framework/Versions/A/CoreSVG
0x00000001aeb66000 	/System/Library/PrivateFrameworks/SkyLight.framework/Versions/A/SkyLight
0x00000001aef7e000 	/System/Library/Frameworks/CoreGraphics.framework/Versions/A/CoreGraphics
0x00000001bbe9f000 	/System/Library/Frameworks/Accelerate.framework/Versions/A/Accelerate
0x00000001b6220000 	/System/Library/PrivateFrameworks/IconServices.framework/Versions/A/IconServices
0x00000001b3128000 	/System/Library/Frameworks/IOSurface.framework/Versions/A/IOSurface
0x00000001b1129000 	/usr/lib/libDiagnosticMessagesClient.dylib
0x00000001b545e000 	/usr/lib/libz.1.dylib
0x00000001bf13b000 	/System/Library/Frameworks/ApplicationServices.framework/Versions/A/ApplicationServices
0x00000001b3922000 	/System/Library/PrivateFrameworks/DFRFoundation.framework/Versions/A/DFRFoundation
0x00000001aca0a000 	/usr/lib/libicucore.A.dylib
0x00000001b823f000 	/System/Library/Frameworks/AudioToolbox.framework/Versions/A/AudioToolbox
0x00000001b72b9000 	/System/Library/PrivateFrameworks/DataDetectorsCore.framework/Versions/A/DataDetectorsCore
0x00000001ce447000 	/System/Library/PrivateFrameworks/TextInput.framework/Versions/A/TextInput
0x00000001aeacb000 	/usr/lib/libMobileGestalt.dylib
0x00000001b35ee000 	/System/Library/Frameworks/Carbon.framework/Versions/A/Frameworks/HIToolbox.framework/Versions/A/HIToolbox
0x00000001b15d4000 	/System/Library/Frameworks/QuartzCore.framework/Versions/A/QuartzCore
0x00000001ac665000 	/System/Library/Frameworks/Security.framework/Versions/A/Security
0x00000001bb814000 	/System/Library/Frameworks/Carbon.framework/Versions/A/Frameworks/SpeechRecognition.framework/Versions/A/SpeechRecognition
0x00000001b198c000 	/System/Library/PrivateFrameworks/CoreUI.framework/Versions/A/CoreUI
0x00000001abf5d000 	/System/Library/Frameworks/CoreAudio.framework/Versions/A/CoreAudio
0x00000001b1205000 	/System/Library/Frameworks/DiskArbitration.framework/Versions/A/DiskArbitration
0x00000001b6be6000 	/System/Library/PrivateFrameworks/MultitouchSupport.framework/Versions/A/MultitouchSupport
0x00000001aeac9000 	/usr/lib/libenergytrace.dylib
0x00000001ad04f000 	/System/Library/Frameworks/IOKit.framework/Versions/A/IOKit
0x00000001bbbfb000 	/System/Library/Frameworks/CoreServices.framework/Versions/A/CoreServices
0x00000001b1bda000 	/System/Library/PrivateFrameworks/PerformanceAnalysis.framework/Versions/A/PerformanceAnalysis
0x00000001f93a7000 	/System/Library/Frameworks/OpenGL.framework/Versions/A/OpenGL
0x00000001b1c9e000 	/usr/lib/libxml2.2.dylib
0x00000001b4a6d000 	/System/Library/PrivateFrameworks/MobileKeyBag.framework/Versions/A/MobileKeyBag
0x00000001a9aec000 	/usr/lib/libobjc.A.dylib
0x00000001a9da2000 	/usr/lib/libc++.1.dylib
0x00000001af5c9000 	/System/Library/Frameworks/ColorSync.framework/Versions/A/ColorSync
0x00000001a9ec0000 	/System/Library/Frameworks/CoreFoundation.framework/Versions/A/CoreFoundation
0x00000001b3cba000 	/System/Library/Frameworks/CoreImage.framework/Versions/A/CoreImage
0x00000001abd7e000 	/System/Library/Frameworks/CoreText.framework/Versions/A/CoreText
0x00000001b3979000 	/System/Library/Frameworks/ImageIO.framework/Versions/A/ImageIO
0x00000001b551e000 	/System/Library/PrivateFrameworks/SoftLinking.framework/Versions/A/SoftLinking
0x00000001b57b2000 	/usr/lib/libcompression.dylib
0x00000001b720a000 	/System/Library/PrivateFrameworks/TextureIO.framework/Versions/A/TextureIO
0x00000001b5ef2000 	/usr/lib/libate.dylib
0x00000001b5512000 	/usr/lib/system/libcache.dylib
0x00000001b54cb000 	/usr/lib/system/libcommonCrypto.dylib
0x00000001b54f9000 	/usr/lib/system/libcompiler_rt.dylib
0x00000001b54ef000 	/usr/lib/system/libcopyfile.dylib
0x00000001a9c20000 	/usr/lib/system/libcorecrypto.dylib
0x00000001a9cd6000 	/usr/lib/system/libdispatch.dylib
0x00000001a9e68000 	/usr/lib/system/libdyld.dylib
0x00000001b5508000 	/usr/lib/system/libkeymgr.dylib
0x00000001b54a9000 	/usr/lib/system/libmacho.dylib
0x00000001b4b67000 	/usr/lib/system/libquarantine.dylib
0x00000001b5505000 	/usr/lib/system/libremovefile.dylib
0x00000001aeb30000 	/usr/lib/system/libsystem_asl.dylib
0x00000001a9bbd000 	/usr/lib/system/libsystem_blocks.dylib
0x00000001a9d21000 	/usr/lib/system/libsystem_c.dylib
0x00000001b54fd000 	/usr/lib/system/libsystem_collections.dylib
0x00000001b4087000 	/usr/lib/system/libsystem_configuration.dylib
0x00000001b30f6000 	/usr/lib/system/libsystem_containermanager.dylib
0x00000001b51a8000 	/usr/lib/system/libsystem_coreservices.dylib
0x00000001accc1000 	/usr/lib/system/libsystem_darwin.dylib
0x00000001b5509000 	/usr/lib/system/libsystem_dnssd.dylib
0x00000001a9d1e000 	/usr/lib/system/libsystem_featureflags.dylib
0x00000001a9e94000 	/usr/lib/system/libsystem_info.dylib
0x00000001b5470000 	/usr/lib/system/libsystem_m.dylib
0x00000001a9caa000 	/usr/lib/system/libsystem_malloc.dylib
0x00000001aeab0000 	/usr/lib/system/libsystem_networkextension.dylib
0x00000001ad12b000 	/usr/lib/system/libsystem_notify.dylib
0x00000001b408c000 	/usr/lib/system/libsystem_sandbox.dylib
0x00000001b5502000 	/usr/lib/system/libsystem_secinit.dylib
0x00000001a9e21000 	/usr/lib/system/libsystem_kernel.dylib
0x00000001a9e8c000 	/usr/lib/system/libsystem_platform.dylib
0x00000001a9e5b000 	/usr/lib/system/libsystem_pthread.dylib
0x00000001b0305000 	/usr/lib/system/libsystem_symptoms.dylib
0x00000001a9c06000 	/usr/lib/system/libsystem_trace.dylib
0x00000001b54dc000 	/usr/lib/system/libunwind.dylib
0x00000001a9bc2000 	/usr/lib/system/libxpc.dylib
0x00000001a9e09000 	/usr/lib/libc++abi.dylib
0x00000001b54e7000 	/usr/lib/liboah.dylib
0x00000001b5daf000 	/usr/lib/liblzma.5.dylib
0x00000001b551a000 	/usr/lib/libfakelink.dylib
0x00000001ae6ee000 	/System/Library/Frameworks/CFNetwork.framework/Versions/A/CFNetwork
0x00000001b5659000 	/usr/lib/libarchive.2.dylib
0x00000001b9b4e000 	/System/Library/Frameworks/Combine.framework/Versions/A/Combine
0x00000001b7c09000 	/usr/lib/swift/libswiftCore.dylib
0x00000001cb51c000 	/usr/lib/swift/libswiftCoreFoundation.dylib
0x00000001c93d9000 	/usr/lib/swift/libswiftDarwin.dylib
0x00000001bd114000 	/usr/lib/swift/libswiftDispatch.dylib
0x00000001cb53d000 	/usr/lib/swift/libswiftIOKit.dylib
0x00000001bf566000 	/usr/lib/swift/libswiftObjectiveC.dylib
0x00000001cb530000 	/usr/lib/swift/libswiftXPC.dylib
0x000000023406e000 	/usr/lib/swift/libswift_Concurrency.dylib
0x00000002341c0000 	/usr/lib/swift/libswift_StringProcessing.dylib
0x00000001bf56a000 	/usr/lib/swift/libswiftos.dylib
0x00000001acfd4000 	/System/Library/PrivateFrameworks/CoreServicesInternal.framework/Versions/A/CoreServicesInternal
0x00000001b4b92000 	/usr/lib/libbsm.0.dylib
0x00000001b54af000 	/usr/lib/system/libkxld.dylib
0x00000001b1c16000 	/System/Library/Frameworks/CoreServices.framework/Versions/A/Frameworks/FSEvents.framework/Versions/A/FSEvents
0x00000001acccc000 	/System/Library/Frameworks/CoreServices.framework/Versions/A/Frameworks/CarbonCore.framework/Versions/A/CarbonCore
0x00000001b116c000 	/System/Library/Frameworks/CoreServices.framework/Versions/A/Frameworks/Metadata.framework/Versions/A/Metadata
0x00000001b51ae000 	/System/Library/Frameworks/CoreServices.framework/Versions/A/Frameworks/OSServices.framework/Versions/A/OSServices
0x00000001b56e0000 	/System/Library/Frameworks/CoreServices.framework/Versions/A/Frameworks/SearchKit.framework/Versions/A/SearchKit
0x00000001b0288000 	/System/Library/Frameworks/CoreServices.framework/Versions/A/Frameworks/AE.framework/Versions/A/AE
0x00000001aa398000 	/System/Library/Frameworks/CoreServices.framework/Versions/A/Frameworks/LaunchServices.framework/Versions/A/LaunchServices
0x00000001b5d58000 	/System/Library/Frameworks/CoreServices.framework/Versions/A/Frameworks/DictionaryServices.framework/Versions/A/DictionaryServices
0x00000001b1c23000 	/System/Library/Frameworks/CoreServices.framework/Versions/A/Frameworks/SharedFileList.framework/Versions/A/SharedFileList
0x00000001b577f000 	/usr/lib/libapple_nghttp2.dylib
0x00000001ae6ea000 	/usr/lib/libnetwork.dylib
0x00000001aff0c000 	/usr/lib/libsqlite3.dylib
0x00000001b030e000 	/System/Library/Frameworks/Network.framework/Versions/A/Network
0x00000002331bb000 	/usr/lib/libCoreEntitlements.dylib
0x000000021fc28000 	/System/Library/PrivateFrameworks/MessageSecurity.framework/Versions/A/MessageSecurity
0x00000001afef2000 	/System/Library/PrivateFrameworks/ProtocolBuffer.framework/Versions/A/ProtocolBuffer
0x00000001b518a000 	/System/Library/PrivateFrameworks/AppleFSCompression.framework/Versions/A/AppleFSCompression
0x00000001b4b7a000 	/usr/lib/libcoretls.dylib
0x00000001b5dc8000 	/usr/lib/libcoretls_cfhelpers.dylib
0x00000001b57ac000 	/usr/lib/libpam.2.dylib
0x00000001b5e30000 	/usr/lib/libxar.1.dylib
0x00000001b61fb000 	/usr/lib/libheimdal-asn1.dylib
0x00000001b551f000 	/usr/lib/libpcap.A.dylib
0x00000001b02fb000 	/usr/lib/libdns_services.dylib
0x00000001b4094000 	/System/Library/PrivateFrameworks/AppleSystemInfo.framework/Versions/A/AppleSystemInfo
0x00000001b486e000 	/System/Library/PrivateFrameworks/IOMobileFramebuffer.framework/Versions/A/IOMobileFramebuffer
0x00000001b519b000 	/usr/lib/libbz2.1.0.dylib
0x00000001b4b6a000 	/usr/lib/libCheckFix.dylib
0x00000001aeb48000 	/System/Library/PrivateFrameworks/TCC.framework/Versions/A/TCC
0x00000001b409b000 	/System/Library/PrivateFrameworks/CoreNLP.framework/Versions/A/CoreNLP
0x00000001b112b000 	/System/Library/PrivateFrameworks/MetadataUtilities.framework/Versions/A/MetadataUtilities
0x00000001b4ba3000 	/usr/lib/libmecab.dylib
0x00000001aab40000 	/usr/lib/libCRFSuite.dylib
0x00000001b4c00000 	/usr/lib/libgermantok.dylib
0x00000001b5758000 	/usr/lib/libThaiTokenizer.dylib
0x00000001b120e000 	/System/Library/Frameworks/Accelerate.framework/Versions/A/Frameworks/vImage.framework/Versions/A/vImage
0x00000001bbbd2000 	/System/Library/Frameworks/Accelerate.framework/Versions/A/Frameworks/vecLib.framework/Versions/A/vecLib
0x00000001b5e76000 	/System/Library/Frameworks/Accelerate.framework/Versions/A/Frameworks/vecLib.framework/Versions/A/libvMisc.dylib
0x00000001b476e000 	/System/Library/Frameworks/Accelerate.framework/Versions/A/Frameworks/vecLib.framework/Versions/A/libvDSP.dylib
0x00000001aa74c000 	/System/Library/Frameworks/Accelerate.framework/Versions/A/Frameworks/vecLib.framework/Versions/A/libBLAS.dylib
0x00000001b5884000 	/System/Library/Frameworks/Accelerate.framework/Versions/A/Frameworks/vecLib.framework/Versions/A/libLAPACK.dylib
0x00000001b4c03000 	/System/Library/Frameworks/Accelerate.framework/Versions/A/Frameworks/vecLib.framework/Versions/A/libLinearAlgebra.dylib
0x00000001b5797000 	/System/Library/Frameworks/Accelerate.framework/Versions/A/Frameworks/vecLib.framework/Versions/A/libSparseBLAS.dylib
0x00000001b587f000 	/System/Library/Frameworks/Accelerate.framework/Versions/A/Frameworks/vecLib.framework/Versions/A/libQuadrature.dylib
0x00000001b4194000 	/System/Library/Frameworks/Accelerate.framework/Versions/A/Frameworks/vecLib.framework/Versions/A/libBNNS.dylib
0x00000001aaa4f000 	/System/Library/Frameworks/Accelerate.framework/Versions/A/Frameworks/vecLib.framework/Versions/A/libSparse.dylib
0x000000021ef5e000 	/System/Library/PrivateFrameworks/MIL.framework/Versions/A/MIL
0x00000001b5554000 	/usr/lib/libiconv.2.dylib
0x00000001b54a8000 	/usr/lib/libcharset.1.dylib
0x00000001b1bf6000 	/System/Library/Frameworks/OpenDirectory.framework/Versions/A/Frameworks/CFOpenDirectory.framework/Versions/A/CFOpenDirectory
0x00000001b1be6000 	/System/Library/Frameworks/OpenDirectory.framework/Versions/A/OpenDirectory
0x00000001b5dca000 	/System/Library/PrivateFrameworks/APFS.framework/Versions/A/APFS
0x00000001b4aa4000 	/System/Library/Frameworks/SecurityFoundation.framework/Versions/A/SecurityFoundation
0x00000001b5e3f000 	/usr/lib/libutil.dylib
0x000000021dfd3000 	/System/Library/PrivateFrameworks/InstalledContentLibrary.framework/Versions/A/InstalledContentLibrary
0x00000001ad012000 	/System/Library/PrivateFrameworks/CoreServicesStore.framework/Versions/A/CoreServicesStore
0x0000000214fce000 	/System/Library/PrivateFrameworks/AppleMobileFileIntegrity.framework/Versions/A/AppleMobileFileIntegrity
0x00000001cb4fb000 	/usr/lib/libmis.dylib
0x00000001d945c000 	/System/Library/PrivateFrameworks/MobileSystemServices.framework/Versions/A/MobileSystemServices
0x00000001f3c99000 	/System/Library/PrivateFrameworks/ConfigProfileHelper.framework/Versions/A/ConfigProfileHelper
0x00000001b575a000 	/System/Library/PrivateFrameworks/AppleSauce.framework/Versions/A/AppleSauce
0x00000001ab827000 	/System/Library/PrivateFrameworks/LanguageModeling.framework/Versions/A/LanguageModeling
0x00000001b5e43000 	/usr/lib/libxslt.1.dylib
0x00000001b5647000 	/usr/lib/libcmph.dylib
0x00000001b485b000 	/System/Library/PrivateFrameworks/CoreEmoji.framework/Versions/A/CoreEmoji
0x00000001b418e000 	/System/Library/PrivateFrameworks/LinguisticData.framework/Versions/A/LinguisticData
0x00000001aaa07000 	/System/Library/PrivateFrameworks/Lexicon.framework/Versions/A/Lexicon
0x00000001b4b37000 	/System/Library/PrivateFrameworks/BackgroundTaskManagement.framework/Versions/A/BackgroundTaskManagement
0x000000023335e000 	/usr/lib/libTLE.dylib
0x000000023410b000 	/usr/lib/swift/libswift_RegexParser.dylib
0x00000001b6aab000 	/System/Library/PrivateFrameworks/AppleJPEG.framework/Versions/A/AppleJPEG
0x00000001b61e0000 	/usr/lib/libexpat.1.dylib
0x00000001b706c000 	/System/Library/Frameworks/ImageIO.framework/Versions/A/Resources/libPng.dylib
0x00000001b7097000 	/System/Library/Frameworks/ImageIO.framework/Versions/A/Resources/libTIFF.dylib
0x00000001b7180000 	/System/Library/Frameworks/ImageIO.framework/Versions/A/Resources/libGIF.dylib
0x00000001b6af0000 	/System/Library/Frameworks/ImageIO.framework/Versions/A/Resources/libJP2.dylib
0x00000001b7124000 	/System/Library/Frameworks/ImageIO.framework/Versions/A/Resources/libJPEG.dylib
0x00000001b711b000 	/System/Library/Frameworks/ImageIO.framework/Versions/A/Resources/libRadiance.dylib
0x00000001b3477000 	/System/Library/PrivateFrameworks/FontServices.framework/libFontParser.dylib
0x00000001b022a000 	/System/Library/PrivateFrameworks/RunningBoardServices.framework/Versions/A/RunningBoardServices
0x00000001c1a9a000 	/System/Library/PrivateFrameworks/IOSurfaceAccelerator.framework/Versions/A/IOSurfaceAccelerator
0x00000001b6be2000 	/System/Library/PrivateFrameworks/WatchdogClient.framework/Versions/A/WatchdogClient
0x00000001ab9a0000 	/System/Library/Frameworks/CoreDisplay.framework/Versions/A/CoreDisplay
0x00000001b3351000 	/System/Library/Frameworks/CoreMedia.framework/Versions/A/CoreMedia
0x00000001b313e000 	/System/Library/PrivateFrameworks/IOAccelerator.framework/Versions/A/IOAccelerator
0x00000001b1d87000 	/System/Library/Frameworks/CoreVideo.framework/Versions/A/CoreVideo
0x00000001b57aa000 	/System/Library/Frameworks/MetalPerformanceShaders.framework/Versions/A/MetalPerformanceShaders
0x00000001b6c21000 	/System/Library/Frameworks/VideoToolbox.framework/Versions/A/VideoToolbox
0x00000001b016d000 	/System/Library/PrivateFrameworks/BaseBoard.framework/Versions/A/BaseBoard
0x00000001b7116000 	/System/Library/PrivateFrameworks/GPUWrangler.framework/Versions/A/GPUWrangler
0x00000001b70f6000 	/System/Library/PrivateFrameworks/IOPresentment.framework/Versions/A/IOPresentment
0x00000001b711e000 	/System/Library/PrivateFrameworks/DSExternalDisplay.framework/Versions/A/DSExternalDisplay
0x000000021a77c000 	/System/Library/PrivateFrameworks/GPUCompiler.framework/Versions/31001/Libraries/libllvm-flatbuffers.dylib
0x00000001f939a000 	/System/Library/Frameworks/OpenGL.framework/Versions/A/Libraries/libCoreFSCache.dylib
0x000000021a778000 	/System/Library/PrivateFrameworks/GPUCompiler.framework/Versions/31001/Libraries/libGPUCompilerUtils.dylib
0x00000001b7186000 	/System/Library/PrivateFrameworks/CMCaptureCore.framework/Versions/A/CMCaptureCore
0x000000020f0d7000 	/System/Library/Frameworks/ExtensionFoundation.framework/Versions/A/ExtensionFoundation
0x00000001bd8bb000 	/System/Library/PrivateFrameworks/CoreTime.framework/Versions/A/CoreTime
0x00000001b679d000 	/System/Library/PrivateFrameworks/AppServerSupport.framework/Versions/A/AppServerSupport
0x00000001b8b21000 	/System/Library/PrivateFrameworks/perfdata.framework/Versions/A/perfdata
0x00000001abac0000 	/System/Library/PrivateFrameworks/AudioToolboxCore.framework/Versions/A/AudioToolboxCore
0x00000001b3327000 	/System/Library/PrivateFrameworks/caulk.framework/Versions/A/caulk
0x00000001b83de000 	/usr/lib/libAudioStatistics.dylib
0x00000001ca921000 	/System/Library/PrivateFrameworks/SystemPolicy.framework/Versions/A/SystemPolicy
0x00000001b8680000 	/usr/lib/libSMC.dylib
0x00000001c123d000 	/System/Library/Frameworks/CoreMIDI.framework/Versions/A/CoreMIDI
0x00000001b7039000 	/usr/lib/libAudioToolboxUtility.dylib
0x00000001c6694000 	/System/Library/PrivateFrameworks/OSAServicesClient.framework/Versions/A/OSAServicesClient
0x00000001b8b2e000 	/usr/lib/libperfcheck.dylib
0x00000001b60cb000 	/System/Library/PrivateFrameworks/PlugInKit.framework/Versions/A/PlugInKit
0x00000001b4a96000 	/System/Library/PrivateFrameworks/AssertionServices.framework/Versions/A/AssertionServices
0x00000001f93fc000 	/System/Library/Frameworks/OpenGL.framework/Versions/A/Libraries/libGLU.dylib
0x00000001f93bb000 	/System/Library/Frameworks/OpenGL.framework/Versions/A/Libraries/libGFXShared.dylib
0x00000001f95a2000 	/System/Library/Frameworks/OpenGL.framework/Versions/A/Libraries/libGL.dylib
0x00000001f93c4000 	/System/Library/Frameworks/OpenGL.framework/Versions/A/Libraries/libGLImage.dylib
0x00000001f93b8000 	/System/Library/Frameworks/OpenGL.framework/Versions/A/Libraries/libCVMSPluginSupport.dylib
0x000000023333d000 	/usr/lib/libRosetta.dylib
0x00000001f93a1000 	/System/Library/Frameworks/OpenGL.framework/Versions/A/Libraries/libCoreVMClient.dylib
0x00000001b400c000 	/System/Library/Frameworks/MetalPerformanceShaders.framework/Versions/A/Frameworks/MPSCore.framework/Versions/A/MPSCore
0x00000001b5100000 	/System/Library/Frameworks/MetalPerformanceShaders.framework/Versions/A/Frameworks/MPSImage.framework/Versions/A/MPSImage
0x00000001b4c18000 	/System/Library/Frameworks/MetalPerformanceShaders.framework/Versions/A/Frameworks/MPSNeuralNetwork.framework/Versions/A/MPSNeuralNetwork
0x00000001b5004000 	/System/Library/Frameworks/MetalPerformanceShaders.framework/Versions/A/Frameworks/MPSMatrix.framework/Versions/A/MPSMatrix
0x00000001b4e16000 	/System/Library/Frameworks/MetalPerformanceShaders.framework/Versions/A/Frameworks/MPSRayIntersector.framework/Versions/A/MPSRayIntersector
0x00000001b5033000 	/System/Library/Frameworks/MetalPerformanceShaders.framework/Versions/A/Frameworks/MPSNDArray.framework/Versions/A/MPSNDArray
0x00000002104a5000 	/System/Library/Frameworks/MetalPerformanceShaders.framework/Versions/A/Frameworks/MPSFunctions.framework/Versions/A/MPSFunctions
0x00000001aa612000 	/System/Library/PrivateFrameworks/MetalTools.framework/Versions/A/MetalTools
0x00000001b4092000 	/System/Library/PrivateFrameworks/AggregateDictionary.framework/Versions/A/AggregateDictionary
0x00000001b5f84000 	/usr/lib/libIOReport.dylib
0x00000001c042a000 	/System/Library/PrivateFrameworks/ASEProcessing.framework/Versions/A/ASEProcessing
0x00000001b633b000 	/System/Library/PrivateFrameworks/GraphVisualizer.framework/Versions/A/GraphVisualizer
0x000000021a699000 	/System/Library/PrivateFrameworks/FontServices.framework/Versions/A/FontServices
0x00000001b675b000 	/System/Library/PrivateFrameworks/OTSVG.framework/Versions/A/OTSVG
0x00000001b193a000 	/System/Library/Frameworks/ApplicationServices.framework/Versions/A/Frameworks/ATS.framework/Versions/A/Resources/libFontRegistry.dylib
0x00000001b67a7000 	/System/Library/PrivateFrameworks/FontServices.framework/libhvf.dylib
0x000000021a69a000 	/System/Library/PrivateFrameworks/FontServices.framework/libXTFontStaticRegistryData.dylib
0x000000022c536000 	/System/Library/PrivateFrameworks/VideoToolboxParavirtualizationSupport.framework/Versions/A/VideoToolboxParavirtualizationSupport
0x00000001b6194000 	/System/Library/PrivateFrameworks/AppleVA.framework/Versions/A/AppleVA
0x00000001b841e000 	/System/Library/Frameworks/ApplicationServices.framework/Versions/A/Frameworks/ATS.framework/Versions/A/ATS
0x00000001af6bc000 	/System/Library/Frameworks/ApplicationServices.framework/Versions/A/Frameworks/HIServices.framework/Versions/A/HIServices
0x00000001b7192000 	/System/Library/Frameworks/ApplicationServices.framework/Versions/A/Frameworks/PrintCore.framework/Versions/A/PrintCore
0x00000001b87d9000 	/System/Library/Frameworks/ApplicationServices.framework/Versions/A/Frameworks/QD.framework/Versions/A/QD
0x00000001b87cd000 	/System/Library/Frameworks/ApplicationServices.framework/Versions/A/Frameworks/ColorSyncLegacy.framework/Versions/A/ColorSyncLegacy
0x00000001b83f2000 	/System/Library/Frameworks/ApplicationServices.framework/Versions/A/Frameworks/SpeechSynthesis.framework/Versions/A/SpeechSynthesis
0x00000001b7150000 	/System/Library/Frameworks/ApplicationServices.framework/Versions/A/Frameworks/ATSUI.framework/Versions/A/ATSUI
0x00000001b8760000 	/usr/lib/libcups.2.dylib
0x00000001b8b3c000 	/System/Library/Frameworks/Kerberos.framework/Versions/A/Kerberos
0x00000001b8b4d000 	/System/Library/Frameworks/GSS.framework/Versions/A/GSS
0x00000001b8490000 	/usr/lib/libresolv.9.dylib
0x00000001b67b7000 	/System/Library/PrivateFrameworks/Heimdal.framework/Versions/A/Heimdal
0x00000001bf4e8000 	/System/Library/Frameworks/Kerberos.framework/Versions/A/Libraries/libHeimdalProxy.dylib
0x00000001b8b9d000 	/System/Library/PrivateFrameworks/CommonAuth.framework/Versions/A/CommonAuth
0x000000020e311000 	/System/Library/Frameworks/AVFAudio.framework/Versions/A/AVFAudio
0x00000001c66e3000 	/System/Library/PrivateFrameworks/AXCoreUtilities.framework/Versions/A/AXCoreUtilities
0x00000001b836a000 	/System/Library/PrivateFrameworks/AudioSession.framework/Versions/A/AudioSession
0x00000001b9905000 	/System/Library/Frameworks/IOBluetooth.framework/Versions/A/IOBluetooth
0x00000001b6295000 	/System/Library/PrivateFrameworks/MediaExperience.framework/Versions/A/MediaExperience
0x00000001b8205000 	/System/Library/PrivateFrameworks/AudioSession.framework/libSessionUtility.dylib
0x00000001b87e5000 	/System/Library/PrivateFrameworks/AudioResourceArbitration.framework/Versions/A/AudioResourceArbitration
0x00000001bc7ea000 	/System/Library/PrivateFrameworks/PowerLog.framework/Versions/A/PowerLog
0x00000001bc72c000 	/System/Library/Frameworks/CoreBluetooth.framework/Versions/A/CoreBluetooth
0x00000001bf4e9000 	/System/Library/Frameworks/AudioUnit.framework/Versions/A/AudioUnit
0x00000001b48f9000 	/System/Library/PrivateFrameworks/CoreUtils.framework/Versions/A/CoreUtils
0x000000021909a000 	/System/Library/PrivateFrameworks/CoreUtilsExtras.framework/Versions/A/CoreUtilsExtras
0x000000021de6d000 	/System/Library/PrivateFrameworks/IO80211.framework/Versions/A/IO80211
0x00000001b6205000 	/System/Library/PrivateFrameworks/IconFoundation.framework/Versions/A/IconFoundation
0x00000001bb800000 	/System/Library/PrivateFrameworks/SpeechRecognitionCore.framework/Versions/A/SpeechRecognitionCore
0x0000000105614000 	/Users/linkes/.sdkman/candidates/java/17.0.11.fx-zulu/zulu-17.jdk/Contents/Home/lib/server/libjvm.dylib
0x0000000104560000 	/Users/linkes/.sdkman/candidates/java/17.0.11.fx-zulu/zulu-17.jdk/Contents/Home/lib/libjimage.dylib
0x0000000104678000 	/Users/linkes/.sdkman/candidates/java/17.0.11.fx-zulu/zulu-17.jdk/Contents/Home/lib/libjava.dylib
0x0000000105300000 	/Users/linkes/.sdkman/candidates/java/17.0.11.fx-zulu/zulu-17.jdk/Contents/Home/lib/libnio.dylib
0x0000000105320000 	/Users/linkes/.sdkman/candidates/java/17.0.11.fx-zulu/zulu-17.jdk/Contents/Home/lib/libnet.dylib
0x0000000105344000 	/Users/linkes/.sdkman/candidates/java/17.0.11.fx-zulu/zulu-17.jdk/Contents/Home/lib/libprism_es2.dylib
0x00000001ca318000 	/System/Library/Frameworks/Carbon.framework/Versions/A/Carbon
0x00000001c2fe4000 	/System/Library/Frameworks/Carbon.framework/Versions/A/Frameworks/CommonPanels.framework/Versions/A/CommonPanels
0x00000001bee6d000 	/System/Library/Frameworks/Carbon.framework/Versions/A/Frameworks/Help.framework/Versions/A/Help
0x00000001c2fe8000 	/System/Library/Frameworks/Carbon.framework/Versions/A/Frameworks/ImageCapture.framework/Versions/A/ImageCapture
0x00000001c2fb4000 	/System/Library/Frameworks/Carbon.framework/Versions/A/Frameworks/OpenScripting.framework/Versions/A/OpenScripting
0x00000001c2fe0000 	/System/Library/Frameworks/Carbon.framework/Versions/A/Frameworks/Ink.framework/Versions/A/Ink
0x00000001ca314000 	/System/Library/Frameworks/Carbon.framework/Versions/A/Frameworks/Print.framework/Versions/A/Print
0x00000001c2fdc000 	/System/Library/Frameworks/Carbon.framework/Versions/A/Frameworks/SecurityHI.framework/Versions/A/SecurityHI
0x00000001f95ac000 	/System/Library/Frameworks/OpenGL.framework/Versions/A/Resources/GLEngine.bundle/GLEngine
0x00000001f9436000 	/System/Library/Frameworks/OpenGL.framework/Versions/A/Libraries/libGLProgrammability.dylib
0x00000001275c0000 	/System/Library/Extensions/AppleMetalOpenGLRenderer.bundle/Contents/MacOS/AppleMetalOpenGLRenderer
0x00000001f971a000 	/System/Library/Frameworks/OpenGL.framework/Versions/A/Resources/GLRendererFloat.bundle/GLRendererFloat
0x000000020d405000 	/System/Library/Extensions/AGXMetalG14G.bundle/Contents/MacOS/AGXMetalG14G
0x00000001cb50f000 	/System/Library/PrivateFrameworks/GPURawCounter.framework/Versions/A/GPURawCounter
0x00000001c578e000 	/System/Library/PrivateFrameworks/IOGPU.framework/Versions/A/IOGPU
0x00000001274e8000 	/Users/linkes/.sdkman/candidates/java/17.0.11.fx-zulu/zulu-17.jdk/Contents/Home/lib/libglass.dylib
0x00000001bca3a000 	/System/Library/Frameworks/FileProvider.framework/Versions/A/FileProvider
0x00000001b00d5000 	/System/Library/Frameworks/Accounts.framework/Versions/A/Accounts
0x00000001b1e25000 	/System/Library/PrivateFrameworks/UserManagement.framework/Versions/A/UserManagement
0x00000001bcbc4000 	/System/Library/PrivateFrameworks/GenerationalStorage.framework/Versions/A/GenerationalStorage
0x00000001bd7e1000 	/System/Library/PrivateFrameworks/CoreSymbolication.framework/Versions/A/CoreSymbolication
0x00000001bc7de000 	/System/Library/PrivateFrameworks/SymptomDiagnosticReporter.framework/Versions/A/SymptomDiagnosticReporter
0x00000001ae254000 	/System/Library/PrivateFrameworks/DesktopServicesPriv.framework/Versions/A/DesktopServicesPriv
0x00000001ad13b000 	/usr/lib/libsandbox.1.dylib
0x00000001bd7a2000 	/System/Library/PrivateFrameworks/DebugSymbols.framework/Versions/A/DebugSymbols
0x00000001b87c0000 	/System/Library/PrivateFrameworks/NetAuth.framework/Versions/A/NetAuth
0x00000001b9779000 	/System/Library/PrivateFrameworks/Sharing.framework/Versions/A/Sharing
0x00000001b1de9000 	/System/Library/PrivateFrameworks/login.framework/Versions/A/Frameworks/loginsupport.framework/Versions/A/loginsupport
0x00000001be9e5000 	/System/Library/PrivateFrameworks/Apple80211.framework/Versions/A/Apple80211
0x00000001b51e1000 	/System/Library/PrivateFrameworks/AuthKit.framework/Versions/A/AuthKit
0x00000001b487b000 	/System/Library/Frameworks/CoreWLAN.framework/Versions/A/CoreWLAN
0x00000001be9e9000 	/System/Library/PrivateFrameworks/CoreWiFi.framework/Versions/A/CoreWiFi
0x00000001ed460000 	/System/Library/PrivateFrameworks/WiFiPeerToPeer.framework/Versions/A/WiFiPeerToPeer
0x00000001bd35a000 	/System/Library/PrivateFrameworks/FrontBoardServices.framework/Versions/A/FrontBoardServices
0x00000001bd3f6000 	/System/Library/PrivateFrameworks/BoardServices.framework/Versions/A/BoardServices
0x00000001beb74000 	/System/Library/PrivateFrameworks/BackBoardServices.framework/Versions/A/BackBoardServices
0x00000001b5345000 	/System/Library/Frameworks/UserNotifications.framework/Versions/A/UserNotifications
0x00000001b8c97000 	/System/Library/PrivateFrameworks/CorePhoneNumbers.framework/Versions/A/CorePhoneNumbers
0x00000001b84bd000 	/System/Library/PrivateFrameworks/MultiverseSupport.framework/Versions/A/MultiverseSupport
0x00000001bedfd000 	/System/Library/PrivateFrameworks/RemoteServiceDiscovery.framework/Versions/A/RemoteServiceDiscovery
0x00000001bc90a000 	/System/Library/PrivateFrameworks/DiskManagement.framework/Versions/A/DiskManagement
0x00000001bc811000 	/System/Library/PrivateFrameworks/AppleIDAuthSupport.framework/Versions/A/AppleIDAuthSupport
0x000000021330a000 	/System/Library/PrivateFrameworks/AAAFoundation.framework/Versions/A/AAAFoundation
0x00000001b8c6f000 	/System/Library/PrivateFrameworks/KeychainCircle.framework/Versions/A/KeychainCircle
0x00000001bee11000 	/System/Library/PrivateFrameworks/RemoteXPC.framework/Versions/A/RemoteXPC
0x00000001bc8d6000 	/System/Library/PrivateFrameworks/MediaKit.framework/Versions/A/MediaKit
0x00000001bc81e000 	/System/Library/Frameworks/DiscRecording.framework/Versions/A/DiscRecording
0x00000001b6110000 	/usr/lib/libCoreStorage.dylib
0x00000001bee79000 	/usr/lib/libcsfde.dylib
0x00000001b99da000 	/System/Library/PrivateFrameworks/ProtectedCloudStorage.framework/Versions/A/ProtectedCloudStorage
0x00000001bee71000 	/System/Library/PrivateFrameworks/EFILogin.framework/Versions/A/EFILogin
0x00000001bcbea000 	/System/Library/PrivateFrameworks/OctagonTrust.framework/Versions/A/OctagonTrust
0x00000001b6108000 	/usr/lib/libMatch.1.dylib
0x00000001cfe29000 	/System/Library/Frameworks/Accelerate.framework/Versions/A/Frameworks/vImage.framework/Versions/A/Libraries/libCGInterfaces.dylib
0x000000013be38000 	/usr/lib/libobjc-trampolines.dylib
0x0000000233091000 	/usr/lib/libAccessibilityBaseImplementations.dylib
0x00000001b1ad2000 	/System/Library/PrivateFrameworks/ViewBridge.framework/Versions/A/ViewBridge
0x00000001b687a000 	/System/Library/PrivateFrameworks/login.framework/Versions/A/login
0x000000013d7d0000 	/Users/linkes/.sdkman/candidates/java/17.0.11.fx-zulu/zulu-17.jdk/Contents/Home/lib/libzip.dylib
0x000000013efc8000 	/Users/linkes/.sdkman/candidates/java/17.0.11.fx-zulu/zulu-17.jdk/Contents/Home/lib/libjavafx_font.dylib
0x00000001bbf20000 	/System/Library/PrivateFrameworks/SystemAdministration.framework/Versions/A/SystemAdministration
0x00000001b73a1000 	/System/Library/Frameworks/MediaToolbox.framework/Versions/A/MediaToolbox
0x00000001bb7c8000 	/System/Library/Frameworks/DirectoryService.framework/Versions/A/DirectoryService
0x00000001bed05000 	/System/Library/PrivateFrameworks/DiskImages.framework/Versions/A/DiskImages
0x00000001b4b5c000 	/System/Library/Frameworks/ServiceManagement.framework/Versions/A/ServiceManagement
0x00000001beef2000 	/System/Library/PrivateFrameworks/LoginUIKit.framework/Versions/A/Frameworks/LoginUICore.framework/Versions/A/LoginUICore
0x00000001b6a3d000 	/usr/lib/libodfde.dylib
0x00000001bca06000 	/System/Library/PrivateFrameworks/CoreAVCHD.framework/Versions/A/CoreAVCHD
0x00000001bbeea000 	/System/Library/Frameworks/MediaAccessibility.framework/Versions/A/MediaAccessibility
0x00000001bca02000 	/System/Library/PrivateFrameworks/Mangrove.framework/Versions/A/Mangrove
0x0000000215b37000 	/System/Library/PrivateFrameworks/CMPhoto.framework/Versions/A/CMPhoto
0x00000001bc9f6000 	/System/Library/PrivateFrameworks/CoreAUC.framework/Versions/A/CoreAUC
0x00000001bee85000 	/usr/lib/libcurl.4.dylib
0x000000023366f000 	/usr/lib/libcrypto.46.dylib
0x0000000233ca9000 	/usr/lib/libssl.48.dylib
0x00000001beb97000 	/System/Library/Frameworks/LDAP.framework/Versions/A/LDAP
0x00000001bebd7000 	/System/Library/PrivateFrameworks/TrustEvaluationAgent.framework/Versions/A/TrustEvaluationAgent
0x00000001b84a9000 	/usr/lib/libsasl2.2.dylib


VM Arguments:
jvm_args: -Dfile.encoding=UTF-8 -Duser.country=SG -Duser.language=en -Duser.variant 
java_command: cypherchatbot.controller.Launcher
java_class_path (initial): /Users/linkes/Desktop/CS2103T/ip/build/classes/java/main:/Users/linkes/Desktop/CS2103T/ip/build/resources/main:/Users/linkes/.gradle/caches/modules-2/files-2.1/org.openjfx/javafx-fxml/17.0.7/dac7ac058b9c66a8a759dbf2d0ae4557749f3063/javafx-fxml-17.0.7-win.jar:/Users/linkes/.gradle/caches/modules-2/files-2.1/org.openjfx/javafx-fxml/17.0.7/a686a637faa5c7fd95be464f75124414643b6ccd/javafx-fxml-17.0.7-mac.jar:/Users/linkes/.gradle/caches/modules-2/files-2.1/org.openjfx/javafx-fxml/17.0.7/88571e5fa666c2d5bb560cc44d5b6158a7b9c8e5/javafx-fxml-17.0.7-linux.jar:/Users/linkes/.gradle/caches/modules-2/files-2.1/org.openjfx/javafx-controls/17.0.7/bf1cb6a3c81e190d56fd84aeeb0fc36d44f9be70/javafx-controls-17.0.7-win.jar:/Users/linkes/.gradle/caches/modules-2/files-2.1/org.openjfx/javafx-controls/17.0.7/9526295ad4cbee60dd2121802eb17a57d493e4d5/javafx-controls-17.0.7-mac.jar:/Users/linkes/.gradle/caches/modules-2/files-2.1/org.openjfx/javafx-controls/17.0.7/caeb9696d8901c66c9990ff337df884e1867d5b8/javafx-controls-17.0.7-linux.jar:/Users/linkes/.gradle/caches/modules-2/files-2.1/org.openjfx/javafx-controls/17.0.7/e5bc7891b9e2a389aeac4a5dcabf1130e852bf0c/javafx-controls-17.0.7.jar:/Users/linkes/.gradle/caches/modules-2/files-2.1/org.openjfx/javafx-graphics/17.0.7/43ca0f3861f1e3a2cda4a6a7b8746bbf5bcbe754/javafx-graphics-17.0.7-win.jar:/Users/linkes/.gradle/caches/modules-2/files-2.1/org.openjfx/javafx-graphics/17.0.7/d5463ebc0f524d0225a6613877c381abfcd81918/javafx-graphics-17.0.7-mac.jar:/Users/linkes/.gradle/caches/modules-2/files-2.1/org.openjfx/javafx-graphics/17.0.7/c2029cf4a359ddb5fe0dec9d11407ea97940e06a/javafx-graphics-17.0.7-linux.jar:/Users/linkes/.gradle/caches/modules-2/files-2.1/org.openjfx/javafx-graphics/17.0.7/55eca64e65d90976f9d054dceb3921f4d08f4e8b/javafx-graphics-17.0.7.jar:/Users/linkes/.gradle/caches/modules-2/files-2.1/org.openjfx/javafx-base/17.0.7/2b79238d65ff33212eafb04acc6acbb7cd0a3300/javafx-base-17.0.7-win.jar:/Users/linkes/.gradle/
Launcher Type: SUN_STANDARD

[Global flags]
     intx CICompilerCount                          = 4                                         {product} {ergonomic}
     uint ConcGCThreads                            = 2                                         {product} {ergonomic}
     uint G1ConcRefinementThreads                  = 8                                         {product} {ergonomic}
   size_t G1HeapRegionSize                         = 2097152                                   {product} {ergonomic}
    uintx GCDrainStackTargetSize                   = 64                                        {product} {ergonomic}
   size_t InitialHeapSize                          = 268435456                                 {product} {ergonomic}
   size_t MarkStackSize                            = 4194304                                   {product} {ergonomic}
   size_t MaxHeapSize                              = 4294967296                                {product} {ergonomic}
   size_t MaxNewSize                               = 2575302656                                {product} {ergonomic}
   size_t MinHeapDeltaBytes                        = 2097152                                   {product} {ergonomic}
   size_t MinHeapSize                              = 8388608                                   {product} {ergonomic}
    uintx NonNMethodCodeHeapSize                   = 5839564                                {pd product} {ergonomic}
    uintx NonProfiledCodeHeapSize                  = 122909338                              {pd product} {ergonomic}
    uintx ProfiledCodeHeapSize                     = 122909338                              {pd product} {ergonomic}
    uintx ReservedCodeCacheSize                    = 251658240                              {pd product} {ergonomic}
     bool SegmentedCodeCache                       = true                                      {product} {ergonomic}
   size_t SoftMaxHeapSize                          = 4294967296                             {manageable} {ergonomic}
     bool UseCompressedClassPointers               = true                           {product lp64_product} {ergonomic}
     bool UseCompressedOops                        = true                           {product lp64_product} {ergonomic}
     bool UseG1GC                                  = true                                      {product} {ergonomic}
     bool UseNUMA                                  = false                                     {product} {ergonomic}
     bool UseNUMAInterleaving                      = false                                     {product} {ergonomic}

Logging:
Log output configuration:
 #0: stdout all=warning uptime,level,tags
 #1: stderr all=off uptime,level,tags

Environment Variables:
JAVA_HOME=/Users/linkes/.sdkman/candidates/java/current
PATH=/Users/linkes/.sdkman/candidates/java/current/bin:/opt/homebrew/opt/python@3.10/bin:/opt/homebrew/bin:/opt/homebrew/bin:/opt/homebrew/sbin:/usr/local/bin:/System/Cryptexes/App/usr/bin:/usr/bin:/bin:/usr/sbin:/sbin:/usr/local/share/dotnet:~/.dotnet/tools
SHELL=/bin/zsh
LC_CTYPE=en_SG.UTF-8
TMPDIR=/var/folders/sc/20c2b8fs22b8gx8cc52l_0j40000gn/T/

Active Locale:
LC_ALL=C
LC_COLLATE=C
LC_CTYPE=C
LC_MESSAGES=C
LC_MONETARY=C
LC_NUMERIC=C
LC_TIME=C

Signal Handlers:
   SIGSEGV: crash_handler in libjvm.dylib, mask=11100110000111110111111111111111, flags=SA_RESTART|SA_SIGINFO, unblocked
    SIGBUS: crash_handler in libjvm.dylib, mask=11100110000111110111111111111111, flags=SA_RESTART|SA_SIGINFO, unblocked
    SIGFPE: crash_handler in libjvm.dylib, mask=11100110000111110111111111111111, flags=SA_RESTART|SA_SIGINFO, unblocked
   SIGPIPE: javaSignalHandler in libjvm.dylib, mask=11100110000111110111111111111111, flags=SA_RESTART|SA_SIGINFO, blocked
   SIGXFSZ: javaSignalHandler in libjvm.dylib, mask=11100110000111110111111111111111, flags=SA_RESTART|SA_SIGINFO, blocked
    SIGILL: crash_handler in libjvm.dylib, mask=11100110000111110111111111111111, flags=SA_RESTART|SA_SIGINFO, unblocked
   SIGUSR2: SR_handler in libjvm.dylib, mask=00100000000000000000000000000000, flags=SA_RESTART|SA_SIGINFO, blocked
    SIGHUP: UserHandler in libjvm.dylib, mask=11100110000111110111111111111111, flags=SA_RESTART|SA_SIGINFO, blocked
    SIGINT: UserHandler in libjvm.dylib, mask=11100110000111110111111111111111, flags=SA_RESTART|SA_SIGINFO, blocked
   SIGTERM: UserHandler in libjvm.dylib, mask=11100110000111110111111111111111, flags=SA_RESTART|SA_SIGINFO, blocked
   SIGQUIT: UserHandler in libjvm.dylib, mask=11100110000111110111111111111111, flags=SA_RESTART|SA_SIGINFO, blocked
   SIGTRAP: crash_handler in libjvm.dylib, mask=11100110000111110111111111111111, flags=SA_RESTART|SA_SIGINFO, unblocked


Periodic native trim disabled


---------------  S Y S T E M  ---------------

OS:
uname: Darwin 22.3.0 Darwin Kernel Version 22.3.0: Mon Jan 30 20:38:43 PST 2023; root:xnu-8792.81.3~2/RELEASE_ARM64_T8112 arm64
OS uptime: 129 days 14:17 hours
rlimit (soft/hard): STACK 8176k/65520k , CORE 0k/infinity , NPROC 2666/4000 , NOFILE 10240/infinity , AS infinity/infinity , CPU infinity/infinity , DATA infinity/infinity , FSIZE infinity/infinity , MEMLOCK infinity/infinity , RSS infinity/infinity
load average: 4.01 3.09 3.21

CPU: total 8 (initial active 8) 0x61:0x0:0xda33d83d:0, fp, simd, crc, lse
machdep.cpu.brand_string:Apple M2
hw.cachelinesize:128
hw.l1icachesize:131072
hw.l1dcachesize:65536
hw.l2cachesize:4194304

Memory: 16k page, physical 16777216k(118736k free), swap 17825792k(1221568k free)

vm_info: OpenJDK 64-Bit Server VM (17.0.11+9-LTS) for bsd-aarch64 JRE (17.0.11+9-LTS) (Zulu17.50+19-CA), built on Apr  9 2024 00:21:22 by "zulu_re" with clang Apple LLVM 12.0.0 (clang-1200.0.32.28)

END.
