#
# A fatal error has been detected by the Java Runtime Environment:
#
#  SIGSEGV (0xb) at pc=0x000000011e5bcdb8, pid=50422, tid=259
#
# JRE version: OpenJDK Runtime Environment Zulu17.50+19-CA (17.0.11+9) (build 17.0.11+9-LTS)
# Java VM: OpenJDK 64-Bit Server VM Zulu17.50+19-CA (17.0.11+9-LTS, mixed mode, sharing, tiered, compressed oops, compressed class ptrs, g1 gc, bsd-aarch64)
# Problematic frame:
# C  [libglass.dylib+0x28db8]  Java_com_sun_glass_ui_mac_MacView__1enableInputMethodEvents+0x72ac
#
# No core dump will be written. Core dumps have been disabled. To enable core dumping, try "ulimit -c unlimited" before starting Java again
#
# If you would like to submit a bug report, please visit:
#   http://www.azul.com/support/
#

---------------  S U M M A R Y ------------

Command Line: ip.jar

Host: "Mac14,7" arm64, 8 cores, 8G, Darwin 22.1.0, macOS 13.0.1 (22A400)
Time: Mon Sep 23 20:59:12 2024 +08 elapsed time: 99.634755 seconds (0d 0h 1m 39s)

---------------  T H R E A D  ---------------

Current thread is native thread

Stack: [0x000000016b38c000,0x000000016bb88000],  sp=0x000000016bb837e0,  free space=8157k
Native frames: (J=compiled Java code, j=interpreted, Vv=VM code, C=native code)
C  [libglass.dylib+0x28db8]  Java_com_sun_glass_ui_mac_MacView__1enableInputMethodEvents+0x72ac
C  [CoreFoundation+0x7658c]  __CFNOTIFICATIONCENTER_IS_CALLING_OUT_TO_AN_OBSERVER__+0x94
C  [CoreFoundation+0x114074]  ___CFXRegistrationPost_block_invoke+0x58
C  [CoreFoundation+0x113fbc]  _CFXRegistrationPost+0x1b8
C  [CoreFoundation+0x47bac]  _CFXNotificationPost+0x2c4
C  [Foundation+0x972c]  -[NSNotificationCenter postNotificationName:object:userInfo:]+0x58
C  [AppKit+0x1965f8]  -[NSWindow resignKeyWindow]+0x284
C  [AppKit+0x81883c]  -[NSWindow _orderOut:calculatingKeyWithOptions:documentWindow:]+0x108
C  [AppKit+0x7c6cc]  NSPerformVisuallyAtomicChange+0x6c
C  [AppKit+0x81a158]  -[NSWindow _reallyDoOrderWindowOutRelativeTo:]+0x1e8
C  [AppKit+0x81a4a4]  -[NSWindow _reallyDoOrderWindow:]+0x50
C  [AppKit+0x81a6f4]  -[NSWindow _doOrderWindow:]+0x108
C  [AppKit+0x8163f0]  -[NSWindow _finishClosingWindow]+0xec
C  [AppKit+0x2c8034]  -[NSWindow _close]+0x114
C  [libglass.dylib+0x29520]  Java_com_sun_glass_ui_mac_MacView__1enableInputMethodEvents+0x7a14
C  [Foundation+0x79b30]  __NSThreadPerformPerform+0x108
C  [CoreFoundation+0x81a34]  __CFRUNLOOP_IS_CALLING_OUT_TO_A_SOURCE0_PERFORM_FUNCTION__+0x1c
C  [CoreFoundation+0x819c8]  __CFRunLoopDoSource0+0xb0
C  [CoreFoundation+0x81798]  __CFRunLoopDoSources0+0x154
C  [CoreFoundation+0x8033c]  __CFRunLoopRun+0x344
C  [CoreFoundation+0x7f8a4]  CFRunLoopRunSpecific+0x264
C  [libjli.dylib+0xd388]  CreateExecutionEnvironment+0x190
C  [libjli.dylib+0x915c]  JLI_Launch+0x4d0
C  [java+0x3bac]  main+0x198
C  [dyld+0x5e50]  start+0x9f0


siginfo: si_signo: 11 (SIGSEGV), si_code: 2 (SEGV_ACCERR), si_addr: 0x0000000000000000

Registers:
 x0=0x0000000000000000  x1=0x000000011faa4e00  x2=0x000000011f800000  x3=0x0000000000000000
 x4=0x0000000000001a05  x5=0x0000000000000020  x6=0x000000000000000a  x7=0x0000000000000000
 x8=0x0000000000000103  x9=0x0000000000000103 x10=0x0000000000000000 x11=0x00000000007f7c00
x12=0x000000000000003d x13=0x000000000000003d x14=0x000000011f800000 x15=0x0000000000000000
x16=0x0000000322ec56dc x17=0x0000000199fe7ab8 x18=0x0000000000000000 x19=0x0000600002d3e010
x20=0x000000011faa4e00 x21=0x0000000000000000 x22=0x000000011e5e6488 x23=0x000000011faa4ec8
x24=0x0000000000000000 x25=0x0000000000041400 x26=0x0000000000000000 x27=0x000000770000006e
x28=0x000000016bb83ce8  fp=0x000000016bb83c30  lr=0x635c00011e5bcdb4  sp=0x000000016bb837e0
pc=0x000000011e5bcdb8 cpsr=0x0000000060001000

Top of Stack: (sp=0x000000016bb837e0)
0x000000016bb837e0:   000000011e5cf80b 000000011e5cf780
0x000000016bb837f0:   0000000000000060 000000011e5bcd78
0x000000016bb83800:   000000019a25658c 000000019a2f4074
0x000000016bb83810:   000000019a2f3fbc 000000019a227bac
0x000000016bb83820:   000000019b11472c 000000019d6155f8
0x000000016bb83830:   000000019dc9783c 000000019d4fb6cc
0x000000016bb83840:   000000019dc99158 000000019dc994a4
0x000000016bb83850:   000000019dc996f4 000000019dc953f0
0x000000016bb83860:   000000019d747034 000000011e5bd520
0x000000016bb83870:   000000019b184b30 000000019a261a34
0x000000016bb83880:   000000019a2619c8 000000019a261798
0x000000016bb83890:   000000019a26033c 000000019a25f8a4
0x000000016bb838a0:   0000000104345388 000000010434115c
0x000000016bb838b0:   000000010427bbac 0000000199e57e50
0x000000016bb838c0:   0000000000000000 0000000000000000
0x000000016bb838d0:   0000000000000000 0000000000000000
0x000000016bb838e0:   0000000000000000 0000000000000000
0x000000016bb838f0:   0000000000000000 0000000000000000
0x000000016bb83900:   0000000000000000 0000000000000000
0x000000016bb83910:   0000000000000000 0000000000000000
0x000000016bb83920:   0000000000000000 0000000000000000
0x000000016bb83930:   0000000000000000 0000000000000000
0x000000016bb83940:   0000000000000000 0000000000000000
0x000000016bb83950:   0000000000000000 0000000000000000
0x000000016bb83960:   000000016bb83a69 0000600003433db8
0x000000016bb83970:   0000600000a677c0 000000013f812618
0x000000016bb83980:   000000016bb83a10 817c26fbc53600bd
0x000000016bb83990:   0000000000000000 0000000000000029
0x000000016bb839a0:   00000001f66ee560 000000000000001b
0x000000016bb839b0:   0000000000000029 000000011ee5f510
0x000000016bb839c0:   0000600001f22620 0000600001158e70
0x000000016bb839d0:   000000016bb83a00 207f00019a1e9620 

Instructions: (pc=0x000000011e5bcdb8)
0x000000011e5bccb8:   1f 20 03 d5 e2 c2 14 58 e0 03 14 aa 00 01 3f d6
0x000000011e5bccc8:   a8 83 5c f8 1f 20 03 d5 09 a3 0d 58 29 01 40 f9
0x000000011e5bccd8:   3f 01 08 eb 80 f8 ff 54 49 22 00 94 f8 5f bc a9
0x000000011e5bcce8:   f6 57 01 a9 f4 4f 02 a9 fd 7b 03 a9 fd c3 00 91
0x000000011e5bccf8:   ff 83 10 d1 1f 20 03 d5 88 a1 0d 58 08 01 40 f9
0x000000011e5bcd08:   a8 83 1c f8 1f 20 03 d5 1f 20 03 d5 08 3c 13 98
0x000000011e5bcd18:   08 68 68 f8 68 06 00 b5 f3 03 00 aa 5f 27 00 94
0x000000011e5bcd28:   16 bb 14 10 1f 20 03 d5 c0 02 40 f9 20 04 00 b5
0x000000011e5bcd38:   1f 20 03 d5 e8 9f 0d 58 00 01 40 f9 0a 0c 80 52
0x000000011e5bcd48:   c8 51 09 10 1f 20 03 d5 c9 55 09 70 1f 20 03 d5
0x000000011e5bcd58:   e8 ab 00 a9 e9 03 00 f9 01 ba 07 50 1f 20 03 d5
0x000000011e5bcd68:   54 22 00 94 e0 63 00 91 01 10 80 52 30 22 00 94
0x000000011e5bcd78:   f5 03 00 aa e0 63 00 91 e1 03 15 aa 2f 22 00 94
0x000000011e5bcd88:   f4 03 00 aa bf 06 00 71 eb 00 00 54 f5 03 15 2a
0x000000011e5bcd98:   f7 03 14 aa e0 86 40 f8 2a 23 00 94 b5 06 00 f1
0x000000011e5bcda8:   a1 ff ff 54 e0 03 14 aa 48 22 00 94 c0 02 40 f9
0x000000011e5bcdb8:   08 00 40 f9 08 f5 40 f9 1f 20 03 d5 1f 20 03 d5
0x000000011e5bcdc8:   a9 35 13 98 61 6a 69 f8 1f 20 03 d5 1f 20 03 d5
0x000000011e5bcdd8:   82 b9 14 58 a9 43 80 52 e9 03 00 f9 00 01 3f d6
0x000000011e5bcde8:   a8 83 5c f8 1f 20 03 d5 09 9a 0d 58 29 01 40 f9
0x000000011e5bcdf8:   3f 01 08 eb e1 00 00 54 ff 83 10 91 fd 7b 43 a9
0x000000011e5bce08:   f4 4f 42 a9 f6 57 41 a9 f8 5f c4 a8 c0 03 5f d6
0x000000011e5bce18:   fb 21 00 94 f6 57 bd a9 f4 4f 01 a9 fd 7b 02 a9
0x000000011e5bce28:   fd 83 00 91 f3 03 00 aa 1f 20 03 d5 1f 20 03 d5
0x000000011e5bce38:   54 32 13 98 00 68 74 f8 60 30 00 94 a0 00 00 b4
0x000000011e5bce48:   60 6a 74 f8 5d 30 00 94 62 6a 74 f8 8b 31 00 94
0x000000011e5bce58:   60 6a 74 f8 e1 28 00 94 f4 03 00 aa 87 29 00 94
0x000000011e5bce68:   60 01 00 b4 15 00 80 d2 e0 03 14 aa e2 03 15 aa
0x000000011e5bce78:   f2 2f 00 94 f9 28 00 94 b5 06 00 91 e0 03 14 aa
0x000000011e5bce88:   7e 29 00 94 bf 02 00 eb 03 ff ff 54 1f 20 03 d5
0x000000011e5bce98:   1f 20 03 d5 60 af 14 58 c0 01 00 b4 08 00 40 f9
0x000000011e5bcea8:   03 f5 40 f9 1f 20 03 d5 1f 20 03 d5 48 2e 13 98 



---------------  P R O C E S S  ---------------

VM state: at safepoint (normal execution)

VM Mutex/Monitor currently owned by a thread:  ([mutex/lock_event])
[0x0000600000a35e80] Threads_lock - owner thread: 0x000000011ee08390
[0x0000600000a36400] Heap_lock - owner thread: 0x000000012e15d000

Heap address: 0x0000000780000000, size: 2048 MB, Compressed Oops mode: Zero based, Oop shift amount: 3

CDS archive(s) mapped at: [0x0000008800000000-0x0000008800bf8000-0x0000008800bf8000), size 12550144, SharedBaseAddress: 0x0000008800000000, ArchiveRelocationMode: 1.
Compressed class space mapped at: 0x0000008801000000-0x0000008841000000, reserved size: 1073741824
Narrow klass base: 0x0000008800000000, Narrow klass shift: 0, Narrow klass range: 0x100000000

GC Precious Log:
<Skipped>

Heap:
 garbage-first heap   total 133120K, used 43651K [0x0000000780000000, 0x0000000800000000)
  region size 1024K, 10 young (10240K), 2 survivors (2048K)
 Metaspace       used 17851K, committed 18112K, reserved 1114112K
  class space    used 2613K, committed 2752K, reserved 1048576K

Heap Regions: E=young(eden), S=young(survivor), O=old, HS=humongous(starts), HC=humongous(continues), CS=collection set, F=free, OA=open archive, CA=closed archive, TAMS=top-at-mark-start (previous, next)
|   0|0x0000000780000000, 0x0000000780100000, 0x0000000780100000|100%| O|  |TAMS 0x0000000780000000, 0x0000000780000000| Untracked 
|   1|0x0000000780100000, 0x0000000780200000, 0x0000000780200000|100%|HS|  |TAMS 0x0000000780100000, 0x0000000780100000| Complete 
|   2|0x0000000780200000, 0x0000000780300000, 0x0000000780300000|100%|HS|  |TAMS 0x0000000780200000, 0x0000000780200000| Complete 
|   3|0x0000000780300000, 0x0000000780400000, 0x0000000780400000|100%|HC|  |TAMS 0x0000000780300000, 0x0000000780300000| Complete 
|   4|0x0000000780400000, 0x0000000780500000, 0x0000000780500000|100%|HC|  |TAMS 0x0000000780400000, 0x0000000780400000| Complete 
|   5|0x0000000780500000, 0x0000000780600000, 0x0000000780600000|100%|HC|  |TAMS 0x0000000780500000, 0x0000000780500000| Complete 
|   6|0x0000000780600000, 0x0000000780700000, 0x0000000780700000|100%|HC|  |TAMS 0x0000000780600000, 0x0000000780600000| Complete 
|   7|0x0000000780700000, 0x0000000780800000, 0x0000000780800000|100%|HC|  |TAMS 0x0000000780700000, 0x0000000780700000| Complete 
|   8|0x0000000780800000, 0x0000000780900000, 0x0000000780900000|100%|HC|  |TAMS 0x0000000780800000, 0x0000000780800000| Complete 
|   9|0x0000000780900000, 0x0000000780a00000, 0x0000000780a00000|100%|HC|  |TAMS 0x0000000780900000, 0x0000000780900000| Complete 
|  10|0x0000000780a00000, 0x0000000780b00000, 0x0000000780b00000|100%|HS|  |TAMS 0x0000000780a00000, 0x0000000780a00000| Complete 
|  11|0x0000000780b00000, 0x0000000780c00000, 0x0000000780c00000|100%|HC|  |TAMS 0x0000000780b00000, 0x0000000780b00000| Complete 
|  12|0x0000000780c00000, 0x0000000780d00000, 0x0000000780d00000|100%|HC|  |TAMS 0x0000000780c00000, 0x0000000780c00000| Complete 
|  13|0x0000000780d00000, 0x0000000780e00000, 0x0000000780e00000|100%|HC|  |TAMS 0x0000000780d00000, 0x0000000780d00000| Complete 
|  14|0x0000000780e00000, 0x0000000780f00000, 0x0000000780f00000|100%|HC|  |TAMS 0x0000000780e00000, 0x0000000780e00000| Complete 
|  15|0x0000000780f00000, 0x0000000781000000, 0x0000000781000000|100%|HC|  |TAMS 0x0000000780f00000, 0x0000000780f00000| Complete 
|  16|0x0000000781000000, 0x0000000781100000, 0x0000000781100000|100%|HC|  |TAMS 0x0000000781000000, 0x0000000781000000| Complete 
|  17|0x0000000781100000, 0x0000000781200000, 0x0000000781200000|100%|HC|  |TAMS 0x0000000781100000, 0x0000000781100000| Complete 
|  18|0x0000000781200000, 0x0000000781300000, 0x0000000781300000|100%|HS|  |TAMS 0x0000000781200000, 0x0000000781200000| Complete 
|  19|0x0000000781300000, 0x0000000781400000, 0x0000000781400000|100%|HC|  |TAMS 0x0000000781300000, 0x0000000781300000| Complete 
|  20|0x0000000781400000, 0x0000000781500000, 0x0000000781500000|100%|HC|  |TAMS 0x0000000781400000, 0x0000000781400000| Complete 
|  21|0x0000000781500000, 0x0000000781600000, 0x0000000781600000|100%|HC|  |TAMS 0x0000000781500000, 0x0000000781500000| Complete 
|  22|0x0000000781600000, 0x0000000781700000, 0x0000000781700000|100%|HC|  |TAMS 0x0000000781600000, 0x0000000781600000| Complete 
|  23|0x0000000781700000, 0x0000000781800000, 0x0000000781800000|100%|HS|  |TAMS 0x0000000781700000, 0x0000000781700000| Complete 
|  24|0x0000000781800000, 0x0000000781900000, 0x0000000781900000|100%|HC|  |TAMS 0x0000000781800000, 0x0000000781800000| Complete 
|  25|0x0000000781900000, 0x0000000781a00000, 0x0000000781a00000|100%|HC|  |TAMS 0x0000000781900000, 0x0000000781900000| Complete 
|  26|0x0000000781a00000, 0x0000000781b00000, 0x0000000781b00000|100%|HC|  |TAMS 0x0000000781a00000, 0x0000000781a00000| Complete 
|  27|0x0000000781b00000, 0x0000000781c00000, 0x0000000781c00000|100%|HC|  |TAMS 0x0000000781b00000, 0x0000000781b00000| Complete 
|  28|0x0000000781c00000, 0x0000000781c00000, 0x0000000781d00000|  0%| F|  |TAMS 0x0000000781c00000, 0x0000000781c00000| Untracked 
|  29|0x0000000781d00000, 0x0000000781d00000, 0x0000000781e00000|  0%| F|  |TAMS 0x0000000781d00000, 0x0000000781d00000| Untracked 
|  30|0x0000000781e00000, 0x0000000781e00000, 0x0000000781f00000|  0%| F|  |TAMS 0x0000000781e00000, 0x0000000781e00000| Untracked 
|  31|0x0000000781f00000, 0x0000000781f00000, 0x0000000782000000|  0%| F|  |TAMS 0x0000000781f00000, 0x0000000781f00000| Untracked 
|  32|0x0000000782000000, 0x0000000782000000, 0x0000000782100000|  0%| F|  |TAMS 0x0000000782000000, 0x0000000782000000| Untracked 
|  33|0x0000000782100000, 0x0000000782200000, 0x0000000782200000|100%| O|  |TAMS 0x0000000782100000, 0x0000000782100000| Untracked 
|  34|0x0000000782200000, 0x0000000782300000, 0x0000000782300000|100%| O|  |TAMS 0x0000000782200000, 0x0000000782200000| Untracked 
|  35|0x0000000782300000, 0x0000000782400000, 0x0000000782400000|100%| O|  |TAMS 0x0000000782300000, 0x0000000782300000| Untracked 
|  36|0x0000000782400000, 0x0000000782500000, 0x0000000782500000|100%| O|  |TAMS 0x0000000782400000, 0x0000000782400000| Untracked 
|  37|0x0000000782500000, 0x0000000782600000, 0x0000000782600000|100%| O|  |TAMS 0x0000000782500000, 0x0000000782500000| Untracked 
|  38|0x0000000782600000, 0x000000078265a600, 0x0000000782700000| 35%| O|  |TAMS 0x0000000782600000, 0x0000000782600000| Untracked 
|  39|0x0000000782700000, 0x0000000782700000, 0x0000000782800000|  0%| F|  |TAMS 0x0000000782700000, 0x0000000782700000| Untracked 
|  40|0x0000000782800000, 0x0000000782800000, 0x0000000782900000|  0%| F|  |TAMS 0x0000000782800000, 0x0000000782800000| Untracked 
|  41|0x0000000782900000, 0x0000000782900000, 0x0000000782a00000|  0%| F|  |TAMS 0x0000000782900000, 0x0000000782900000| Untracked 
|  42|0x0000000782a00000, 0x0000000782a00000, 0x0000000782b00000|  0%| F|  |TAMS 0x0000000782a00000, 0x0000000782a00000| Untracked 
|  43|0x0000000782b00000, 0x0000000782b00000, 0x0000000782c00000|  0%| F|  |TAMS 0x0000000782b00000, 0x0000000782b00000| Untracked 
|  44|0x0000000782c00000, 0x0000000782c00000, 0x0000000782d00000|  0%| F|  |TAMS 0x0000000782c00000, 0x0000000782c00000| Untracked 
|  45|0x0000000782d00000, 0x0000000782d00000, 0x0000000782e00000|  0%| F|  |TAMS 0x0000000782d00000, 0x0000000782d00000| Untracked 
|  46|0x0000000782e00000, 0x0000000782e00000, 0x0000000782f00000|  0%| F|  |TAMS 0x0000000782e00000, 0x0000000782e00000| Untracked 
|  47|0x0000000782f00000, 0x0000000782f00000, 0x0000000783000000|  0%| F|  |TAMS 0x0000000782f00000, 0x0000000782f00000| Untracked 
|  48|0x0000000783000000, 0x0000000783000000, 0x0000000783100000|  0%| F|  |TAMS 0x0000000783000000, 0x0000000783000000| Untracked 
|  49|0x0000000783100000, 0x0000000783100000, 0x0000000783200000|  0%| F|  |TAMS 0x0000000783100000, 0x0000000783100000| Untracked 
|  50|0x0000000783200000, 0x0000000783200000, 0x0000000783300000|  0%| F|  |TAMS 0x0000000783200000, 0x0000000783200000| Untracked 
|  51|0x0000000783300000, 0x0000000783300000, 0x0000000783400000|  0%| F|  |TAMS 0x0000000783300000, 0x0000000783300000| Untracked 
|  52|0x0000000783400000, 0x0000000783400000, 0x0000000783500000|  0%| F|  |TAMS 0x0000000783400000, 0x0000000783400000| Untracked 
|  53|0x0000000783500000, 0x0000000783500000, 0x0000000783600000|  0%| F|  |TAMS 0x0000000783500000, 0x0000000783500000| Untracked 
|  54|0x0000000783600000, 0x0000000783600000, 0x0000000783700000|  0%| F|  |TAMS 0x0000000783600000, 0x0000000783600000| Untracked 
|  55|0x0000000783700000, 0x0000000783700000, 0x0000000783800000|  0%| F|  |TAMS 0x0000000783700000, 0x0000000783700000| Untracked 
|  56|0x0000000783800000, 0x0000000783800000, 0x0000000783900000|  0%| F|  |TAMS 0x0000000783800000, 0x0000000783800000| Untracked 
|  57|0x0000000783900000, 0x0000000783900000, 0x0000000783a00000|  0%| F|  |TAMS 0x0000000783900000, 0x0000000783900000| Untracked 
|  58|0x0000000783a00000, 0x0000000783a00000, 0x0000000783b00000|  0%| F|  |TAMS 0x0000000783a00000, 0x0000000783a00000| Untracked 
|  59|0x0000000783b00000, 0x0000000783b00000, 0x0000000783c00000|  0%| F|  |TAMS 0x0000000783b00000, 0x0000000783b00000| Untracked 
|  60|0x0000000783c00000, 0x0000000783c00000, 0x0000000783d00000|  0%| F|  |TAMS 0x0000000783c00000, 0x0000000783c00000| Untracked 
|  61|0x0000000783d00000, 0x0000000783d00000, 0x0000000783e00000|  0%| F|  |TAMS 0x0000000783d00000, 0x0000000783d00000| Untracked 
|  62|0x0000000783e00000, 0x0000000783e00000, 0x0000000783f00000|  0%| F|  |TAMS 0x0000000783e00000, 0x0000000783e00000| Untracked 
|  63|0x0000000783f00000, 0x0000000783f00000, 0x0000000784000000|  0%| F|  |TAMS 0x0000000783f00000, 0x0000000783f00000| Untracked 
|  64|0x0000000784000000, 0x0000000784000000, 0x0000000784100000|  0%| F|  |TAMS 0x0000000784000000, 0x0000000784000000| Untracked 
|  65|0x0000000784100000, 0x0000000784100000, 0x0000000784200000|  0%| F|  |TAMS 0x0000000784100000, 0x0000000784100000| Untracked 
|  66|0x0000000784200000, 0x0000000784200000, 0x0000000784300000|  0%| F|  |TAMS 0x0000000784200000, 0x0000000784200000| Untracked 
|  67|0x0000000784300000, 0x0000000784300000, 0x0000000784400000|  0%| F|  |TAMS 0x0000000784300000, 0x0000000784300000| Untracked 
|  68|0x0000000784400000, 0x0000000784400000, 0x0000000784500000|  0%| F|  |TAMS 0x0000000784400000, 0x0000000784400000| Untracked 
|  69|0x0000000784500000, 0x0000000784500000, 0x0000000784600000|  0%| F|  |TAMS 0x0000000784500000, 0x0000000784500000| Untracked 
|  70|0x0000000784600000, 0x0000000784600000, 0x0000000784700000|  0%| F|  |TAMS 0x0000000784600000, 0x0000000784600000| Untracked 
|  71|0x0000000784700000, 0x0000000784700000, 0x0000000784800000|  0%| F|  |TAMS 0x0000000784700000, 0x0000000784700000| Untracked 
|  72|0x0000000784800000, 0x0000000784800000, 0x0000000784900000|  0%| F|  |TAMS 0x0000000784800000, 0x0000000784800000| Untracked 
|  73|0x0000000784900000, 0x0000000784900000, 0x0000000784a00000|  0%| F|  |TAMS 0x0000000784900000, 0x0000000784900000| Untracked 
|  74|0x0000000784a00000, 0x0000000784a00000, 0x0000000784b00000|  0%| F|  |TAMS 0x0000000784a00000, 0x0000000784a00000| Untracked 
|  75|0x0000000784b00000, 0x0000000784b00000, 0x0000000784c00000|  0%| F|  |TAMS 0x0000000784b00000, 0x0000000784b00000| Untracked 
|  76|0x0000000784c00000, 0x0000000784c00000, 0x0000000784d00000|  0%| F|  |TAMS 0x0000000784c00000, 0x0000000784c00000| Untracked 
|  77|0x0000000784d00000, 0x0000000784d00000, 0x0000000784e00000|  0%| F|  |TAMS 0x0000000784d00000, 0x0000000784d00000| Untracked 
|  78|0x0000000784e00000, 0x0000000784e00000, 0x0000000784f00000|  0%| F|  |TAMS 0x0000000784e00000, 0x0000000784e00000| Untracked 
|  79|0x0000000784f00000, 0x0000000784f00000, 0x0000000785000000|  0%| F|  |TAMS 0x0000000784f00000, 0x0000000784f00000| Untracked 
|  80|0x0000000785000000, 0x0000000785000000, 0x0000000785100000|  0%| F|  |TAMS 0x0000000785000000, 0x0000000785000000| Untracked 
|  81|0x0000000785100000, 0x0000000785100000, 0x0000000785200000|  0%| F|  |TAMS 0x0000000785100000, 0x0000000785100000| Untracked 
|  82|0x0000000785200000, 0x0000000785200000, 0x0000000785300000|  0%| F|  |TAMS 0x0000000785200000, 0x0000000785200000| Untracked 
|  83|0x0000000785300000, 0x0000000785300000, 0x0000000785400000|  0%| F|  |TAMS 0x0000000785300000, 0x0000000785300000| Untracked 
|  84|0x0000000785400000, 0x0000000785400000, 0x0000000785500000|  0%| F|  |TAMS 0x0000000785400000, 0x0000000785400000| Untracked 
|  85|0x0000000785500000, 0x0000000785500000, 0x0000000785600000|  0%| F|  |TAMS 0x0000000785500000, 0x0000000785500000| Untracked 
|  86|0x0000000785600000, 0x0000000785600000, 0x0000000785700000|  0%| F|  |TAMS 0x0000000785600000, 0x0000000785600000| Untracked 
|  87|0x0000000785700000, 0x0000000785700000, 0x0000000785800000|  0%| F|  |TAMS 0x0000000785700000, 0x0000000785700000| Untracked 
|  88|0x0000000785800000, 0x0000000785800000, 0x0000000785900000|  0%| F|  |TAMS 0x0000000785800000, 0x0000000785800000| Untracked 
|  89|0x0000000785900000, 0x0000000785900000, 0x0000000785a00000|  0%| F|  |TAMS 0x0000000785900000, 0x0000000785900000| Untracked 
|  90|0x0000000785a00000, 0x0000000785a00000, 0x0000000785b00000|  0%| F|  |TAMS 0x0000000785a00000, 0x0000000785a00000| Untracked 
|  91|0x0000000785b00000, 0x0000000785b00000, 0x0000000785c00000|  0%| F|  |TAMS 0x0000000785b00000, 0x0000000785b00000| Untracked 
|  92|0x0000000785c00000, 0x0000000785c00000, 0x0000000785d00000|  0%| F|  |TAMS 0x0000000785c00000, 0x0000000785c00000| Untracked 
|  93|0x0000000785d00000, 0x0000000785d00000, 0x0000000785e00000|  0%| F|  |TAMS 0x0000000785d00000, 0x0000000785d00000| Untracked 
|  94|0x0000000785e00000, 0x0000000785e00000, 0x0000000785f00000|  0%| F|  |TAMS 0x0000000785e00000, 0x0000000785e00000| Untracked 
|  95|0x0000000785f00000, 0x0000000785f00000, 0x0000000786000000|  0%| F|  |TAMS 0x0000000785f00000, 0x0000000785f00000| Untracked 
|  96|0x0000000786000000, 0x0000000786000000, 0x0000000786100000|  0%| F|  |TAMS 0x0000000786000000, 0x0000000786000000| Untracked 
|  97|0x0000000786100000, 0x0000000786100000, 0x0000000786200000|  0%| F|  |TAMS 0x0000000786100000, 0x0000000786100000| Untracked 
|  98|0x0000000786200000, 0x0000000786200000, 0x0000000786300000|  0%| F|  |TAMS 0x0000000786200000, 0x0000000786200000| Untracked 
|  99|0x0000000786300000, 0x0000000786300000, 0x0000000786400000|  0%| F|  |TAMS 0x0000000786300000, 0x0000000786300000| Untracked 
| 100|0x0000000786400000, 0x0000000786400000, 0x0000000786500000|  0%| F|  |TAMS 0x0000000786400000, 0x0000000786400000| Untracked 
| 101|0x0000000786500000, 0x0000000786500000, 0x0000000786600000|  0%| F|  |TAMS 0x0000000786500000, 0x0000000786500000| Untracked 
| 102|0x0000000786600000, 0x0000000786600000, 0x0000000786700000|  0%| F|  |TAMS 0x0000000786600000, 0x0000000786600000| Untracked 
| 103|0x0000000786700000, 0x0000000786700000, 0x0000000786800000|  0%| F|  |TAMS 0x0000000786700000, 0x0000000786700000| Untracked 
| 104|0x0000000786800000, 0x0000000786800000, 0x0000000786900000|  0%| F|  |TAMS 0x0000000786800000, 0x0000000786800000| Untracked 
| 105|0x0000000786900000, 0x0000000786900000, 0x0000000786a00000|  0%| F|  |TAMS 0x0000000786900000, 0x0000000786900000| Untracked 
| 106|0x0000000786a00000, 0x0000000786a00000, 0x0000000786b00000|  0%| F|  |TAMS 0x0000000786a00000, 0x0000000786a00000| Untracked 
| 107|0x0000000786b00000, 0x0000000786b00000, 0x0000000786c00000|  0%| F|  |TAMS 0x0000000786b00000, 0x0000000786b00000| Untracked 
| 108|0x0000000786c00000, 0x0000000786c00000, 0x0000000786d00000|  0%| F|  |TAMS 0x0000000786c00000, 0x0000000786c00000| Untracked 
| 109|0x0000000786d00000, 0x0000000786d4e8e0, 0x0000000786e00000| 30%| S|CS|TAMS 0x0000000786d00000, 0x0000000786d00000| Complete 
| 110|0x0000000786e00000, 0x0000000786f00000, 0x0000000786f00000|100%| S|CS|TAMS 0x0000000786e00000, 0x0000000786e00000| Complete 
| 111|0x0000000786f00000, 0x0000000786f00000, 0x0000000787000000|  0%| F|  |TAMS 0x0000000786f00000, 0x0000000786f00000| Untracked 
| 112|0x0000000787000000, 0x0000000787000000, 0x0000000787100000|  0%| F|  |TAMS 0x0000000787000000, 0x0000000787000000| Untracked 
| 113|0x0000000787100000, 0x0000000787100000, 0x0000000787200000|  0%| F|  |TAMS 0x0000000787100000, 0x0000000787100000| Untracked 
| 114|0x0000000787200000, 0x0000000787200000, 0x0000000787300000|  0%| F|  |TAMS 0x0000000787200000, 0x0000000787200000| Untracked 
| 115|0x0000000787300000, 0x0000000787300000, 0x0000000787400000|  0%| F|  |TAMS 0x0000000787300000, 0x0000000787300000| Untracked 
| 116|0x0000000787400000, 0x0000000787400000, 0x0000000787500000|  0%| F|  |TAMS 0x0000000787400000, 0x0000000787400000| Untracked 
| 117|0x0000000787500000, 0x0000000787500000, 0x0000000787600000|  0%| F|  |TAMS 0x0000000787500000, 0x0000000787500000| Untracked 
| 118|0x0000000787600000, 0x0000000787600000, 0x0000000787700000|  0%| F|  |TAMS 0x0000000787600000, 0x0000000787600000| Untracked 
| 119|0x0000000787700000, 0x0000000787700000, 0x0000000787800000|  0%| F|  |TAMS 0x0000000787700000, 0x0000000787700000| Untracked 
| 120|0x0000000787800000, 0x000000078785ab58, 0x0000000787900000| 35%| E|  |TAMS 0x0000000787800000, 0x0000000787800000| Complete 
| 121|0x0000000787900000, 0x0000000787a00000, 0x0000000787a00000|100%| E|CS|TAMS 0x0000000787900000, 0x0000000787900000| Complete 
| 122|0x0000000787a00000, 0x0000000787b00000, 0x0000000787b00000|100%| E|CS|TAMS 0x0000000787a00000, 0x0000000787a00000| Complete 
| 123|0x0000000787b00000, 0x0000000787c00000, 0x0000000787c00000|100%| E|CS|TAMS 0x0000000787b00000, 0x0000000787b00000| Complete 
| 124|0x0000000787c00000, 0x0000000787d00000, 0x0000000787d00000|100%| E|CS|TAMS 0x0000000787c00000, 0x0000000787c00000| Complete 
| 125|0x0000000787d00000, 0x0000000787e00000, 0x0000000787e00000|100%| E|CS|TAMS 0x0000000787d00000, 0x0000000787d00000| Complete 
| 126|0x0000000787e00000, 0x0000000787f00000, 0x0000000787f00000|100%| E|CS|TAMS 0x0000000787e00000, 0x0000000787e00000| Complete 
| 127|0x0000000787f00000, 0x0000000788000000, 0x0000000788000000|100%| E|CS|TAMS 0x0000000787f00000, 0x0000000787f00000| Complete 
|2046|0x00000007ffe00000, 0x00000007ffe80000, 0x00000007fff00000| 50%|OA|  |TAMS 0x00000007ffe00000, 0x00000007ffe00000| Untracked 
|2047|0x00000007fff00000, 0x00000007fff78000, 0x0000000800000000| 46%|CA|  |TAMS 0x00000007fff00000, 0x00000007fff00000| Untracked 

Card table byte_map: [0x0000000104a08000,0x0000000104e08000] _byte_map_base: 0x0000000100e08000

Marking Bits (Prev, Next): (CMBitMap*) 0x000000011f02f210, (CMBitMap*) 0x000000011f02f250
 Prev Bits: [0x0000000128000000, 0x000000012a000000)
 Next Bits: [0x000000012a000000, 0x000000012c000000)

Polling page: 0x00000001042cc000

Metaspace:

Usage:
  Non-class:     14.88 MB used.
      Class:      2.55 MB used.
       Both:     17.43 MB used.

Virtual space:
  Non-class space:       64.00 MB reserved,      15.00 MB ( 23%) committed,  1 nodes.
      Class space:        1.00 GB reserved,       2.69 MB ( <1%) committed,  1 nodes.
             Both:        1.06 GB reserved,      17.69 MB (  2%) committed. 

Chunk freelists:
   Non-Class:  96.00 KB
       Class:  13.14 MB
        Both:  13.23 MB

MaxMetaspaceSize: unlimited
CompressedClassSpaceSize: 1.00 GB
Initial GC threshold: 21.00 MB
Current GC threshold: 21.00 MB
CDS: on
MetaspaceReclaimPolicy: balanced
 - commit_granule_bytes: 65536.
 - commit_granule_words: 8192.
 - virtual_space_node_default_size: 8388608.
 - enlarge_chunks_in_place: 1.
 - new_chunks_are_fully_committed: 0.
 - uncommit_free_chunks: 1.
 - use_allocation_guard: 0.
 - handle_deallocations: 1.


Internal statistics:

num_allocs_failed_limit: 0.
num_arena_births: 236.
num_arena_deaths: 0.
num_vsnodes_births: 2.
num_vsnodes_deaths: 0.
num_space_committed: 283.
num_space_uncommitted: 0.
num_chunks_returned_to_freelist: 0.
num_chunks_taken_from_freelist: 832.
num_chunk_merges: 0.
num_chunk_splits: 591.
num_chunks_enlarged: 455.
num_inconsistent_stats: 0.

CodeHeap 'non-profiled nmethods': size=120032Kb used=1553Kb max_used=1553Kb free=118478Kb
 bounds [0x0000000116b48000, 0x0000000116db8000, 0x000000011e080000]
CodeHeap 'profiled nmethods': size=120016Kb used=8419Kb max_used=8419Kb free=111597Kb
 bounds [0x000000010f080000, 0x000000010f8c0000, 0x00000001165b4000]
CodeHeap 'non-nmethods': size=5712Kb used=1434Kb max_used=1478Kb free=4277Kb
 bounds [0x00000001165b4000, 0x0000000116824000, 0x0000000116b48000]
 total_blobs=4697 nmethods=3887 adapters=724
 compilation: enabled
              stopped_count=0, restarted_count=0
 full_count=0

Compilation events (20 events):
Event: 99.060 Thread 0x000000012e808200 3906       3       com.sun.javafx.geom.transform.Affine3D::<init> (117 bytes)
Event: 99.060 Thread 0x000000012e808200 nmethod 3906 0x000000010f8b2b10 code [0x000000010f8b2cc0, 0x000000010f8b2f58]
Event: 99.060 Thread 0x000000012e808200 3907       3       com.sun.prism.impl.ps.BaseShaderGraphics::<init> (22 bytes)
Event: 99.060 Thread 0x000000012e808200 nmethod 3907 0x000000010f8b3090 code [0x000000010f8b3240, 0x000000010f8b3448]
Event: 99.061 Thread 0x000000012e808200 3908       3       com.sun.javafx.geom.transform.AffineBase::concatenate (1433 bytes)
Event: 99.062 Thread 0x000000012e808200 nmethod 3908 0x000000010f8b3510 code [0x000000010f8b3900, 0x000000010f8b5798]
Event: 99.062 Thread 0x000000012e808200 3909       3       com.sun.scenario.effect.impl.prism.ps.PPSRenderer::getCompatibleImage (29 bytes)
Event: 99.062 Thread 0x000000012e808200 nmethod 3909 0x000000010f8b5e10 code [0x000000010f8b6040, 0x000000010f8b6638]
Event: 99.062 Thread 0x000000012e808200 3910       3       com.sun.scenario.effect.impl.Renderer::getCompatibleImage (11 bytes)
Event: 99.062 Thread 0x000000012e808200 nmethod 3910 0x000000010f8b6810 code [0x000000010f8b69c0, 0x000000010f8b6b48]
Event: 99.080 Thread 0x000000011f879e00 nmethod 3885 0x0000000116cc6d90 code [0x0000000116cc7400, 0x0000000116cc9560]
Event: 99.080 Thread 0x000000011f879e00 3888       4       javafx.scene.layout.Region::_getSnapScaleXimpl (22 bytes)
Event: 99.081 Thread 0x000000011f879e00 nmethod 3888 0x0000000116ccad90 code [0x0000000116ccaf40, 0x0000000116ccb100]
Event: 99.081 Thread 0x000000011f879e00 3886       4       com.sun.javafx.css.StyleCacheEntry::get (37 bytes)
Event: 99.088 Thread 0x000000011f879e00 nmethod 3886 0x0000000116ccb310 code [0x0000000116ccb540, 0x0000000116ccbbd0]
Event: 99.088 Thread 0x000000011f879e00 3865       4       javafx.fxml.FXMLLoader$SupportedType$1::methodIsOfType (14 bytes)
Event: 99.089 Thread 0x000000011f879e00 nmethod 3865 0x0000000116ccc010 code [0x0000000116ccc1c0, 0x0000000116ccc360]
Event: 99.623 Thread 0x000000012e808200 3911   !   3       java.lang.invoke.MethodHandles$Lookup::revealDirect (196 bytes)
Event: 99.624 Thread 0x000000012e808200 nmethod 3911 0x000000010f8b6c10 code [0x000000010f8b7040, 0x000000010f8b8448]
Event: 99.624 Thread 0x000000012e808200 3914       3       java.lang.invoke.AbstractValidatingLambdaMetafactory::checkDescriptor (133 bytes)

GC Heap History (4 events):
Event: 6.469 GC heap before
{Heap before GC invocations=0 (full 0):
 garbage-first heap   total 133120K, used 58336K [0x0000000780000000, 0x0000000800000000)
  region size 1024K, 23 young (23552K), 0 survivors (0K)
 Metaspace       used 16096K, committed 16320K, reserved 1114112K
  class space    used 2551K, committed 2624K, reserved 1048576K
}
Event: 6.473 GC heap after
{Heap after GC invocations=1 (full 0):
 garbage-first heap   total 133120K, used 30112K [0x0000000780000000, 0x0000000800000000)
  region size 1024K, 3 young (3072K), 3 survivors (3072K)
 Metaspace       used 16096K, committed 16320K, reserved 1114112K
  class space    used 2551K, committed 2624K, reserved 1048576K
}
Event: 70.636 GC heap before
{Heap before GC invocations=1 (full 0):
 garbage-first heap   total 133120K, used 57760K [0x0000000780000000, 0x0000000800000000)
  region size 1024K, 20 young (20480K), 3 survivors (3072K)
 Metaspace       used 17541K, committed 17792K, reserved 1114112K
  class space    used 2604K, committed 2752K, reserved 1048576K
}
Event: 70.640 GC heap after
{Heap after GC invocations=2 (full 0):
 garbage-first heap   total 133120K, used 36483K [0x0000000780000000, 0x0000000800000000)
  region size 1024K, 2 young (2048K), 2 survivors (2048K)
 Metaspace       used 17541K, committed 17792K, reserved 1114112K
  class space    used 2604K, committed 2752K, reserved 1048576K
}

Dll operation events (8 events):
Event: 0.004 Loaded shared library /Users/haleemairfan/.sdkman/candidates/java/17.0.11.fx-zulu/zulu-17.jdk/Contents/Home/lib/libjava.dylib
Event: 0.025 Loaded shared library /Users/haleemairfan/.sdkman/candidates/java/17.0.11.fx-zulu/zulu-17.jdk/Contents/Home/lib/libnio.dylib
Event: 0.031 Loaded shared library /Users/haleemairfan/.sdkman/candidates/java/17.0.11.fx-zulu/zulu-17.jdk/Contents/Home/lib/libzip.dylib
Event: 0.036 Loaded shared library /Users/haleemairfan/.sdkman/candidates/java/17.0.11.fx-zulu/zulu-17.jdk/Contents/Home/lib/libjimage.dylib
Event: 0.089 Loaded shared library /Users/haleemairfan/.sdkman/candidates/java/17.0.11.fx-zulu/zulu-17.jdk/Contents/Home/lib/libprism_es2.dylib
Event: 0.145 Loaded shared library /Users/haleemairfan/.sdkman/candidates/java/17.0.11.fx-zulu/zulu-17.jdk/Contents/Home/lib/libglass.dylib
Event: 0.261 Loaded shared library /Users/haleemairfan/.sdkman/candidates/java/17.0.11.fx-zulu/zulu-17.jdk/Contents/Home/lib/libnet.dylib
Event: 0.465 Loaded shared library /Users/haleemairfan/.sdkman/candidates/java/17.0.11.fx-zulu/zulu-17.jdk/Contents/Home/lib/libjavafx_font.dylib

Deoptimization events (20 events):
Event: 99.042 Thread 0x0000000140149a00 DEOPT PACKING pc=0x0000000116cb1c40 sp=0x000000016bb80d40
Event: 99.042 Thread 0x0000000140149a00 DEOPT UNPACKING pc=0x00000001165fb91c sp=0x000000016bb80cc0 mode 2
Event: 99.042 Thread 0x0000000140149a00 Uncommon trap: trap_request=0xffffffd6 fr.pc=0x0000000116cb1c40 relative=0x0000000000000240
Event: 99.042 Thread 0x0000000140149a00 Uncommon trap: reason=array_check action=maybe_recompile pc=0x0000000116cb1c40 method=javafx.css.SimpleSelector.applies(Ljavafx/css/Styleable;[Ljava/util/Set;I)Z @ 37 c2
Event: 99.042 Thread 0x0000000140149a00 DEOPT PACKING pc=0x0000000116cb1c40 sp=0x000000016bb80e40
Event: 99.042 Thread 0x0000000140149a00 DEOPT UNPACKING pc=0x00000001165fb91c sp=0x000000016bb80de0 mode 2
Event: 99.083 Thread 0x0000000140149a00 Uncommon trap: trap_request=0xffffff45 fr.pc=0x0000000116cbf57c relative=0x00000000000001bc
Event: 99.083 Thread 0x0000000140149a00 Uncommon trap: reason=unstable_if action=reinterpret pc=0x0000000116cbf57c method=java.util.concurrent.locks.ReentrantLock$NonfairSync.initialTryLock()Z @ 10 c2
Event: 99.083 Thread 0x0000000140149a00 DEOPT PACKING pc=0x0000000116cbf57c sp=0x000000016bb80aa0
Event: 99.083 Thread 0x0000000140149a00 DEOPT UNPACKING pc=0x00000001165fb91c sp=0x000000016bb80960 mode 2
Event: 99.083 Thread 0x0000000140149a00 Uncommon trap: trap_request=0xffffff45 fr.pc=0x0000000116cacbcc relative=0x000000000000010c
Event: 99.083 Thread 0x0000000140149a00 Uncommon trap: reason=unstable_if action=reinterpret pc=0x0000000116cacbcc method=java.util.concurrent.locks.ReentrantLock$Sync.tryRelease(I)Z @ 26 c2
Event: 99.083 Thread 0x0000000140149a00 DEOPT PACKING pc=0x0000000116cacbcc sp=0x000000016bb80a50
Event: 99.083 Thread 0x0000000140149a00 DEOPT UNPACKING pc=0x00000001165fb91c sp=0x000000016bb809e0 mode 2
Event: 99.622 Thread 0x0000000140149a00 Uncommon trap: trap_request=0xffffff45 fr.pc=0x0000000116cbe328 relative=0x0000000000000168
Event: 99.622 Thread 0x0000000140149a00 Uncommon trap: reason=unstable_if action=reinterpret pc=0x0000000116cbe328 method=java.util.concurrent.locks.ReentrantLock$NonfairSync.initialTryLock()Z @ 10 c2
Event: 99.622 Thread 0x0000000140149a00 DEOPT PACKING pc=0x0000000116cbe328 sp=0x000000016bb82770
Event: 99.622 Thread 0x0000000140149a00 DEOPT UNPACKING pc=0x00000001165fb91c sp=0x000000016bb826f0 mode 2
Event: 99.622 Thread 0x000000011f009600 DEOPT PACKING pc=0x000000010f472ec8 sp=0x000000016e612680
Event: 99.622 Thread 0x000000011f009600 DEOPT UNPACKING pc=0x00000001165fb77c sp=0x000000016e612380 mode 3

Classes unloaded (0 events):
No events

Classes redefined (0 events):
No events

Internal exceptions (20 events):
Event: 0.495 Thread 0x0000000140149a00 Exception <a 'java/lang/NoSuchMethodError'{0x0000000787626720}: 'void java.lang.invoke.DirectMethodHandle$Holder.invokeStaticInit(java.lang.Object, java.lang.Object)'> (0x0000000787626720) 
thrown [src/hotspot/share/interpreter/linkResolver.cpp, line 759]
Event: 0.499 Thread 0x0000000140149a00 Exception <a 'java/lang/NoSuchMethodError'{0x000000078763f860}: 'void java.lang.invoke.DirectMethodHandle$Holder.invokeSpecial(java.lang.Object, java.lang.Object, java.lang.Object, java.lang.Object, java.lang.Object)'> (0x000000078763f860) 
thrown [src/hotspot/share/interpreter/linkResolver.cpp, line 759]
Event: 0.692 Thread 0x0000000140149a00 Exception <a 'java/lang/ClassNotFoundException'{0x00000007871ab650}: com/sun/javafx/scene/control/skin/resources/controls> (0x00000007871ab650) 
thrown [src/hotspot/share/prims/jni.cpp, line 535]
Event: 0.693 Thread 0x0000000140149a00 Exception <a 'java/lang/ClassNotFoundException'{0x00000007871b9760}: com/sun/javafx/scene/control/skin/resources/controls_en> (0x00000007871b9760) 
thrown [src/hotspot/share/prims/jni.cpp, line 535]
Event: 0.693 Thread 0x0000000140149a00 Exception <a 'java/lang/ClassNotFoundException'{0x00000007871ba658}: com/sun/javafx/scene/control/skin/resources/controls_en_SG> (0x00000007871ba658) 
thrown [src/hotspot/share/prims/jni.cpp, line 535]
Event: 0.708 Thread 0x0000000140149a00 Implicit null exception at 0x0000000116ba3968 to 0x0000000116ba39fc
Event: 0.710 Thread 0x0000000140149a00 Exception <a 'java/lang/NoSuchMethodError'{0x0000000786f09640}: 'java.lang.Object java.lang.invoke.DirectMethodHandle$Holder.invokeInterface(java.lang.Object, java.lang.Object, java.lang.Object)'> (0x0000000786f09640) 
thrown [src/hotspot/share/interpreter/linkResolver.cpp, line 759]
Event: 0.711 Thread 0x0000000140149a00 Exception <a 'java/lang/IncompatibleClassChangeError'{0x0000000786f0cfc8}: Found class java.lang.Object, but interface was expected> (0x0000000786f0cfc8) 
thrown [src/hotspot/share/interpreter/linkResolver.cpp, line 826]
Event: 0.813 Thread 0x0000000140149a00 Exception <a 'java/lang/NoSuchMethodError'{0x0000000786c499d8}: 'java.lang.Object java.lang.invoke.DirectMethodHandle$Holder.newInvokeSpecial(java.lang.Object, java.lang.Object, int)'> (0x0000000786c499d8) 
thrown [src/hotspot/share/interpreter/linkResolver.cpp, line 759]
Event: 0.854 Thread 0x000000011f009600 Exception <a 'java/lang/NoSuchMethodError'{0x0000000786cf96e8}: 'int java.lang.invoke.DirectMethodHandle$Holder.invokeStaticInit(java.lang.Object, java.lang.Object)'> (0x0000000786cf96e8) 
thrown [src/hotspot/share/interpreter/linkResolver.cpp, line 759]
Event: 0.860 Thread 0x0000000140149a00 Exception <a 'java/lang/NoSuchMethodError'{0x0000000786c8aa38}: 'long java.lang.invoke.DirectMethodHandle$Holder.invokeStatic(java.lang.Object, java.lang.Object, java.lang.Object)'> (0x0000000786c8aa38) 
thrown [src/hotspot/share/interpreter/linkResolver.cpp, line 759]
Event: 0.860 Thread 0x0000000140149a00 Exception <a 'java/lang/NoSuchMethodError'{0x0000000786c8e1e0}: 'long java.lang.invoke.DirectMethodHandle$Holder.invokeStaticInit(java.lang.Object, java.lang.Object, java.lang.Object)'> (0x0000000786c8e1e0) 
thrown [src/hotspot/share/interpreter/linkResolver.cpp, line 759]
Event: 0.861 Thread 0x0000000140149a00 Exception <a 'java/lang/NoSuchMethodError'{0x0000000786ca5de0}: 'java.lang.Object java.lang.invoke.DirectMethodHandle$Holder.newInvokeSpecial(java.lang.Object, java.lang.Object, long)'> (0x0000000786ca5de0) 
thrown [src/hotspot/share/interpreter/linkResolver.cpp, line 759]
Event: 0.861 Thread 0x0000000140149a00 Exception <a 'java/lang/NoSuchMethodError'{0x0000000786ca96a8}: 'java.lang.Object java.lang.invoke.Invokers$Holder.linkToTargetMethod(java.lang.Object, long, java.lang.Object)'> (0x0000000786ca96a8) 
thrown [src/hotspot/share/interpreter/linkResolver.cpp, line 759]
Event: 0.885 Thread 0x000000011f009600 Exception <a 'java/lang/NoSuchMethodError'{0x0000000786bfcef0}: 'java.lang.Object java.lang.invoke.DirectMethodHandle$Holder.invokeStaticInit(java.lang.Object, int)'> (0x0000000786bfcef0) 
thrown [src/hotspot/share/interpreter/linkResolver.cpp, line 759]
Event: 5.482 Thread 0x0000000140149a00 Exception <a 'java/lang/NoSuchMethodError'{0x0000000786ad5860}: 'void java.lang.invoke.DirectMethodHandle$Holder.invokeVirtual(java.lang.Object, java.lang.Object)'> (0x0000000786ad5860) 
thrown [src/hotspot/share/interpreter/linkResolver.cpp, line 759]
Event: 39.085 Thread 0x0000000140149a00 Exception <a 'java/lang/NoSuchMethodError'{0x0000000787a89a10}: 'java.lang.Object java.lang.invoke.DirectMethodHandle$Holder.newInvokeSpecial(java.lang.Object, java.lang.Object, int, java.lang.Object, double, double, double, double, double, double, int, int, int, int, int, int, int, int)'> (0x0000000787a89a10) 
thrown [src/hotspot/share/interpreter/linkResolver.cpp, line 759]
Event: 53.316 Thread 0x0000000140149a00 Exception <a 'java/lang/NoSuchMethodError'{0x00000007875b9618}: 'java.lang.Object java.lang.invoke.DirectMethodHandle$Holder.newInvokeSpecial(java.lang.Object, java.lang.Object, java.lang.Object, int, int, int, int, int)'> (0x00000007875b9618) 
thrown [src/hotspot/share/interpreter/linkResolver.cpp, line 759]
Event: 53.365 Thread 0x0000000140149a00 Exception <a 'java/lang/NoSuchMethodError'{0x0000000787406a58}: 'java.lang.Object java.lang.invoke.DirectMethodHandle$Holder.invokeSpecial(java.lang.Object, java.lang.Object, int, int, int, int, int, java.lang.Object)'> (0x0000000787406a58) 
thrown [src/hotspot/share/interpreter/linkResolver.cpp, line 759]
Event: 53.365 Thread 0x0000000140149a00 Exception <a 'java/lang/NoSuchMethodError'{0x000000078740e3a8}: 'java.lang.Object java.lang.invoke.DirectMethodHandle$Holder.newInvokeSpecial(java.lang.Object, java.lang.Object, int, int, int, int, int, java.lang.Object)'> (0x000000078740e3a8) 
thrown [src/hotspot/share/interpreter/linkResolver.cpp, line 759]

VM Operations (20 events):
Event: 81.682 Executing VM operation: Cleanup
Event: 81.682 Executing VM operation: Cleanup done
Event: 82.687 Executing VM operation: Cleanup
Event: 82.687 Executing VM operation: Cleanup done
Event: 86.707 Executing VM operation: Cleanup
Event: 86.708 Executing VM operation: Cleanup done
Event: 87.713 Executing VM operation: Cleanup
Event: 87.713 Executing VM operation: Cleanup done
Event: 88.714 Executing VM operation: Cleanup
Event: 88.714 Executing VM operation: Cleanup done
Event: 94.743 Executing VM operation: Cleanup
Event: 94.743 Executing VM operation: Cleanup done
Event: 95.748 Executing VM operation: Cleanup
Event: 95.749 Executing VM operation: Cleanup done
Event: 96.751 Executing VM operation: Cleanup
Event: 96.751 Executing VM operation: Cleanup done
Event: 97.752 Executing VM operation: Cleanup
Event: 97.752 Executing VM operation: Cleanup done
Event: 98.757 Executing VM operation: Cleanup
Event: 98.757 Executing VM operation: Cleanup done

Events (20 events):
Event: 64.740 Protecting memory [0x000000016cf0c000,0x000000016cf18000] with protection modes 0
Event: 64.740 Thread 0x000000012e81d000 Thread added: 0x000000012e81d000
Event: 70.608 loading class java/util/Formatter$FixedString
Event: 70.608 loading class java/util/Formatter$FixedString done
Event: 99.623 Protecting memory [0x000000016e410000,0x000000016e41c000] with protection modes 3
Event: 99.623 Thread 0x000000011f009600 Thread exited: 0x000000011f009600
Event: 99.623 Protecting memory [0x000000016e204000,0x000000016e210000] with protection modes 3
Event: 99.623 Thread 0x000000012f008200 Thread exited: 0x000000012f008200
Event: 99.623 Protecting memory [0x000000016bc14000,0x000000016bc20000] with protection modes 3
Event: 99.623 Thread 0x000000011f009000 Thread exited: 0x000000011f009000
Event: 99.623 Protecting memory [0x000000016b38c000,0x000000016b398000] with protection modes 3
Event: 99.623 Protecting memory [0x000000016bc14000,0x000000016bc20000] with protection modes 0
Event: 99.623 Thread 0x0000000140149a00 Thread exited: 0x0000000140149a00
Event: 99.623 Thread 0x000000012e15d000 Thread added: 0x000000012e15d000
Event: 99.623 Thread 0x0000000140149a00 Thread added: 0x0000000140149a00
Event: 99.623 Protecting memory [0x000000016e204000,0x000000016e210000] with protection modes 0
Event: 99.624 Protecting memory [0x000000016e204000,0x000000016e210000] with protection modes 3
Event: 99.624 Thread 0x0000000140149a00 Thread exited: 0x0000000140149a00
Event: 99.625 Protecting memory [0x000000016bc14000,0x000000016bc20000] with protection modes 3
Event: 99.625 Thread 0x000000012e15d000 Thread exited: 0x000000012e15d000


Dynamic libraries:
0x0000000104338000 	/Users/haleemairfan/.sdkman/candidates/java/17.0.11.fx-zulu/zulu-17.jdk/Contents/Home/lib/libjli.dylib
0x00000001b1564000 	/System/Library/Frameworks/Cocoa.framework/Versions/A/Cocoa
0x000000019d47f000 	/System/Library/Frameworks/AppKit.framework/Versions/C/AppKit
0x000000019fe19000 	/System/Library/Frameworks/CoreData.framework/Versions/A/CoreData
0x000000019b10b000 	/System/Library/Frameworks/Foundation.framework/Versions/C/Foundation
0x00000001a579d000 	/usr/lib/libSystem.B.dylib
0x000000019e387000 	/System/Library/PrivateFrameworks/UIFoundation.framework/Versions/A/UIFoundation
0x0000000204e27000 	/System/Library/PrivateFrameworks/CollectionViewCore.framework/Versions/A/CollectionViewCore
0x00000001aba25000 	/System/Library/PrivateFrameworks/RemoteViewServices.framework/Versions/A/RemoteViewServices
0x00000001a3bed000 	/System/Library/PrivateFrameworks/XCTTargetBootstrap.framework/Versions/A/XCTTargetBootstrap
0x00000001a752f000 	/System/Library/PrivateFrameworks/InternationalSupport.framework/Versions/A/InternationalSupport
0x00000001a75b6000 	/System/Library/PrivateFrameworks/UserActivity.framework/Versions/A/UserActivity
0x000000021b9f0000 	/System/Library/PrivateFrameworks/WindowManagement.framework/Versions/A/WindowManagement
0x000000019add5000 	/System/Library/Frameworks/SystemConfiguration.framework/Versions/A/SystemConfiguration
0x00000001a6a34000 	/usr/lib/libspindump.dylib
0x000000019e52c000 	/System/Library/Frameworks/UniformTypeIdentifiers.framework/Versions/A/UniformTypeIdentifiers
0x00000001a1f18000 	/usr/lib/libapp_launch_measurement.dylib
0x00000001a13ca000 	/System/Library/PrivateFrameworks/CoreAnalytics.framework/Versions/A/CoreAnalytics
0x00000001a1f1f000 	/System/Library/PrivateFrameworks/CoreAutoLayout.framework/Versions/A/CoreAutoLayout
0x00000001a340f000 	/System/Library/Frameworks/Metal.framework/Versions/A/Metal
0x00000001a4344000 	/usr/lib/liblangid.dylib
0x00000001a3bf3000 	/System/Library/PrivateFrameworks/CoreSVG.framework/Versions/A/CoreSVG
0x000000019ee4d000 	/System/Library/PrivateFrameworks/SkyLight.framework/Versions/A/SkyLight
0x000000019f264000 	/System/Library/Frameworks/CoreGraphics.framework/Versions/A/CoreGraphics
0x00000001ac0f4000 	/System/Library/Frameworks/Accelerate.framework/Versions/A/Accelerate
0x00000001a64a2000 	/System/Library/PrivateFrameworks/IconServices.framework/Versions/A/IconServices
0x00000001a33ef000 	/System/Library/Frameworks/IOSurface.framework/Versions/A/IOSurface
0x00000001a13f7000 	/usr/lib/libDiagnosticMessagesClient.dylib
0x00000001a56e3000 	/usr/lib/libz.1.dylib
0x00000001af350000 	/System/Library/Frameworks/ApplicationServices.framework/Versions/A/ApplicationServices
0x00000001a3bd5000 	/System/Library/PrivateFrameworks/DFRFoundation.framework/Versions/A/DFRFoundation
0x000000019ccfd000 	/usr/lib/libicucore.A.dylib
0x00000001a84be000 	/System/Library/Frameworks/AudioToolbox.framework/Versions/A/AudioToolbox
0x00000001a753a000 	/System/Library/PrivateFrameworks/DataDetectorsCore.framework/Versions/A/DataDetectorsCore
0x00000001be546000 	/System/Library/PrivateFrameworks/TextInput.framework/Versions/A/TextInput
0x000000019edb2000 	/usr/lib/libMobileGestalt.dylib
0x00000001a38a1000 	/System/Library/Frameworks/Carbon.framework/Versions/A/Frameworks/HIToolbox.framework/Versions/A/HIToolbox
0x00000001a18a2000 	/System/Library/Frameworks/QuartzCore.framework/Versions/A/QuartzCore
0x000000019c95a000 	/System/Library/Frameworks/Security.framework/Versions/A/Security
0x00000001aba65000 	/System/Library/Frameworks/Carbon.framework/Versions/A/Frameworks/SpeechRecognition.framework/Versions/A/SpeechRecognition
0x00000001a1c57000 	/System/Library/PrivateFrameworks/CoreUI.framework/Versions/A/CoreUI
0x000000019c27a000 	/System/Library/Frameworks/CoreAudio.framework/Versions/A/CoreAudio
0x00000001a14d3000 	/System/Library/Frameworks/DiskArbitration.framework/Versions/A/DiskArbitration
0x00000001a6e67000 	/System/Library/PrivateFrameworks/MultitouchSupport.framework/Versions/A/MultitouchSupport
0x000000019edb0000 	/usr/lib/libenergytrace.dylib
0x000000019d342000 	/System/Library/Frameworks/IOKit.framework/Versions/A/IOKit
0x00000001abe48000 	/System/Library/Frameworks/CoreServices.framework/Versions/A/CoreServices
0x00000001a1ea5000 	/System/Library/PrivateFrameworks/PerformanceAnalysis.framework/Versions/A/PerformanceAnalysis
0x00000001e84c9000 	/System/Library/Frameworks/OpenGL.framework/Versions/A/OpenGL
0x00000001a1f69000 	/usr/lib/libxml2.2.dylib
0x00000001a4d11000 	/System/Library/PrivateFrameworks/MobileKeyBag.framework/Versions/A/MobileKeyBag
0x0000000199e0c000 	/usr/lib/libobjc.A.dylib
0x000000019a0c3000 	/usr/lib/libc++.1.dylib
0x000000019f8ae000 	/System/Library/Frameworks/ColorSync.framework/Versions/A/ColorSync
0x000000019a1e0000 	/System/Library/Frameworks/CoreFoundation.framework/Versions/A/CoreFoundation
0x00000001a3f6b000 	/System/Library/Frameworks/CoreImage.framework/Versions/A/CoreImage
0x000000019c09b000 	/System/Library/Frameworks/CoreText.framework/Versions/A/CoreText
0x00000001a3c2c000 	/System/Library/Frameworks/ImageIO.framework/Versions/A/ImageIO
0x00000001a57a3000 	/System/Library/PrivateFrameworks/SoftLinking.framework/Versions/A/SoftLinking
0x00000001a5a36000 	/usr/lib/libcompression.dylib
0x00000001a748b000 	/System/Library/PrivateFrameworks/TextureIO.framework/Versions/A/TextureIO
0x00000001a6174000 	/usr/lib/libate.dylib
0x00000001a5797000 	/usr/lib/system/libcache.dylib
0x00000001a5750000 	/usr/lib/system/libcommonCrypto.dylib
0x00000001a577e000 	/usr/lib/system/libcompiler_rt.dylib
0x00000001a5774000 	/usr/lib/system/libcopyfile.dylib
0x0000000199f3f000 	/usr/lib/system/libcorecrypto.dylib
0x0000000199ff7000 	/usr/lib/system/libdispatch.dylib
0x000000019a188000 	/usr/lib/system/libdyld.dylib
0x00000001a578d000 	/usr/lib/system/libkeymgr.dylib
0x00000001a572e000 	/usr/lib/system/libmacho.dylib
0x00000001a4e0a000 	/usr/lib/system/libquarantine.dylib
0x00000001a578a000 	/usr/lib/system/libremovefile.dylib
0x000000019ee17000 	/usr/lib/system/libsystem_asl.dylib
0x0000000199edd000 	/usr/lib/system/libsystem_blocks.dylib
0x000000019a042000 	/usr/lib/system/libsystem_c.dylib
0x00000001a5782000 	/usr/lib/system/libsystem_collections.dylib
0x00000001a4333000 	/usr/lib/system/libsystem_configuration.dylib
0x00000001a33bd000 	/usr/lib/system/libsystem_containermanager.dylib
0x00000001a543f000 	/usr/lib/system/libsystem_coreservices.dylib
0x000000019cfb4000 	/usr/lib/system/libsystem_darwin.dylib
0x00000001a578e000 	/usr/lib/system/libsystem_dnssd.dylib
0x000000019a03f000 	/usr/lib/system/libsystem_featureflags.dylib
0x000000019a1b4000 	/usr/lib/system/libsystem_info.dylib
0x00000001a56f5000 	/usr/lib/system/libsystem_m.dylib
0x0000000199fcb000 	/usr/lib/system/libsystem_malloc.dylib
0x000000019ed97000 	/usr/lib/system/libsystem_networkextension.dylib
0x000000019d41e000 	/usr/lib/system/libsystem_notify.dylib
0x00000001a4338000 	/usr/lib/system/libsystem_sandbox.dylib
0x00000001a5787000 	/usr/lib/system/libsystem_secinit.dylib
0x000000019a142000 	/usr/lib/system/libsystem_kernel.dylib
0x000000019a1ac000 	/usr/lib/system/libsystem_platform.dylib
0x000000019a17b000 	/usr/lib/system/libsystem_pthread.dylib
0x00000001a05e6000 	/usr/lib/system/libsystem_symptoms.dylib
0x0000000199f25000 	/usr/lib/system/libsystem_trace.dylib
0x00000001a5761000 	/usr/lib/system/libunwind.dylib
0x0000000199ee2000 	/usr/lib/system/libxpc.dylib
0x000000019a12a000 	/usr/lib/libc++abi.dylib
0x00000001a576c000 	/usr/lib/liboah.dylib
0x00000001a6033000 	/usr/lib/liblzma.5.dylib
0x00000001a579f000 	/usr/lib/libfakelink.dylib
0x000000019e9d7000 	/System/Library/Frameworks/CFNetwork.framework/Versions/A/CFNetwork
0x00000001a58de000 	/usr/lib/libarchive.2.dylib
0x00000001a9db2000 	/System/Library/Frameworks/Combine.framework/Versions/A/Combine
0x00000001a7e88000 	/usr/lib/swift/libswiftCore.dylib
0x00000001bb64a000 	/usr/lib/swift/libswiftCoreFoundation.dylib
0x00000001b954a000 	/usr/lib/swift/libswiftDarwin.dylib
0x00000001ad364000 	/usr/lib/swift/libswiftDispatch.dylib
0x00000001bb66b000 	/usr/lib/swift/libswiftIOKit.dylib
0x00000001af76b000 	/usr/lib/swift/libswiftObjectiveC.dylib
0x00000001bb65e000 	/usr/lib/swift/libswiftXPC.dylib
0x00000002221d3000 	/usr/lib/swift/libswift_Concurrency.dylib
0x0000000222325000 	/usr/lib/swift/libswift_StringProcessing.dylib
0x00000001af76f000 	/usr/lib/swift/libswiftos.dylib
0x000000019d2c7000 	/System/Library/PrivateFrameworks/CoreServicesInternal.framework/Versions/A/CoreServicesInternal
0x00000001a4e35000 	/usr/lib/libbsm.0.dylib
0x00000001a5734000 	/usr/lib/system/libkxld.dylib
0x00000001a1ee1000 	/System/Library/Frameworks/CoreServices.framework/Versions/A/Frameworks/FSEvents.framework/Versions/A/FSEvents
0x000000019cfbf000 	/System/Library/Frameworks/CoreServices.framework/Versions/A/Frameworks/CarbonCore.framework/Versions/A/CarbonCore
0x00000001a143a000 	/System/Library/Frameworks/CoreServices.framework/Versions/A/Frameworks/Metadata.framework/Versions/A/Metadata
0x00000001a5445000 	/System/Library/Frameworks/CoreServices.framework/Versions/A/Frameworks/OSServices.framework/Versions/A/OSServices
0x00000001a5965000 	/System/Library/Frameworks/CoreServices.framework/Versions/A/Frameworks/SearchKit.framework/Versions/A/SearchKit
0x00000001a0569000 	/System/Library/Frameworks/CoreServices.framework/Versions/A/Frameworks/AE.framework/Versions/A/AE
0x000000019a6b8000 	/System/Library/Frameworks/CoreServices.framework/Versions/A/Frameworks/LaunchServices.framework/Versions/A/LaunchServices
0x00000001a5fdc000 	/System/Library/Frameworks/CoreServices.framework/Versions/A/Frameworks/DictionaryServices.framework/Versions/A/DictionaryServices
0x00000001a1eee000 	/System/Library/Frameworks/CoreServices.framework/Versions/A/Frameworks/SharedFileList.framework/Versions/A/SharedFileList
0x00000001a5a04000 	/usr/lib/libapple_nghttp2.dylib
0x000000019e9d3000 	/usr/lib/libnetwork.dylib
0x00000001a01ee000 	/usr/lib/libsqlite3.dylib
0x00000001a05ef000 	/System/Library/Frameworks/Network.framework/Versions/A/Network
0x0000000221359000 	/usr/lib/libCoreEntitlements.dylib
0x000000020e266000 	/System/Library/PrivateFrameworks/MessageSecurity.framework/Versions/A/MessageSecurity
0x00000001a01d4000 	/System/Library/PrivateFrameworks/ProtocolBuffer.framework/Versions/A/ProtocolBuffer
0x00000001a5421000 	/System/Library/PrivateFrameworks/AppleFSCompression.framework/Versions/A/AppleFSCompression
0x00000001a4e1d000 	/usr/lib/libcoretls.dylib
0x00000001a604c000 	/usr/lib/libcoretls_cfhelpers.dylib
0x00000001a5a31000 	/usr/lib/libpam.2.dylib
0x00000001a60b2000 	/usr/lib/libxar.1.dylib
0x00000001a647d000 	/usr/lib/libheimdal-asn1.dylib
0x00000001a57a4000 	/usr/lib/libpcap.A.dylib
0x00000001a05dc000 	/usr/lib/libdns_services.dylib
0x00000001a4340000 	/System/Library/PrivateFrameworks/AppleSystemInfo.framework/Versions/A/AppleSystemInfo
0x00000001a4b12000 	/System/Library/PrivateFrameworks/IOMobileFramebuffer.framework/Versions/A/IOMobileFramebuffer
0x00000001a5432000 	/usr/lib/libbz2.1.0.dylib
0x00000001a4e0d000 	/usr/lib/libCheckFix.dylib
0x000000019ee2f000 	/System/Library/PrivateFrameworks/TCC.framework/Versions/A/TCC
0x00000001a4346000 	/System/Library/PrivateFrameworks/CoreNLP.framework/Versions/A/CoreNLP
0x00000001a13f9000 	/System/Library/PrivateFrameworks/MetadataUtilities.framework/Versions/A/MetadataUtilities
0x00000001a4e46000 	/usr/lib/libmecab.dylib
0x000000019ae5f000 	/usr/lib/libCRFSuite.dylib
0x00000001a4ea3000 	/usr/lib/libgermantok.dylib
0x00000001a59dd000 	/usr/lib/libThaiTokenizer.dylib
0x00000001a14dc000 	/System/Library/Frameworks/Accelerate.framework/Versions/A/Frameworks/vImage.framework/Versions/A/vImage
0x00000001abe1f000 	/System/Library/Frameworks/Accelerate.framework/Versions/A/Frameworks/vecLib.framework/Versions/A/vecLib
0x00000001a60f8000 	/System/Library/Frameworks/Accelerate.framework/Versions/A/Frameworks/vecLib.framework/Versions/A/libvMisc.dylib
0x00000001a4a12000 	/System/Library/Frameworks/Accelerate.framework/Versions/A/Frameworks/vecLib.framework/Versions/A/libvDSP.dylib
0x000000019aa6b000 	/System/Library/Frameworks/Accelerate.framework/Versions/A/Frameworks/vecLib.framework/Versions/A/libBLAS.dylib
0x00000001a5b08000 	/System/Library/Frameworks/Accelerate.framework/Versions/A/Frameworks/vecLib.framework/Versions/A/libLAPACK.dylib
0x00000001a4ea6000 	/System/Library/Frameworks/Accelerate.framework/Versions/A/Frameworks/vecLib.framework/Versions/A/libLinearAlgebra.dylib
0x00000001a5a1c000 	/System/Library/Frameworks/Accelerate.framework/Versions/A/Frameworks/vecLib.framework/Versions/A/libSparseBLAS.dylib
0x00000001a5b03000 	/System/Library/Frameworks/Accelerate.framework/Versions/A/Frameworks/vecLib.framework/Versions/A/libQuadrature.dylib
0x00000001a443f000 	/System/Library/Frameworks/Accelerate.framework/Versions/A/Frameworks/vecLib.framework/Versions/A/libBNNS.dylib
0x000000019ad6e000 	/System/Library/Frameworks/Accelerate.framework/Versions/A/Frameworks/vecLib.framework/Versions/A/libSparse.dylib
0x000000020d5d2000 	/System/Library/PrivateFrameworks/MIL.framework/Versions/A/MIL
0x00000001a57d9000 	/usr/lib/libiconv.2.dylib
0x00000001a572d000 	/usr/lib/libcharset.1.dylib
0x00000001a1ec1000 	/System/Library/Frameworks/OpenDirectory.framework/Versions/A/Frameworks/CFOpenDirectory.framework/Versions/A/CFOpenDirectory
0x00000001a1eb1000 	/System/Library/Frameworks/OpenDirectory.framework/Versions/A/OpenDirectory
0x00000001a604e000 	/System/Library/PrivateFrameworks/APFS.framework/Versions/A/APFS
0x00000001a4d48000 	/System/Library/Frameworks/SecurityFoundation.framework/Versions/A/SecurityFoundation
0x00000001a60c1000 	/usr/lib/libutil.dylib
0x000000020c6ca000 	/System/Library/PrivateFrameworks/InstalledContentLibrary.framework/Versions/A/InstalledContentLibrary
0x000000019d305000 	/System/Library/PrivateFrameworks/CoreServicesStore.framework/Versions/A/CoreServicesStore
0x000000020379e000 	/System/Library/PrivateFrameworks/AppleMobileFileIntegrity.framework/Versions/A/AppleMobileFileIntegrity
0x00000001bb629000 	/usr/lib/libmis.dylib
0x00000001c942c000 	/System/Library/PrivateFrameworks/MobileSystemServices.framework/Versions/A/MobileSystemServices
0x00000001e3809000 	/System/Library/PrivateFrameworks/ConfigProfileHelper.framework/Versions/A/ConfigProfileHelper
0x00000001a59df000 	/System/Library/PrivateFrameworks/AppleSauce.framework/Versions/A/AppleSauce
0x000000019bb44000 	/System/Library/PrivateFrameworks/LanguageModeling.framework/Versions/A/LanguageModeling
0x00000001a60c5000 	/usr/lib/libxslt.1.dylib
0x00000001a58cc000 	/usr/lib/libcmph.dylib
0x00000001a4aff000 	/System/Library/PrivateFrameworks/CoreEmoji.framework/Versions/A/CoreEmoji
0x00000001a4439000 	/System/Library/PrivateFrameworks/LinguisticData.framework/Versions/A/LinguisticData
0x000000019ad26000 	/System/Library/PrivateFrameworks/Lexicon.framework/Versions/A/Lexicon
0x00000001a4ddb000 	/System/Library/PrivateFrameworks/BackgroundTaskManagement.framework/Versions/A/BackgroundTaskManagement
0x00000002214f8000 	/usr/lib/libTLE.dylib
0x0000000222270000 	/usr/lib/swift/libswift_RegexParser.dylib
0x00000001a6d2c000 	/System/Library/PrivateFrameworks/AppleJPEG.framework/Versions/A/AppleJPEG
0x00000001a6462000 	/usr/lib/libexpat.1.dylib
0x00000001a72ed000 	/System/Library/Frameworks/ImageIO.framework/Versions/A/Resources/libPng.dylib
0x00000001a7318000 	/System/Library/Frameworks/ImageIO.framework/Versions/A/Resources/libTIFF.dylib
0x00000001a7401000 	/System/Library/Frameworks/ImageIO.framework/Versions/A/Resources/libGIF.dylib
0x00000001a6d71000 	/System/Library/Frameworks/ImageIO.framework/Versions/A/Resources/libJP2.dylib
0x00000001a73a5000 	/System/Library/Frameworks/ImageIO.framework/Versions/A/Resources/libJPEG.dylib
0x00000001a739c000 	/System/Library/Frameworks/ImageIO.framework/Versions/A/Resources/libRadiance.dylib
0x00000001a372a000 	/System/Library/PrivateFrameworks/FontServices.framework/libFontParser.dylib
0x00000001a050b000 	/System/Library/PrivateFrameworks/RunningBoardServices.framework/Versions/A/RunningBoardServices
0x00000001b1c8d000 	/System/Library/PrivateFrameworks/IOSurfaceAccelerator.framework/Versions/A/IOSurfaceAccelerator
0x00000001a6e63000 	/System/Library/PrivateFrameworks/WatchdogClient.framework/Versions/A/WatchdogClient
0x000000019bcbd000 	/System/Library/Frameworks/CoreDisplay.framework/Versions/A/CoreDisplay
0x00000001a3605000 	/System/Library/Frameworks/CoreMedia.framework/Versions/A/CoreMedia
0x00000001a3405000 	/System/Library/PrivateFrameworks/IOAccelerator.framework/Versions/A/IOAccelerator
0x00000001a2052000 	/System/Library/Frameworks/CoreVideo.framework/Versions/A/CoreVideo
0x00000001a5a2f000 	/System/Library/Frameworks/MetalPerformanceShaders.framework/Versions/A/MetalPerformanceShaders
0x00000001a6ea2000 	/System/Library/Frameworks/VideoToolbox.framework/Versions/A/VideoToolbox
0x00000001a044f000 	/System/Library/PrivateFrameworks/BaseBoard.framework/Versions/A/BaseBoard
0x00000001a7397000 	/System/Library/PrivateFrameworks/GPUWrangler.framework/Versions/A/GPUWrangler
0x00000001a7377000 	/System/Library/PrivateFrameworks/IOPresentment.framework/Versions/A/IOPresentment
0x00000001a739f000 	/System/Library/PrivateFrameworks/DSExternalDisplay.framework/Versions/A/DSExternalDisplay
0x0000000208f24000 	/System/Library/PrivateFrameworks/GPUCompiler.framework/Versions/31001/Libraries/libllvm-flatbuffers.dylib
0x00000001e84bc000 	/System/Library/Frameworks/OpenGL.framework/Versions/A/Libraries/libCoreFSCache.dylib
0x0000000208f20000 	/System/Library/PrivateFrameworks/GPUCompiler.framework/Versions/31001/Libraries/libGPUCompilerUtils.dylib
0x00000001a7407000 	/System/Library/PrivateFrameworks/CMCaptureCore.framework/Versions/A/CMCaptureCore
0x00000001fda51000 	/System/Library/Frameworks/ExtensionFoundation.framework/Versions/A/ExtensionFoundation
0x00000001adb09000 	/System/Library/PrivateFrameworks/CoreTime.framework/Versions/A/CoreTime
0x00000001a6a1f000 	/System/Library/PrivateFrameworks/AppServerSupport.framework/Versions/A/AppServerSupport
0x00000001a8da0000 	/System/Library/PrivateFrameworks/perfdata.framework/Versions/A/perfdata
0x000000019bddd000 	/System/Library/PrivateFrameworks/AudioToolboxCore.framework/Versions/A/AudioToolboxCore
0x00000001a35db000 	/System/Library/PrivateFrameworks/caulk.framework/Versions/A/caulk
0x00000001a865d000 	/usr/lib/libAudioStatistics.dylib
0x00000001baa65000 	/System/Library/PrivateFrameworks/SystemPolicy.framework/Versions/A/SystemPolicy
0x00000001a88ff000 	/usr/lib/libSMC.dylib
0x00000001b1439000 	/System/Library/Frameworks/CoreMIDI.framework/Versions/A/CoreMIDI
0x00000001a72ba000 	/usr/lib/libAudioToolboxUtility.dylib
0x00000001b681d000 	/System/Library/PrivateFrameworks/OSAServicesClient.framework/Versions/A/OSAServicesClient
0x00000001a8dad000 	/usr/lib/libperfcheck.dylib
0x00000001a634d000 	/System/Library/PrivateFrameworks/PlugInKit.framework/Versions/A/PlugInKit
0x00000001a4d3a000 	/System/Library/PrivateFrameworks/AssertionServices.framework/Versions/A/AssertionServices
0x00000001e851e000 	/System/Library/Frameworks/OpenGL.framework/Versions/A/Libraries/libGLU.dylib
0x00000001e84dd000 	/System/Library/Frameworks/OpenGL.framework/Versions/A/Libraries/libGFXShared.dylib
0x00000001e86c4000 	/System/Library/Frameworks/OpenGL.framework/Versions/A/Libraries/libGL.dylib
0x00000001e84e6000 	/System/Library/Frameworks/OpenGL.framework/Versions/A/Libraries/libGLImage.dylib
0x00000001e84da000 	/System/Library/Frameworks/OpenGL.framework/Versions/A/Libraries/libCVMSPluginSupport.dylib
0x00000002214d7000 	/usr/lib/libRosetta.dylib
0x00000001e84c3000 	/System/Library/Frameworks/OpenGL.framework/Versions/A/Libraries/libCoreVMClient.dylib
0x00000001a42bd000 	/System/Library/Frameworks/MetalPerformanceShaders.framework/Versions/A/Frameworks/MPSCore.framework/Versions/A/MPSCore
0x00000001a5397000 	/System/Library/Frameworks/MetalPerformanceShaders.framework/Versions/A/Frameworks/MPSImage.framework/Versions/A/MPSImage
0x00000001a4ebb000 	/System/Library/Frameworks/MetalPerformanceShaders.framework/Versions/A/Frameworks/MPSNeuralNetwork.framework/Versions/A/MPSNeuralNetwork
0x00000001a52a7000 	/System/Library/Frameworks/MetalPerformanceShaders.framework/Versions/A/Frameworks/MPSMatrix.framework/Versions/A/MPSMatrix
0x00000001a50b9000 	/System/Library/Frameworks/MetalPerformanceShaders.framework/Versions/A/Frameworks/MPSRayIntersector.framework/Versions/A/MPSRayIntersector
0x00000001a52d5000 	/System/Library/Frameworks/MetalPerformanceShaders.framework/Versions/A/Frameworks/MPSNDArray.framework/Versions/A/MPSNDArray
0x00000001fee0a000 	/System/Library/Frameworks/MetalPerformanceShaders.framework/Versions/A/Frameworks/MPSFunctions.framework/Versions/A/MPSFunctions
0x000000019a931000 	/System/Library/PrivateFrameworks/MetalTools.framework/Versions/A/MetalTools
0x00000001a433e000 	/System/Library/PrivateFrameworks/AggregateDictionary.framework/Versions/A/AggregateDictionary
0x00000001a6206000 	/usr/lib/libIOReport.dylib
0x00000001b062f000 	/System/Library/PrivateFrameworks/ASEProcessing.framework/Versions/A/ASEProcessing
0x00000001a65bd000 	/System/Library/PrivateFrameworks/GraphVisualizer.framework/Versions/A/GraphVisualizer
0x0000000208e31000 	/System/Library/PrivateFrameworks/FontServices.framework/Versions/A/FontServices
0x00000001a69dd000 	/System/Library/PrivateFrameworks/OTSVG.framework/Versions/A/OTSVG
0x00000001a1c05000 	/System/Library/Frameworks/ApplicationServices.framework/Versions/A/Frameworks/ATS.framework/Versions/A/Resources/libFontRegistry.dylib
0x00000001a6a29000 	/System/Library/PrivateFrameworks/FontServices.framework/libhvf.dylib
0x0000000208e32000 	/System/Library/PrivateFrameworks/FontServices.framework/libXTFontStaticRegistryData.dylib
0x000000021a856000 	/System/Library/PrivateFrameworks/VideoToolboxParavirtualizationSupport.framework/Versions/A/VideoToolboxParavirtualizationSupport
0x00000001a6416000 	/System/Library/PrivateFrameworks/AppleVA.framework/Versions/A/AppleVA
0x00000001a869d000 	/System/Library/Frameworks/ApplicationServices.framework/Versions/A/Frameworks/ATS.framework/Versions/A/ATS
0x000000019f9a1000 	/System/Library/Frameworks/ApplicationServices.framework/Versions/A/Frameworks/HIServices.framework/Versions/A/HIServices
0x00000001a7413000 	/System/Library/Frameworks/ApplicationServices.framework/Versions/A/Frameworks/PrintCore.framework/Versions/A/PrintCore
0x00000001a8a58000 	/System/Library/Frameworks/ApplicationServices.framework/Versions/A/Frameworks/QD.framework/Versions/A/QD
0x00000001a8a4c000 	/System/Library/Frameworks/ApplicationServices.framework/Versions/A/Frameworks/ColorSyncLegacy.framework/Versions/A/ColorSyncLegacy
0x00000001a8671000 	/System/Library/Frameworks/ApplicationServices.framework/Versions/A/Frameworks/SpeechSynthesis.framework/Versions/A/SpeechSynthesis
0x00000001a73d1000 	/System/Library/Frameworks/ApplicationServices.framework/Versions/A/Frameworks/ATSUI.framework/Versions/A/ATSUI
0x00000001a89df000 	/usr/lib/libcups.2.dylib
0x00000001a8dbb000 	/System/Library/Frameworks/Kerberos.framework/Versions/A/Kerberos
0x00000001a8dcc000 	/System/Library/Frameworks/GSS.framework/Versions/A/GSS
0x00000001a870f000 	/usr/lib/libresolv.9.dylib
0x00000001a6a39000 	/System/Library/PrivateFrameworks/Heimdal.framework/Versions/A/Heimdal
0x00000001af6ee000 	/System/Library/Frameworks/Kerberos.framework/Versions/A/Libraries/libHeimdalProxy.dylib
0x00000001a8e1c000 	/System/Library/PrivateFrameworks/CommonAuth.framework/Versions/A/CommonAuth
0x00000001e971c000 	/System/Library/Frameworks/AVFAudio.framework/Versions/A/AVFAudio
0x00000001b686c000 	/System/Library/PrivateFrameworks/AXCoreUtilities.framework/Versions/A/AXCoreUtilities
0x00000001a85e9000 	/System/Library/PrivateFrameworks/AudioSession.framework/Versions/A/AudioSession
0x00000001a9b6b000 	/System/Library/Frameworks/IOBluetooth.framework/Versions/A/IOBluetooth
0x00000001a6517000 	/System/Library/PrivateFrameworks/MediaExperience.framework/Versions/A/MediaExperience
0x00000001a8484000 	/System/Library/PrivateFrameworks/AudioSession.framework/libSessionUtility.dylib
0x00000001a8a64000 	/System/Library/PrivateFrameworks/AudioResourceArbitration.framework/Versions/A/AudioResourceArbitration
0x00000001aca3e000 	/System/Library/PrivateFrameworks/PowerLog.framework/Versions/A/PowerLog
0x00000001ac981000 	/System/Library/Frameworks/CoreBluetooth.framework/Versions/A/CoreBluetooth
0x00000001af6ef000 	/System/Library/Frameworks/AudioUnit.framework/Versions/A/AudioUnit
0x00000001a4b9d000 	/System/Library/PrivateFrameworks/CoreUtils.framework/Versions/A/CoreUtils
0x0000000207866000 	/System/Library/PrivateFrameworks/CoreUtilsExtras.framework/Versions/A/CoreUtilsExtras
0x000000020c568000 	/System/Library/PrivateFrameworks/IO80211.framework/Versions/A/IO80211
0x00000001a6487000 	/System/Library/PrivateFrameworks/IconFoundation.framework/Versions/A/IconFoundation
0x00000001aba51000 	/System/Library/PrivateFrameworks/SpeechRecognitionCore.framework/Versions/A/SpeechRecognitionCore
0x00000001053d8000 	/Users/haleemairfan/.sdkman/candidates/java/17.0.11.fx-zulu/zulu-17.jdk/Contents/Home/lib/server/libjvm.dylib
0x00000001042e0000 	/Users/haleemairfan/.sdkman/candidates/java/17.0.11.fx-zulu/zulu-17.jdk/Contents/Home/lib/libjimage.dylib
0x00000001043fc000 	/Users/haleemairfan/.sdkman/candidates/java/17.0.11.fx-zulu/zulu-17.jdk/Contents/Home/lib/libjava.dylib
0x0000000105270000 	/Users/haleemairfan/.sdkman/candidates/java/17.0.11.fx-zulu/zulu-17.jdk/Contents/Home/lib/libnio.dylib
0x0000000105290000 	/Users/haleemairfan/.sdkman/candidates/java/17.0.11.fx-zulu/zulu-17.jdk/Contents/Home/lib/libnet.dylib
0x00000001052dc000 	/Users/haleemairfan/.sdkman/candidates/java/17.0.11.fx-zulu/zulu-17.jdk/Contents/Home/lib/libzip.dylib
0x00000001052b4000 	/Users/haleemairfan/.sdkman/candidates/java/17.0.11.fx-zulu/zulu-17.jdk/Contents/Home/lib/libprism_es2.dylib
0x00000001ba47d000 	/System/Library/Frameworks/Carbon.framework/Versions/A/Carbon
0x00000001b319b000 	/System/Library/Frameworks/Carbon.framework/Versions/A/Frameworks/CommonPanels.framework/Versions/A/CommonPanels
0x00000001af083000 	/System/Library/Frameworks/Carbon.framework/Versions/A/Frameworks/Help.framework/Versions/A/Help
0x00000001b319f000 	/System/Library/Frameworks/Carbon.framework/Versions/A/Frameworks/ImageCapture.framework/Versions/A/ImageCapture
0x00000001b316b000 	/System/Library/Frameworks/Carbon.framework/Versions/A/Frameworks/OpenScripting.framework/Versions/A/OpenScripting
0x00000001b3197000 	/System/Library/Frameworks/Carbon.framework/Versions/A/Frameworks/Ink.framework/Versions/A/Ink
0x00000001ba479000 	/System/Library/Frameworks/Carbon.framework/Versions/A/Frameworks/Print.framework/Versions/A/Print
0x00000001b3193000 	/System/Library/Frameworks/Carbon.framework/Versions/A/Frameworks/SecurityHI.framework/Versions/A/SecurityHI
0x00000001e86ce000 	/System/Library/Frameworks/OpenGL.framework/Versions/A/Resources/GLEngine.bundle/GLEngine
0x00000001e8558000 	/System/Library/Frameworks/OpenGL.framework/Versions/A/Libraries/libGLProgrammability.dylib
0x000000011e640000 	/System/Library/Extensions/AppleMetalOpenGLRenderer.bundle/Contents/MacOS/AppleMetalOpenGLRenderer
0x00000001e883c000 	/System/Library/Frameworks/OpenGL.framework/Versions/A/Resources/GLRendererFloat.bundle/GLRendererFloat
0x00000001e8f0d000 	/System/Library/Extensions/AGXMetalG14G.bundle/Contents/MacOS/AGXMetalG14G
0x00000001bb63d000 	/System/Library/PrivateFrameworks/GPURawCounter.framework/Versions/A/GPURawCounter
0x00000001b592f000 	/System/Library/PrivateFrameworks/IOGPU.framework/Versions/A/IOGPU
0x000000011e594000 	/Users/haleemairfan/.sdkman/candidates/java/17.0.11.fx-zulu/zulu-17.jdk/Contents/Home/lib/libglass.dylib
0x00000001acc8e000 	/System/Library/Frameworks/FileProvider.framework/Versions/A/FileProvider
0x00000001a03b7000 	/System/Library/Frameworks/Accounts.framework/Versions/A/Accounts
0x00000001a20f0000 	/System/Library/PrivateFrameworks/UserManagement.framework/Versions/A/UserManagement
0x00000001ace15000 	/System/Library/PrivateFrameworks/GenerationalStorage.framework/Versions/A/GenerationalStorage
0x00000001ada2f000 	/System/Library/PrivateFrameworks/CoreSymbolication.framework/Versions/A/CoreSymbolication
0x00000001aca32000 	/System/Library/PrivateFrameworks/SymptomDiagnosticReporter.framework/Versions/A/SymptomDiagnosticReporter
0x000000019e542000 	/System/Library/PrivateFrameworks/DesktopServicesPriv.framework/Versions/A/DesktopServicesPriv
0x000000019d42e000 	/usr/lib/libsandbox.1.dylib
0x00000001ad9f0000 	/System/Library/PrivateFrameworks/DebugSymbols.framework/Versions/A/DebugSymbols
0x00000001a8a3f000 	/System/Library/PrivateFrameworks/NetAuth.framework/Versions/A/NetAuth
0x00000001a99e3000 	/System/Library/PrivateFrameworks/Sharing.framework/Versions/A/Sharing
0x00000001a20b4000 	/System/Library/PrivateFrameworks/login.framework/Versions/A/Frameworks/loginsupport.framework/Versions/A/loginsupport
0x00000001aec2c000 	/System/Library/PrivateFrameworks/Apple80211.framework/Versions/A/Apple80211
0x00000001a5478000 	/System/Library/PrivateFrameworks/AuthKit.framework/Versions/A/AuthKit
0x00000001a4b1f000 	/System/Library/Frameworks/CoreWLAN.framework/Versions/A/CoreWLAN
0x00000001aec30000 	/System/Library/PrivateFrameworks/CoreWiFi.framework/Versions/A/CoreWiFi
0x00000001dd1d2000 	/System/Library/PrivateFrameworks/WiFiPeerToPeer.framework/Versions/A/WiFiPeerToPeer
0x00000001ad5aa000 	/System/Library/PrivateFrameworks/FrontBoardServices.framework/Versions/A/FrontBoardServices
0x00000001ad645000 	/System/Library/PrivateFrameworks/BoardServices.framework/Versions/A/BoardServices
0x00000001aed8a000 	/System/Library/PrivateFrameworks/BackBoardServices.framework/Versions/A/BackBoardServices
0x00000001a55cb000 	/System/Library/Frameworks/UserNotifications.framework/Versions/A/UserNotifications
0x00000001a8f15000 	/System/Library/PrivateFrameworks/CorePhoneNumbers.framework/Versions/A/CorePhoneNumbers
0x00000001a873c000 	/System/Library/PrivateFrameworks/MultiverseSupport.framework/Versions/A/MultiverseSupport
0x00000001af013000 	/System/Library/PrivateFrameworks/RemoteServiceDiscovery.framework/Versions/A/RemoteServiceDiscovery
0x00000001acb5e000 	/System/Library/PrivateFrameworks/DiskManagement.framework/Versions/A/DiskManagement
0x00000001aca65000 	/System/Library/PrivateFrameworks/AppleIDAuthSupport.framework/Versions/A/AppleIDAuthSupport
0x0000000201b18000 	/System/Library/PrivateFrameworks/AAAFoundation.framework/Versions/A/AAAFoundation
0x00000001a8eed000 	/System/Library/PrivateFrameworks/KeychainCircle.framework/Versions/A/KeychainCircle
0x00000001af027000 	/System/Library/PrivateFrameworks/RemoteXPC.framework/Versions/A/RemoteXPC
0x00000001acb2a000 	/System/Library/PrivateFrameworks/MediaKit.framework/Versions/A/MediaKit
0x00000001aca72000 	/System/Library/Frameworks/DiscRecording.framework/Versions/A/DiscRecording
0x00000001a6392000 	/usr/lib/libCoreStorage.dylib
0x00000001af08f000 	/usr/lib/libcsfde.dylib
0x00000001a9c40000 	/System/Library/PrivateFrameworks/ProtectedCloudStorage.framework/Versions/A/ProtectedCloudStorage
0x00000001af087000 	/System/Library/PrivateFrameworks/EFILogin.framework/Versions/A/EFILogin
0x00000001ace3b000 	/System/Library/PrivateFrameworks/OctagonTrust.framework/Versions/A/OctagonTrust
0x00000001a638a000 	/usr/lib/libMatch.1.dylib
0x00000001bfeb4000 	/System/Library/Frameworks/Accelerate.framework/Versions/A/Frameworks/vImage.framework/Versions/A/Libraries/libCGInterfaces.dylib
0x000000011ede0000 	/usr/lib/libobjc-trampolines.dylib
0x000000022122f000 	/usr/lib/libAccessibilityBaseImplementations.dylib
0x00000001a1d9d000 	/System/Library/PrivateFrameworks/ViewBridge.framework/Versions/A/ViewBridge
0x00000001a6afc000 	/System/Library/PrivateFrameworks/login.framework/Versions/A/login
0x00000001427c0000 	/Users/haleemairfan/.sdkman/candidates/java/17.0.11.fx-zulu/zulu-17.jdk/Contents/Home/lib/libjavafx_font.dylib
0x00000001ac175000 	/System/Library/PrivateFrameworks/SystemAdministration.framework/Versions/A/SystemAdministration
0x00000001a7622000 	/System/Library/Frameworks/MediaToolbox.framework/Versions/A/MediaToolbox
0x00000001aba19000 	/System/Library/Frameworks/DirectoryService.framework/Versions/A/DirectoryService
0x00000001aef1b000 	/System/Library/PrivateFrameworks/DiskImages.framework/Versions/A/DiskImages
0x00000001a4dff000 	/System/Library/Frameworks/ServiceManagement.framework/Versions/A/ServiceManagement
0x00000001af107000 	/System/Library/PrivateFrameworks/LoginUIKit.framework/Versions/A/Frameworks/LoginUICore.framework/Versions/A/LoginUICore
0x00000001a6cbe000 	/usr/lib/libodfde.dylib
0x00000001acc5a000 	/System/Library/PrivateFrameworks/CoreAVCHD.framework/Versions/A/CoreAVCHD
0x00000001ac13f000 	/System/Library/Frameworks/MediaAccessibility.framework/Versions/A/MediaAccessibility
0x00000001acc56000 	/System/Library/PrivateFrameworks/Mangrove.framework/Versions/A/Mangrove
0x0000000204321000 	/System/Library/PrivateFrameworks/CMPhoto.framework/Versions/A/CMPhoto
0x00000001acc4a000 	/System/Library/PrivateFrameworks/CoreAUC.framework/Versions/A/CoreAUC
0x00000001af09b000 	/usr/lib/libcurl.4.dylib
0x0000000221809000 	/usr/lib/libcrypto.46.dylib
0x0000000221e17000 	/usr/lib/libssl.48.dylib
0x00000001aedad000 	/System/Library/Frameworks/LDAP.framework/Versions/A/LDAP
0x00000001aeded000 	/System/Library/PrivateFrameworks/TrustEvaluationAgent.framework/Versions/A/TrustEvaluationAgent
0x00000001a8728000 	/usr/lib/libsasl2.2.dylib


VM Arguments:
java_command: ip.jar
java_class_path (initial): ip.jar
Launcher Type: SUN_STANDARD

[Global flags]
     intx CICompilerCount                          = 4                                         {product} {ergonomic}
     uint ConcGCThreads                            = 2                                         {product} {ergonomic}
     uint G1ConcRefinementThreads                  = 8                                         {product} {ergonomic}
   size_t G1HeapRegionSize                         = 1048576                                   {product} {ergonomic}
    uintx GCDrainStackTargetSize                   = 64                                        {product} {ergonomic}
   size_t InitialHeapSize                          = 134217728                                 {product} {ergonomic}
   size_t MarkStackSize                            = 4194304                                   {product} {ergonomic}
   size_t MaxHeapSize                              = 2147483648                                {product} {ergonomic}
   size_t MaxNewSize                               = 1287651328                                {product} {ergonomic}
   size_t MinHeapDeltaBytes                        = 1048576                                   {product} {ergonomic}
   size_t MinHeapSize                              = 8388608                                   {product} {ergonomic}
    uintx NonNMethodCodeHeapSize                   = 5839564                                {pd product} {ergonomic}
    uintx NonProfiledCodeHeapSize                  = 122909338                              {pd product} {ergonomic}
    uintx ProfiledCodeHeapSize                     = 122909338                              {pd product} {ergonomic}
    uintx ReservedCodeCacheSize                    = 251658240                              {pd product} {ergonomic}
     bool SegmentedCodeCache                       = true                                      {product} {ergonomic}
   size_t SoftMaxHeapSize                          = 2147483648                             {manageable} {ergonomic}
     bool UseCompressedClassPointers               = true                           {product lp64_product} {ergonomic}
     bool UseCompressedOops                        = true                           {product lp64_product} {ergonomic}
     bool UseG1GC                                  = true                                      {product} {ergonomic}
     bool UseNUMA                                  = false                                     {product} {ergonomic}
     bool UseNUMAInterleaving                      = false                                     {product} {ergonomic}

Logging:
Log output configuration:
 #0: stdout all=warning uptime,level,tags
 #1: stderr all=off uptime,level,tags

Environment Variables:
JAVA_HOME=/Users/haleemairfan/.sdkman/candidates/java/current
PATH=/Users/haleemairfan/.sdkman/candidates/java/current/bin:/opt/homebrew/bin:/opt/homebrew/bin:/opt/homebrew/bin:/opt/homebrew/sbin:/usr/local/bin:/System/Cryptexes/App/usr/bin:/usr/bin:/bin:/usr/sbin:/sbin:/Users/haleemairfan/Library/Android/sdk/emulator:/Users/haleemairfan/Library/Android/sdk/platform-tools
SHELL=/bin/zsh
LC_CTYPE=UTF-8
TERM=xterm-256color
TMPDIR=/var/folders/63/3c9wkttd3cq56rf5l6rs_wyc0000gn/T/

Active Locale:
LC_ALL=C/UTF-8/C/C/C/C
LC_COLLATE=C
LC_CTYPE=UTF-8
LC_MESSAGES=C
LC_MONETARY=C
LC_NUMERIC=C
LC_TIME=C

Signal Handlers:
   SIGSEGV: crash_handler in libjvm.dylib, mask=11100110000111110111111111111111, flags=SA_RESTART|SA_SIGINFO, unblocked
    SIGBUS: crash_handler in libjvm.dylib, mask=11100110000111110111111111111111, flags=SA_RESTART|SA_SIGINFO, unblocked
    SIGFPE: crash_handler in libjvm.dylib, mask=11100110000111110111111111111111, flags=SA_RESTART|SA_SIGINFO, unblocked
   SIGPIPE: javaSignalHandler in libjvm.dylib, mask=11100110000111110111111111111111, flags=SA_RESTART|SA_SIGINFO, blocked
   SIGXFSZ: javaSignalHandler in libjvm.dylib, mask=11100110000111110111111111111111, flags=SA_RESTART|SA_SIGINFO, blocked
    SIGILL: crash_handler in libjvm.dylib, mask=11100110000111110111111111111111, flags=SA_RESTART|SA_SIGINFO, unblocked
   SIGUSR2: SR_handler in libjvm.dylib, mask=00000000000000000000000000000000, flags=SA_RESTART|SA_SIGINFO, blocked
    SIGHUP: UserHandler in libjvm.dylib, mask=11100110000111110111111111111111, flags=SA_RESTART|SA_SIGINFO, blocked
    SIGINT: UserHandler in libjvm.dylib, mask=11100110000111110111111111111111, flags=SA_RESTART|SA_SIGINFO, blocked
   SIGTERM: UserHandler in libjvm.dylib, mask=11100110000111110111111111111111, flags=SA_RESTART|SA_SIGINFO, blocked
   SIGQUIT: UserHandler in libjvm.dylib, mask=11100110000111110111111111111111, flags=SA_RESTART|SA_SIGINFO, blocked
   SIGTRAP: crash_handler in libjvm.dylib, mask=11100110000111110111111111111111, flags=SA_RESTART|SA_SIGINFO, unblocked


Periodic native trim disabled


---------------  S Y S T E M  ---------------

OS:
uname: Darwin 22.1.0 Darwin Kernel Version 22.1.0: Sun Oct  9 20:15:52 PDT 2022; root:xnu-8792.41.9~2/RELEASE_ARM64_T8112 arm64
OS uptime: 1 days 0:48 hours
rlimit (soft/hard): STACK 8176k/65520k , CORE 0k/infinity , NPROC 1333/2000 , NOFILE 10240/infinity , AS infinity/infinity , CPU infinity/infinity , DATA infinity/infinity , FSIZE infinity/infinity , MEMLOCK infinity/infinity , RSS infinity/infinity
load average: 2.58 2.61 2.41

CPU: total 8 (initial active 8) 0x61:0x0:0xda33d83d:0, fp, simd, crc, lse
machdep.cpu.brand_string:Apple M2
hw.cachelinesize:128
hw.l1icachesize:131072
hw.l1dcachesize:65536
hw.l2cachesize:4194304

Memory: 16k page, physical 8388608k(99584k free), swap 2097152k(534080k free)

vm_info: OpenJDK 64-Bit Server VM (17.0.11+9-LTS) for bsd-aarch64 JRE (17.0.11+9-LTS) (Zulu17.50+19-CA), built on Apr  9 2024 00:21:22 by "zulu_re" with clang Apple LLVM 12.0.0 (clang-1200.0.32.28)

END.
