2024-09-04T03:40:34.102+0800 [DEBUG] [org.gradle.launcher.daemon.bootstrap.DaemonMain] Assuming the daemon was started with following jvm opts: [--add-opens=java.base/java.util=ALL-UNNAMED, --add-opens=java.base/java.lang=ALL-UNNAMED, --add-opens=java.base/java.lang.invoke=ALL-UNNAMED, --add-opens=java.prefs/java.util.prefs=ALL-UNNAMED, --add-opens=java.base/java.nio.charset=ALL-UNNAMED, --add-opens=java.base/java.net=ALL-UNNAMED, --add-opens=java.base/java.util.concurrent.atomic=ALL-UNNAMED, -XX:MaxMetaspaceSize=384m, -XX:+HeapDumpOnOutOfMemoryError, -Xms256m, -Xmx512m, -Dfile.encoding=windows-1252, -Duser.country=SG, -Duser.language=en, -Duser.variant]
2024-09-04T03:40:34.276+0800 [DEBUG] [org.gradle.internal.nativeintegration.services.NativeServices] Native-platform posix files integration is not available. Continuing with fallback.
2024-09-04T03:40:34.297+0800 [INFO] [org.gradle.launcher.daemon.server.Daemon] start() called on daemon - DefaultDaemonContext[uid=1e6da1ed-fd57-4557-b466-f464584ee1e5,javaHome=C:\Program Files\Eclipse Adoptium\jdk-21.0.4.7-hotspot,daemonRegistryDir=C:\Users\e1129885\Documents\JIAYI\y2s1\2103\ip\daemon,pid=70020,idleTimeout=10800000,priority=NORMAL,applyInstrumentationAgent=true,daemonOpts=--add-opens=java.base/java.util=ALL-UNNAMED,--add-opens=java.base/java.lang=ALL-UNNAMED,--add-opens=java.base/java.lang.invoke=ALL-UNNAMED,--add-opens=java.prefs/java.util.prefs=ALL-UNNAMED,--add-opens=java.base/java.nio.charset=ALL-UNNAMED,--add-opens=java.base/java.net=ALL-UNNAMED,--add-opens=java.base/java.util.concurrent.atomic=ALL-UNNAMED,-XX:MaxMetaspaceSize=384m,-XX:+HeapDumpOnOutOfMemoryError,-Xms256m,-Xmx512m,-Dfile.encoding=windows-1252,-Duser.country=SG,-Duser.language=en,-Duser.variant]
2024-09-04T03:40:34.354+0800 [DEBUG] [org.gradle.internal.remote.internal.inet.InetAddresses] Adding IP addresses for network interface Realtek PCIe GbE Family Controller-WFP Native MAC Layer LightWeight Filter-0000
2024-09-04T03:40:34.354+0800 [DEBUG] [org.gradle.internal.remote.internal.inet.InetAddresses] Is this a loopback interface? false
2024-09-04T03:40:34.354+0800 [DEBUG] [org.gradle.internal.remote.internal.inet.InetAddresses] Adding IP addresses for network interface Realtek PCIe GbE Family Controller-QoS Packet Scheduler-0000
2024-09-04T03:40:34.354+0800 [DEBUG] [org.gradle.internal.remote.internal.inet.InetAddresses] Is this a loopback interface? false
2024-09-04T03:40:34.355+0800 [DEBUG] [org.gradle.internal.remote.internal.inet.InetAddresses] Adding IP addresses for network interface Realtek PCIe GbE Family Controller-WFP 802.3 MAC Layer LightWeight Filter-0000
2024-09-04T03:40:34.355+0800 [DEBUG] [org.gradle.internal.remote.internal.inet.InetAddresses] Is this a loopback interface? false
2024-09-04T03:40:34.355+0800 [DEBUG] [org.gradle.internal.remote.internal.inet.InetAddresses] Adding IP addresses for network interface WAN Miniport (IP)-WFP Native MAC Layer LightWeight Filter-0000
2024-09-04T03:40:34.355+0800 [DEBUG] [org.gradle.internal.remote.internal.inet.InetAddresses] Is this a loopback interface? false
2024-09-04T03:40:34.356+0800 [DEBUG] [org.gradle.internal.remote.internal.inet.InetAddresses] Adding IP addresses for network interface WAN Miniport (IP)-QoS Packet Scheduler-0000
2024-09-04T03:40:34.356+0800 [DEBUG] [org.gradle.internal.remote.internal.inet.InetAddresses] Is this a loopback interface? false
2024-09-04T03:40:34.356+0800 [DEBUG] [org.gradle.internal.remote.internal.inet.InetAddresses] Adding IP addresses for network interface WAN Miniport (IPv6)-WFP Native MAC Layer LightWeight Filter-0000
2024-09-04T03:40:34.356+0800 [DEBUG] [org.gradle.internal.remote.internal.inet.InetAddresses] Is this a loopback interface? false
2024-09-04T03:40:34.356+0800 [DEBUG] [org.gradle.internal.remote.internal.inet.InetAddresses] Adding IP addresses for network interface WAN Miniport (IPv6)-QoS Packet Scheduler-0000
2024-09-04T03:40:34.357+0800 [DEBUG] [org.gradle.internal.remote.internal.inet.InetAddresses] Is this a loopback interface? false
2024-09-04T03:40:34.357+0800 [DEBUG] [org.gradle.internal.remote.internal.inet.InetAddresses] Adding IP addresses for network interface WAN Miniport (Network Monitor)-WFP Native MAC Layer LightWeight Filter-0000
2024-09-04T03:40:34.357+0800 [DEBUG] [org.gradle.internal.remote.internal.inet.InetAddresses] Is this a loopback interface? false
2024-09-04T03:40:34.357+0800 [DEBUG] [org.gradle.internal.remote.internal.inet.InetAddresses] Adding IP addresses for network interface WAN Miniport (Network Monitor)-QoS Packet Scheduler-0000
2024-09-04T03:40:34.357+0800 [DEBUG] [org.gradle.internal.remote.internal.inet.InetAddresses] Is this a loopback interface? false
2024-09-04T03:40:34.358+0800 [DEBUG] [org.gradle.internal.remote.internal.inet.InetAddresses] Adding IP addresses for network interface Hyper-V Virtual Switch Extension Adapter-Hyper-V Virtual Switch Extension Filter-0000
2024-09-04T03:40:34.358+0800 [DEBUG] [org.gradle.internal.remote.internal.inet.InetAddresses] Is this a loopback interface? false
2024-09-04T03:40:34.358+0800 [DEBUG] [org.gradle.internal.remote.internal.inet.InetAddresses] Adding IP addresses for network interface Hyper-V Virtual Switch Extension Adapter-Virtual Filtering Platform VMSwitch Extension-0000
2024-09-04T03:40:34.358+0800 [DEBUG] [org.gradle.internal.remote.internal.inet.InetAddresses] Is this a loopback interface? false
2024-09-04T03:40:34.358+0800 [DEBUG] [org.gradle.internal.remote.internal.inet.InetAddresses] Adding IP addresses for network interface Hyper-V Virtual Ethernet Adapter-WFP Native MAC Layer LightWeight Filter-0000
2024-09-04T03:40:34.359+0800 [DEBUG] [org.gradle.internal.remote.internal.inet.InetAddresses] Is this a loopback interface? false
2024-09-04T03:40:34.359+0800 [DEBUG] [org.gradle.internal.remote.internal.inet.InetAddresses] Adding IP addresses for network interface Hyper-V Virtual Ethernet Adapter-QoS Packet Scheduler-0000
2024-09-04T03:40:34.359+0800 [DEBUG] [org.gradle.internal.remote.internal.inet.InetAddresses] Is this a loopback interface? false
2024-09-04T03:40:34.359+0800 [DEBUG] [org.gradle.internal.remote.internal.inet.InetAddresses] Adding IP addresses for network interface Hyper-V Virtual Ethernet Adapter-WFP 802.3 MAC Layer LightWeight Filter-0000
2024-09-04T03:40:34.359+0800 [DEBUG] [org.gradle.internal.remote.internal.inet.InetAddresses] Is this a loopback interface? false
2024-09-04T03:40:34.360+0800 [DEBUG] [org.gradle.internal.remote.internal.inet.InetAddresses] Adding IP addresses for network interface Microsoft Kernel Debug Network Adapter
2024-09-04T03:40:34.360+0800 [DEBUG] [org.gradle.internal.remote.internal.inet.InetAddresses] Is this a loopback interface? false
2024-09-04T03:40:34.360+0800 [DEBUG] [org.gradle.internal.remote.internal.inet.InetAddresses] Adding IP addresses for network interface Realtek PCIe GbE Family Controller
2024-09-04T03:40:34.360+0800 [DEBUG] [org.gradle.internal.remote.internal.inet.InetAddresses] Is this a loopback interface? false
2024-09-04T03:40:34.360+0800 [DEBUG] [org.gradle.internal.remote.internal.inet.InetAddresses] Adding remote address /fe80:0:0:0:21f:23b2:ea5a:4afe%ethernet_32769
2024-09-04T03:40:34.361+0800 [DEBUG] [org.gradle.internal.remote.internal.inet.InetAddresses] Adding IP addresses for network interface Bluetooth Device (Personal Area Network)
2024-09-04T03:40:34.361+0800 [DEBUG] [org.gradle.internal.remote.internal.inet.InetAddresses] Is this a loopback interface? false
2024-09-04T03:40:34.361+0800 [DEBUG] [org.gradle.internal.remote.internal.inet.InetAddresses] Adding remote address /fe80:0:0:0:48cd:d2e7:516f:256a%ethernet_32770
2024-09-04T03:40:34.361+0800 [DEBUG] [org.gradle.internal.remote.internal.inet.InetAddresses] Adding IP addresses for network interface WAN Miniport (IP)
2024-09-04T03:40:34.361+0800 [DEBUG] [org.gradle.internal.remote.internal.inet.InetAddresses] Is this a loopback interface? false
2024-09-04T03:40:34.361+0800 [DEBUG] [org.gradle.internal.remote.internal.inet.InetAddresses] Adding IP addresses for network interface WAN Miniport (IPv6)
2024-09-04T03:40:34.362+0800 [DEBUG] [org.gradle.internal.remote.internal.inet.InetAddresses] Is this a loopback interface? false
2024-09-04T03:40:34.362+0800 [DEBUG] [org.gradle.internal.remote.internal.inet.InetAddresses] Adding IP addresses for network interface WAN Miniport (Network Monitor)
2024-09-04T03:40:34.362+0800 [DEBUG] [org.gradle.internal.remote.internal.inet.InetAddresses] Is this a loopback interface? false
2024-09-04T03:40:34.362+0800 [DEBUG] [org.gradle.internal.remote.internal.inet.InetAddresses] Adding IP addresses for network interface Hyper-V Virtual Switch Extension Adapter
2024-09-04T03:40:34.362+0800 [DEBUG] [org.gradle.internal.remote.internal.inet.InetAddresses] Is this a loopback interface? false
2024-09-04T03:40:34.362+0800 [DEBUG] [org.gradle.internal.remote.internal.inet.InetAddresses] Adding IP addresses for network interface Hyper-V Virtual Ethernet Adapter
2024-09-04T03:40:34.363+0800 [DEBUG] [org.gradle.internal.remote.internal.inet.InetAddresses] Is this a loopback interface? false
2024-09-04T03:40:34.363+0800 [DEBUG] [org.gradle.internal.remote.internal.inet.InetAddresses] Adding remote address /fe80:0:0:0:a886:7950:1ddc:6111%ethernet_32775
2024-09-04T03:40:34.363+0800 [DEBUG] [org.gradle.internal.remote.internal.inet.InetAddresses] Adding remote address /172.17.80.1
2024-09-04T03:40:34.363+0800 [DEBUG] [org.gradle.internal.remote.internal.inet.InetAddresses] Adding IP addresses for network interface WAN Miniport (PPPOE)
2024-09-04T03:40:34.364+0800 [DEBUG] [org.gradle.internal.remote.internal.inet.InetAddresses] Is this a loopback interface? false
2024-09-04T03:40:34.364+0800 [DEBUG] [org.gradle.internal.remote.internal.inet.InetAddresses] Adding IP addresses for network interface Software Loopback Interface 1
2024-09-04T03:40:34.364+0800 [DEBUG] [org.gradle.internal.remote.internal.inet.InetAddresses] Is this a loopback interface? true
2024-09-04T03:40:34.364+0800 [DEBUG] [org.gradle.internal.remote.internal.inet.InetAddresses] Adding loopback address /0:0:0:0:0:0:0:1
2024-09-04T03:40:34.364+0800 [DEBUG] [org.gradle.internal.remote.internal.inet.InetAddresses] Adding loopback address /127.0.0.1
2024-09-04T03:40:34.364+0800 [DEBUG] [org.gradle.internal.remote.internal.inet.InetAddresses] Adding IP addresses for network interface Realtek 8852CE WiFi 6E PCI-E NIC-WFP Native MAC Layer LightWeight Filter-0000
2024-09-04T03:40:34.365+0800 [DEBUG] [org.gradle.internal.remote.internal.inet.InetAddresses] Is this a loopback interface? false
2024-09-04T03:40:34.365+0800 [DEBUG] [org.gradle.internal.remote.internal.inet.InetAddresses] Adding IP addresses for network interface Realtek 8852CE WiFi 6E PCI-E NIC-Virtual WiFi Filter Driver-0000
2024-09-04T03:40:34.365+0800 [DEBUG] [org.gradle.internal.remote.internal.inet.InetAddresses] Is this a loopback interface? false
2024-09-04T03:40:34.365+0800 [DEBUG] [org.gradle.internal.remote.internal.inet.InetAddresses] Adding IP addresses for network interface Realtek 8852CE WiFi 6E PCI-E NIC-Native WiFi Filter Driver-0000
2024-09-04T03:40:34.365+0800 [DEBUG] [org.gradle.internal.remote.internal.inet.InetAddresses] Is this a loopback interface? false
2024-09-04T03:40:34.366+0800 [DEBUG] [org.gradle.internal.remote.internal.inet.InetAddresses] Adding IP addresses for network interface Realtek 8852CE WiFi 6E PCI-E NIC-QoS Packet Scheduler-0000
2024-09-04T03:40:34.367+0800 [DEBUG] [org.gradle.internal.remote.internal.inet.InetAddresses] Is this a loopback interface? false
2024-09-04T03:40:34.367+0800 [DEBUG] [org.gradle.internal.remote.internal.inet.InetAddresses] Adding IP addresses for network interface Realtek 8852CE WiFi 6E PCI-E NIC-WFP 802.3 MAC Layer LightWeight Filter-0000
2024-09-04T03:40:34.368+0800 [DEBUG] [org.gradle.internal.remote.internal.inet.InetAddresses] Is this a loopback interface? false
2024-09-04T03:40:34.369+0800 [DEBUG] [org.gradle.internal.remote.internal.inet.InetAddresses] Adding IP addresses for network interface Microsoft Wi-Fi Direct Virtual Adapter-WFP Native MAC Layer LightWeight Filter-0000
2024-09-04T03:40:34.370+0800 [DEBUG] [org.gradle.internal.remote.internal.inet.InetAddresses] Is this a loopback interface? false
2024-09-04T03:40:34.370+0800 [DEBUG] [org.gradle.internal.remote.internal.inet.InetAddresses] Adding IP addresses for network interface Microsoft Wi-Fi Direct Virtual Adapter-Native WiFi Filter Driver-0000
2024-09-04T03:40:34.371+0800 [DEBUG] [org.gradle.internal.remote.internal.inet.InetAddresses] Is this a loopback interface? false
2024-09-04T03:40:34.372+0800 [DEBUG] [org.gradle.internal.remote.internal.inet.InetAddresses] Adding IP addresses for network interface Microsoft Wi-Fi Direct Virtual Adapter-QoS Packet Scheduler-0000
2024-09-04T03:40:34.372+0800 [DEBUG] [org.gradle.internal.remote.internal.inet.InetAddresses] Is this a loopback interface? false
2024-09-04T03:40:34.372+0800 [DEBUG] [org.gradle.internal.remote.internal.inet.InetAddresses] Adding IP addresses for network interface Microsoft Wi-Fi Direct Virtual Adapter-WFP 802.3 MAC Layer LightWeight Filter-0000
2024-09-04T03:40:34.373+0800 [DEBUG] [org.gradle.internal.remote.internal.inet.InetAddresses] Is this a loopback interface? false
2024-09-04T03:40:34.373+0800 [DEBUG] [org.gradle.internal.remote.internal.inet.InetAddresses] Adding IP addresses for network interface Microsoft Wi-Fi Direct Virtual Adapter #2-WFP Native MAC Layer LightWeight Filter-0000
2024-09-04T03:40:34.373+0800 [DEBUG] [org.gradle.internal.remote.internal.inet.InetAddresses] Is this a loopback interface? false
2024-09-04T03:40:34.373+0800 [DEBUG] [org.gradle.internal.remote.internal.inet.InetAddresses] Adding IP addresses for network interface Microsoft Wi-Fi Direct Virtual Adapter #2-Native WiFi Filter Driver-0000
2024-09-04T03:40:34.373+0800 [DEBUG] [org.gradle.internal.remote.internal.inet.InetAddresses] Is this a loopback interface? false
2024-09-04T03:40:34.374+0800 [DEBUG] [org.gradle.internal.remote.internal.inet.InetAddresses] Adding IP addresses for network interface Microsoft Wi-Fi Direct Virtual Adapter #2-QoS Packet Scheduler-0000
2024-09-04T03:40:34.374+0800 [DEBUG] [org.gradle.internal.remote.internal.inet.InetAddresses] Is this a loopback interface? false
2024-09-04T03:40:34.374+0800 [DEBUG] [org.gradle.internal.remote.internal.inet.InetAddresses] Adding IP addresses for network interface Microsoft Wi-Fi Direct Virtual Adapter #2-WFP 802.3 MAC Layer LightWeight Filter-0000
2024-09-04T03:40:34.374+0800 [DEBUG] [org.gradle.internal.remote.internal.inet.InetAddresses] Is this a loopback interface? false
2024-09-04T03:40:34.374+0800 [DEBUG] [org.gradle.internal.remote.internal.inet.InetAddresses] Adding IP addresses for network interface Realtek 8852CE WiFi 6E PCI-E NIC
2024-09-04T03:40:34.374+0800 [DEBUG] [org.gradle.internal.remote.internal.inet.InetAddresses] Is this a loopback interface? false
2024-09-04T03:40:34.374+0800 [DEBUG] [org.gradle.internal.remote.internal.inet.InetAddresses] Adding remote address /fe80:0:0:0:4964:6406:9528:3b61%wireless_32768
2024-09-04T03:40:34.375+0800 [DEBUG] [org.gradle.internal.remote.internal.inet.InetAddresses] Adding remote address /172.31.50.4
2024-09-04T03:40:34.375+0800 [DEBUG] [org.gradle.internal.remote.internal.inet.InetAddresses] Adding IP addresses for network interface Microsoft Wi-Fi Direct Virtual Adapter
2024-09-04T03:40:34.375+0800 [DEBUG] [org.gradle.internal.remote.internal.inet.InetAddresses] Is this a loopback interface? false
2024-09-04T03:40:34.375+0800 [DEBUG] [org.gradle.internal.remote.internal.inet.InetAddresses] Adding remote address /fe80:0:0:0:269f:1a75:4f77:3693%wireless_32769
2024-09-04T03:40:34.375+0800 [DEBUG] [org.gradle.internal.remote.internal.inet.InetAddresses] Adding IP addresses for network interface Microsoft Wi-Fi Direct Virtual Adapter #2
2024-09-04T03:40:34.375+0800 [DEBUG] [org.gradle.internal.remote.internal.inet.InetAddresses] Is this a loopback interface? false
2024-09-04T03:40:34.375+0800 [DEBUG] [org.gradle.internal.remote.internal.inet.InetAddresses] Adding remote address /fe80:0:0:0:52e2:d692:bb2a:596%wireless_32770
2024-09-04T03:40:34.376+0800 [DEBUG] [org.gradle.internal.remote.internal.inet.InetAddresses] Adding IP addresses for network interface Microsoft Teredo Tunneling Adapter
2024-09-04T03:40:34.376+0800 [DEBUG] [org.gradle.internal.remote.internal.inet.InetAddresses] Is this a loopback interface? false
2024-09-04T03:40:34.376+0800 [DEBUG] [org.gradle.internal.remote.internal.inet.InetAddresses] Adding IP addresses for network interface Microsoft IP-HTTPS Platform Adapter
2024-09-04T03:40:34.376+0800 [DEBUG] [org.gradle.internal.remote.internal.inet.InetAddresses] Is this a loopback interface? false
2024-09-04T03:40:34.376+0800 [DEBUG] [org.gradle.internal.remote.internal.inet.InetAddresses] Adding IP addresses for network interface Microsoft 6to4 Adapter
2024-09-04T03:40:34.376+0800 [DEBUG] [org.gradle.internal.remote.internal.inet.InetAddresses] Is this a loopback interface? false
2024-09-04T03:40:34.376+0800 [DEBUG] [org.gradle.internal.remote.internal.inet.InetAddresses] Adding IP addresses for network interface WAN Miniport (SSTP)
2024-09-04T03:40:34.377+0800 [DEBUG] [org.gradle.internal.remote.internal.inet.InetAddresses] Is this a loopback interface? false
2024-09-04T03:40:34.377+0800 [DEBUG] [org.gradle.internal.remote.internal.inet.InetAddresses] Adding IP addresses for network interface WAN Miniport (IKEv2)
2024-09-04T03:40:34.377+0800 [DEBUG] [org.gradle.internal.remote.internal.inet.InetAddresses] Is this a loopback interface? false
2024-09-04T03:40:34.377+0800 [DEBUG] [org.gradle.internal.remote.internal.inet.InetAddresses] Adding IP addresses for network interface WAN Miniport (L2TP)
2024-09-04T03:40:34.377+0800 [DEBUG] [org.gradle.internal.remote.internal.inet.InetAddresses] Is this a loopback interface? false
2024-09-04T03:40:34.377+0800 [DEBUG] [org.gradle.internal.remote.internal.inet.InetAddresses] Adding IP addresses for network interface WAN Miniport (PPTP)
2024-09-04T03:40:34.377+0800 [DEBUG] [org.gradle.internal.remote.internal.inet.InetAddresses] Is this a loopback interface? false
2024-09-04T03:40:34.381+0800 [DEBUG] [org.gradle.internal.remote.internal.inet.TcpIncomingConnector] Listening on [23764d84-95ce-4d5a-bb3e-93f8c046e36b port:65435, addresses:[localhost/127.0.0.1]].
2024-09-04T03:40:34.404+0800 [DEBUG] [org.gradle.launcher.daemon.server.Daemon] Daemon starting at: Wed Sep 04 03:40:34 SGT 2024, with address: [23764d84-95ce-4d5a-bb3e-93f8c046e36b port:65435, addresses:[localhost/127.0.0.1]]
2024-09-04T03:40:34.405+0800 [INFO] [org.gradle.launcher.daemon.server.DaemonRegistryUpdater] Advertising the daemon address to the clients: [23764d84-95ce-4d5a-bb3e-93f8c046e36b port:65435, addresses:[localhost/127.0.0.1]]
2024-09-04T03:40:34.405+0800 [DEBUG] [org.gradle.launcher.daemon.server.DaemonRegistryUpdater] Advertised daemon context: DefaultDaemonContext[uid=1e6da1ed-fd57-4557-b466-f464584ee1e5,javaHome=C:\Program Files\Eclipse Adoptium\jdk-21.0.4.7-hotspot,daemonRegistryDir=C:\Users\e1129885\Documents\JIAYI\y2s1\2103\ip\daemon,pid=70020,idleTimeout=10800000,priority=NORMAL,applyInstrumentationAgent=true,daemonOpts=--add-opens=java.base/java.util=ALL-UNNAMED,--add-opens=java.base/java.lang=ALL-UNNAMED,--add-opens=java.base/java.lang.invoke=ALL-UNNAMED,--add-opens=java.prefs/java.util.prefs=ALL-UNNAMED,--add-opens=java.base/java.nio.charset=ALL-UNNAMED,--add-opens=java.base/java.net=ALL-UNNAMED,--add-opens=java.base/java.util.concurrent.atomic=ALL-UNNAMED,-XX:MaxMetaspaceSize=384m,-XX:+HeapDumpOnOutOfMemoryError,-Xms256m,-Xmx512m,-Dfile.encoding=windows-1252,-Duser.country=SG,-Duser.language=en,-Duser.variant]
2024-09-04T03:40:34.406+0800 [DEBUG] [org.gradle.launcher.daemon.registry.PersistentDaemonRegistry] Storing daemon address: [23764d84-95ce-4d5a-bb3e-93f8c046e36b port:65435, addresses:[localhost/127.0.0.1]], context: DefaultDaemonContext[uid=1e6da1ed-fd57-4557-b466-f464584ee1e5,javaHome=C:\Program Files\Eclipse Adoptium\jdk-21.0.4.7-hotspot,daemonRegistryDir=C:\Users\e1129885\Documents\JIAYI\y2s1\2103\ip\daemon,pid=70020,idleTimeout=10800000,priority=NORMAL,applyInstrumentationAgent=true,daemonOpts=--add-opens=java.base/java.util=ALL-UNNAMED,--add-opens=java.base/java.lang=ALL-UNNAMED,--add-opens=java.base/java.lang.invoke=ALL-UNNAMED,--add-opens=java.prefs/java.util.prefs=ALL-UNNAMED,--add-opens=java.base/java.nio.charset=ALL-UNNAMED,--add-opens=java.base/java.net=ALL-UNNAMED,--add-opens=java.base/java.util.concurrent.atomic=ALL-UNNAMED,-XX:MaxMetaspaceSize=384m,-XX:+HeapDumpOnOutOfMemoryError,-Xms256m,-Xmx512m,-Dfile.encoding=windows-1252,-Duser.country=SG,-Duser.language=en,-Duser.variant]
2024-09-04T03:40:34.429+0800 [DEBUG] [org.gradle.cache.internal.DefaultFileLockManager] Waiting to acquire exclusive lock on daemon addresses registry.
2024-09-04T03:40:34.436+0800 [DEBUG] [org.gradle.cache.internal.DefaultFileLockManager] Lock acquired on daemon addresses registry.
2024-09-04T03:40:34.445+0800 [DEBUG] [org.gradle.cache.internal.DefaultFileLockManager] Releasing lock on daemon addresses registry.
2024-09-04T03:40:34.447+0800 [LIFECYCLE] [org.gradle.launcher.daemon.server.Daemon] Daemon server started.
2024-09-04T03:40:34.448+0800 [DEBUG] [org.gradle.launcher.daemon.bootstrap.DaemonStartupCommunication] Completed writing the daemon greeting. Closing streams...
2024-09-04T03:40:34.452+0800 [DEBUG] [org.gradle.launcher.daemon.server.Daemon] stopOnExpiration() called on daemon
2024-09-04T03:40:34.453+0800 [DEBUG] [org.gradle.launcher.daemon.server.Daemon] awaitExpiration() called on daemon
2024-09-04T03:40:34.454+0800 [DEBUG] [org.gradle.launcher.daemon.server.DaemonStateCoordinator] daemon is running. Sleeping until state changes.
2024-09-04T03:40:34.463+0800 [DEBUG] [org.gradle.internal.remote.internal.inet.TcpIncomingConnector] Accepted connection from /127.0.0.1:65436 to /127.0.0.1:65435.
2024-09-04T03:40:34.552+0800 [DEBUG] [org.gradle.launcher.daemon.server.SynchronizedDispatchConnection] thread 33: received class org.gradle.launcher.daemon.protocol.Build
2024-09-04T03:40:34.552+0800 [DEBUG] [org.gradle.launcher.daemon.server.DefaultDaemonConnection] thread 33: Received non-IO message from client: Build{id=d5a9442d-d500-412a-948a-36ca66dfb37b, currentDir=C:\Program Files\JetBrains\IntelliJ IDEA 2023.3.3\jbr\bin}
2024-09-04T03:40:34.552+0800 [INFO] [org.gradle.launcher.daemon.server.DefaultIncomingConnectionHandler] Received command: Build{id=d5a9442d-d500-412a-948a-36ca66dfb37b, currentDir=C:\Program Files\JetBrains\IntelliJ IDEA 2023.3.3\jbr\bin}.
2024-09-04T03:40:34.552+0800 [DEBUG] [org.gradle.launcher.daemon.server.DefaultIncomingConnectionHandler] Starting executing command: Build{id=d5a9442d-d500-412a-948a-36ca66dfb37b, currentDir=C:\Program Files\JetBrains\IntelliJ IDEA 2023.3.3\jbr\bin} with connection: socket connection from /127.0.0.1:65435 to /127.0.0.1:65436.
2024-09-04T03:40:34.554+0800 [DEBUG] [org.gradle.launcher.daemon.server.DaemonStateCoordinator] Command execution: started DaemonCommandExecution[command = Build{id=d5a9442d-d500-412a-948a-36ca66dfb37b, currentDir=C:\Program Files\JetBrains\IntelliJ IDEA 2023.3.3\jbr\bin}, connection = DefaultDaemonConnection: socket connection from /127.0.0.1:65435 to /127.0.0.1:65436] after 0.0 minutes of idle
2024-09-04T03:40:34.555+0800 [INFO] [org.gradle.launcher.daemon.server.DaemonRegistryUpdater] Marking the daemon as busy, address: [23764d84-95ce-4d5a-bb3e-93f8c046e36b port:65435, addresses:[localhost/127.0.0.1]]
2024-09-04T03:40:34.555+0800 [DEBUG] [org.gradle.launcher.daemon.registry.PersistentDaemonRegistry] Marking busy by address: [23764d84-95ce-4d5a-bb3e-93f8c046e36b port:65435, addresses:[localhost/127.0.0.1]]
2024-09-04T03:40:34.557+0800 [DEBUG] [org.gradle.cache.internal.DefaultFileLockManager] Waiting to acquire exclusive lock on daemon addresses registry.
2024-09-04T03:40:34.557+0800 [DEBUG] [org.gradle.cache.internal.DefaultFileLockManager] Lock acquired on daemon addresses registry.
2024-09-04T03:40:34.562+0800 [DEBUG] [org.gradle.cache.internal.DefaultFileLockManager] Releasing lock on daemon addresses registry.
2024-09-04T03:40:34.564+0800 [DEBUG] [org.gradle.launcher.daemon.server.DaemonStateCoordinator] resetting idle timer
2024-09-04T03:40:34.564+0800 [DEBUG] [org.gradle.launcher.daemon.server.DaemonStateCoordinator] daemon is running. Sleeping until state changes.
2024-09-04T03:40:34.565+0800 [INFO] [org.gradle.launcher.daemon.server.exec.StartBuildOrRespondWithBusy] Daemon is about to start building Build{id=d5a9442d-d500-412a-948a-36ca66dfb37b, currentDir=C:\Program Files\JetBrains\IntelliJ IDEA 2023.3.3\jbr\bin}. Dispatching build started information...
2024-09-04T03:40:34.565+0800 [DEBUG] [org.gradle.launcher.daemon.server.SynchronizedDispatchConnection] thread 35: dispatching org.gradle.launcher.daemon.protocol.BuildStarted@96017a7
2024-09-04T03:40:34.567+0800 [DEBUG] [org.gradle.launcher.daemon.server.exec.EstablishBuildEnvironment] Configuring env variables: [USERDOMAIN_ROAMINGPROFILE, BRS, PROCESSOR_LEVEL, RegionCode, SESSIONNAME, ALLUSERSPROFILE, PROCESSOR_ARCHITECTURE, PSModulePath, SystemDrive, USERNAME, USERDNSDOMAIN, ProgramFiles(x86), FPS_BROWSER_USER_PROFILE_STRING, PATHEXT, DriverData, platformcode, ProgramData, ProgramW6432, HOMEPATH, PROCESSOR_IDENTIFIER, ProgramFiles, PUBLIC, windir, =::, ZES_ENABLE_SYSMAN, OneDriveCommercial, IGCCSVC_DB, LOCALAPPDATA, ChocolateyLastPathUpdate, USERDOMAIN, LOGONSERVER, FPS_BROWSER_APP_PROFILE_STRING, EFC_70580, JAVA_HOME, OneDrive, APPDATA, ChocolateyInstall, CommonProgramFiles, Path, flutterPath, OS, COMPUTERNAME, OnlineServices, PROCESSOR_REVISION, CommonProgramW6432, ComSpec, TEMP, SystemRoot, BRB, HOMEDRIVE, USERPROFILE, TMP, CommonProgramFiles(x86), NUMBER_OF_PROCESSORS, IDEA_INITIAL_DIRECTORY]
2024-09-04T03:40:34.571+0800 [DEBUG] [org.gradle.launcher.daemon.server.SynchronizedDispatchConnection] thread 33: received class org.gradle.launcher.daemon.protocol.CloseInput
2024-09-04T03:40:34.571+0800 [DEBUG] [org.gradle.launcher.daemon.server.DefaultDaemonConnection] thread 33: Received IO message from client: org.gradle.launcher.daemon.protocol.CloseInput@4180d1d2
2024-09-04T03:40:34.576+0800 [DEBUG] [org.gradle.launcher.daemon.server.exec.LogToClient] About to start relaying all logs to the client via the connection.
2024-09-04T03:40:34.576+0800 [INFO] [org.gradle.launcher.daemon.server.exec.LogToClient] The client will now receive all logging from the daemon (pid: 70020). The daemon log file: C:\Users\e1129885\Documents\JIAYI\y2s1\2103\ip\daemon\8.5\daemon-70020.out.log
2024-09-04T03:40:34.578+0800 [INFO] [org.gradle.launcher.daemon.server.exec.LogAndCheckHealth] Starting build in new daemon [memory: 512 MiB]
2024-09-04T03:40:34.579+0800 [INFO] [org.gradle.launcher.daemon.server.exec.ForwardClientInput] Closing daemon's stdin at end of input.
2024-09-04T03:40:34.580+0800 [INFO] [org.gradle.launcher.daemon.server.exec.ForwardClientInput] The daemon will no longer process any standard input.
2024-09-04T03:40:34.586+0800 [DEBUG] [org.gradle.launcher.daemon.server.exec.ExecuteBuild] The daemon has started executing the build.
2024-09-04T03:40:34.587+0800 [DEBUG] [org.gradle.launcher.daemon.server.exec.ExecuteBuild] Executing build with daemon context: DefaultDaemonContext[uid=1e6da1ed-fd57-4557-b466-f464584ee1e5,javaHome=C:\Program Files\Eclipse Adoptium\jdk-21.0.4.7-hotspot,daemonRegistryDir=C:\Users\e1129885\Documents\JIAYI\y2s1\2103\ip\daemon,pid=70020,idleTimeout=10800000,priority=NORMAL,applyInstrumentationAgent=true,daemonOpts=--add-opens=java.base/java.util=ALL-UNNAMED,--add-opens=java.base/java.lang=ALL-UNNAMED,--add-opens=java.base/java.lang.invoke=ALL-UNNAMED,--add-opens=java.prefs/java.util.prefs=ALL-UNNAMED,--add-opens=java.base/java.nio.charset=ALL-UNNAMED,--add-opens=java.base/java.net=ALL-UNNAMED,--add-opens=java.base/java.util.concurrent.atomic=ALL-UNNAMED,-XX:MaxMetaspaceSize=384m,-XX:+HeapDumpOnOutOfMemoryError,-Xms256m,-Xmx512m,-Dfile.encoding=windows-1252,-Duser.country=SG,-Duser.language=en,-Duser.variant]

Deprecated Gradle features were used in this build, making it incompatible with Gradle 9.0.

You can use '--warning-mode all' to show the individual deprecation warnings and determine if they come from your own scripts or plugins.

For more on this, please refer to https://docs.gradle.org/8.5/userguide/command_line_interface.html#sec:command_line_warnings in the Gradle documentation.

BUILD SUCCESSFUL in 44s
2024-09-04T03:41:14.689+0800 [DEBUG] [org.gradle.launcher.daemon.server.exec.ExecuteBuild] The daemon has finished executing the build.
2024-09-04T03:41:14.707+0800 [DEBUG] [org.gradle.launcher.daemon.server.DaemonStateCoordinator] daemon is running. Sleeping until state changes.
2024-09-04T03:41:14.708+0800 [DEBUG] [org.gradle.launcher.daemon.server.DaemonStateCoordinator] Command execution: finished waiting for DaemonCommandExecution[command = Build{id=d5a9442d-d500-412a-948a-36ca66dfb37b, currentDir=C:\Program Files\JetBrains\IntelliJ IDEA 2023.3.3\jbr\bin}, connection = DefaultDaemonConnection: socket connection from /127.0.0.1:65435 to /127.0.0.1:65436]. Result org.gradle.launcher.daemon.server.DaemonStateCoordinator@c57d171 with state Busy
2024-09-04T03:41:14.708+0800 [DEBUG] [org.gradle.launcher.daemon.server.DaemonStateCoordinator] Command execution: completed DaemonCommandExecution[command = Build{id=d5a9442d-d500-412a-948a-36ca66dfb37b, currentDir=C:\Program Files\JetBrains\IntelliJ IDEA 2023.3.3\jbr\bin}, connection = DefaultDaemonConnection: socket connection from /127.0.0.1:65435 to /127.0.0.1:65436]
2024-09-04T03:41:14.708+0800 [DEBUG] [org.gradle.launcher.daemon.server.DaemonStateCoordinator] resetting idle timer
2024-09-04T03:41:14.709+0800 [INFO] [org.gradle.launcher.daemon.server.DaemonRegistryUpdater] Marking the daemon as idle, address: [23764d84-95ce-4d5a-bb3e-93f8c046e36b port:65435, addresses:[localhost/127.0.0.1]]
2024-09-04T03:41:14.709+0800 [DEBUG] [org.gradle.launcher.daemon.registry.PersistentDaemonRegistry] Marking busy by address: [23764d84-95ce-4d5a-bb3e-93f8c046e36b port:65435, addresses:[localhost/127.0.0.1]]
2024-09-04T03:41:14.712+0800 [DEBUG] [org.gradle.cache.internal.DefaultFileLockManager] Waiting to acquire exclusive lock on daemon addresses registry.
2024-09-04T03:41:14.712+0800 [DEBUG] [org.gradle.cache.internal.DefaultFileLockManager] Lock acquired on daemon addresses registry.
2024-09-04T03:41:14.718+0800 [DEBUG] [org.gradle.cache.internal.DefaultFileLockManager] Releasing lock on daemon addresses registry.
2024-09-04T03:41:14.720+0800 [DEBUG] [org.gradle.launcher.daemon.server.DaemonStateCoordinator] daemon is running. Sleeping until state changes.
2024-09-04T03:41:14.720+0800 [DEBUG] [org.gradle.launcher.daemon.server.exec.ReturnResult] Daemon is dispatching the build result: Success[value=org.gradle.launcher.exec.BuildActionResult@49004678]
2024-09-04T03:41:14.721+0800 [DEBUG] [org.gradle.launcher.daemon.server.SynchronizedDispatchConnection] thread 32: dispatching Success[value=org.gradle.launcher.exec.BuildActionResult@49004678]
2024-09-04T03:41:14.722+0800 [DEBUG] [org.gradle.launcher.daemon.server.DefaultIncomingConnectionHandler] Finishing executing command: Build{id=d5a9442d-d500-412a-948a-36ca66dfb37b, currentDir=C:\Program Files\JetBrains\IntelliJ IDEA 2023.3.3\jbr\bin}
2024-09-04T03:41:14.724+0800 [DEBUG] [org.gradle.launcher.daemon.server.SynchronizedDispatchConnection] thread 33: received class org.gradle.launcher.daemon.protocol.Finished
2024-09-04T03:41:14.725+0800 [DEBUG] [org.gradle.launcher.daemon.server.DefaultDaemonConnection] thread 33: Received non-IO message from client: org.gradle.launcher.daemon.protocol.Finished@459fc686
2024-09-04T03:41:14.725+0800 [DEBUG] [org.gradle.launcher.daemon.server.DefaultIncomingConnectionHandler] Received finished message: org.gradle.launcher.daemon.protocol.Finished@459fc686
2024-09-04T03:41:14.726+0800 [DEBUG] [org.gradle.launcher.daemon.server.SynchronizedDispatchConnection] thread 32: stopping connection
2024-09-04T03:41:14.726+0800 [DEBUG] [org.gradle.internal.remote.internal.inet.SocketConnection] Discarding EOFException: java.io.EOFException
2024-09-04T03:41:14.726+0800 [DEBUG] [org.gradle.launcher.daemon.server.SynchronizedDispatchConnection] thread 33: received null
2024-09-04T03:41:14.727+0800 [DEBUG] [org.gradle.launcher.daemon.server.DefaultDaemonConnection] thread 33: Received end-of-input from client.
2024-09-04T03:41:14.728+0800 [DEBUG] [org.gradle.launcher.daemon.server.SynchronizedDispatchConnection] thread 32: stopping connection
2024-09-04T03:41:16.358+0800 [DEBUG] [org.gradle.process.internal.health.memory.DefaultMemoryManager] 1679429222 physical memory requested, 976359424 free
2024-09-04T03:41:16.359+0800 [DEBUG] [org.gradle.workers.internal.WorkerDaemonExpiration] Will attempt to release 1601 of memory
2024-09-04T03:41:16.359+0800 [DEBUG] [org.gradle.process.internal.health.memory.DefaultMemoryManager] 1679429222 physical memory requested, 0 released, 976359424 free
2024-09-04T03:41:21.465+0800 [DEBUG] [org.gradle.process.internal.health.memory.DefaultMemoryManager] 1679429222 physical memory requested, 483426304 free
2024-09-04T03:41:21.465+0800 [DEBUG] [org.gradle.workers.internal.WorkerDaemonExpiration] Will attempt to release 1601 of memory
2024-09-04T03:41:21.465+0800 [DEBUG] [org.gradle.process.internal.health.memory.DefaultMemoryManager] 1679429222 physical memory requested, 0 released, 483426304 free
2024-09-04T03:41:24.468+0800 [DEBUG] [org.gradle.cache.internal.DefaultFileLockManager] Waiting to acquire shared lock on daemon addresses registry.
2024-09-04T03:41:24.468+0800 [DEBUG] [org.gradle.cache.internal.DefaultFileLockManager] Lock acquired on daemon addresses registry.
2024-09-04T03:41:24.474+0800 [DEBUG] [org.gradle.cache.internal.DefaultFileLockManager] Releasing lock on daemon addresses registry.
2024-09-04T03:41:24.481+0800 [DEBUG] [org.gradle.cache.internal.DefaultFileLockManager] Waiting to acquire shared lock on daemon addresses registry.
2024-09-04T03:41:24.482+0800 [DEBUG] [org.gradle.cache.internal.DefaultFileLockManager] Lock acquired on daemon addresses registry.
2024-09-04T03:41:24.484+0800 [DEBUG] [org.gradle.cache.internal.DefaultFileLockManager] Releasing lock on daemon addresses registry.
2024-09-04T03:41:26.362+0800 [DEBUG] [org.gradle.process.internal.health.memory.DefaultMemoryManager] 1679429222 physical memory requested, 283029504 free
2024-09-04T03:41:26.362+0800 [DEBUG] [org.gradle.workers.internal.WorkerDaemonExpiration] Will attempt to release 1601 of memory
2024-09-04T03:41:26.362+0800 [DEBUG] [org.gradle.process.internal.health.memory.DefaultMemoryManager] 1679429222 physical memory requested, 0 released, 283029504 free
2024-09-04T03:41:31.355+0800 [DEBUG] [org.gradle.process.internal.health.memory.DefaultMemoryManager] 1679429222 physical memory requested, 516571136 free
2024-09-04T03:41:31.355+0800 [DEBUG] [org.gradle.workers.internal.WorkerDaemonExpiration] Will attempt to release 1601 of memory
2024-09-04T03:41:31.355+0800 [DEBUG] [org.gradle.process.internal.health.memory.DefaultMemoryManager] 1679429222 physical memory requested, 0 released, 516571136 free
2024-09-04T03:41:34.468+0800 [DEBUG] [org.gradle.cache.internal.DefaultFileLockManager] Waiting to acquire shared lock on daemon addresses registry.
2024-09-04T03:41:34.468+0800 [DEBUG] [org.gradle.cache.internal.DefaultFileLockManager] Lock acquired on daemon addresses registry.
2024-09-04T03:41:34.470+0800 [DEBUG] [org.gradle.cache.internal.DefaultFileLockManager] Releasing lock on daemon addresses registry.
2024-09-04T03:41:34.473+0800 [DEBUG] [org.gradle.cache.internal.DefaultFileLockManager] Waiting to acquire shared lock on daemon addresses registry.
2024-09-04T03:41:34.474+0800 [DEBUG] [org.gradle.cache.internal.DefaultFileLockManager] Lock acquired on daemon addresses registry.
2024-09-04T03:41:34.475+0800 [DEBUG] [org.gradle.cache.internal.DefaultFileLockManager] Releasing lock on daemon addresses registry.
2024-09-04T03:41:34.478+0800 [DEBUG] [org.gradle.cache.internal.DefaultFileLockManager] Waiting to acquire shared lock on daemon addresses registry.
2024-09-04T03:41:34.478+0800 [DEBUG] [org.gradle.cache.internal.DefaultFileLockManager] Lock acquired on daemon addresses registry.
2024-09-04T03:41:34.480+0800 [DEBUG] [org.gradle.cache.internal.DefaultFileLockManager] Releasing lock on daemon addresses registry.
2024-09-04T03:41:36.412+0800 [DEBUG] [org.gradle.process.internal.health.memory.DefaultMemoryManager] 1679429222 physical memory requested, 529604608 free
2024-09-04T03:41:36.412+0800 [DEBUG] [org.gradle.workers.internal.WorkerDaemonExpiration] Will attempt to release 1601 of memory
2024-09-04T03:41:36.412+0800 [DEBUG] [org.gradle.process.internal.health.memory.DefaultMemoryManager] 1679429222 physical memory requested, 0 released, 529604608 free
2024-09-04T03:41:41.361+0800 [DEBUG] [org.gradle.process.internal.health.memory.DefaultMemoryManager] 1679429222 physical memory requested, 461475840 free
2024-09-04T03:41:41.361+0800 [DEBUG] [org.gradle.workers.internal.WorkerDaemonExpiration] Will attempt to release 1601 of memory
2024-09-04T03:41:41.361+0800 [DEBUG] [org.gradle.process.internal.health.memory.DefaultMemoryManager] 1679429222 physical memory requested, 0 released, 461475840 free
2024-09-04T03:41:44.458+0800 [DEBUG] [org.gradle.cache.internal.DefaultFileLockManager] Waiting to acquire shared lock on daemon addresses registry.
2024-09-04T03:41:44.458+0800 [DEBUG] [org.gradle.cache.internal.DefaultFileLockManager] Lock acquired on daemon addresses registry.
2024-09-04T03:41:44.459+0800 [DEBUG] [org.gradle.cache.internal.DefaultFileLockManager] Releasing lock on daemon addresses registry.
2024-09-04T03:41:44.463+0800 [DEBUG] [org.gradle.cache.internal.DefaultFileLockManager] Waiting to acquire shared lock on daemon addresses registry.
2024-09-04T03:41:44.463+0800 [DEBUG] [org.gradle.cache.internal.DefaultFileLockManager] Lock acquired on daemon addresses registry.
2024-09-04T03:41:44.465+0800 [DEBUG] [org.gradle.cache.internal.DefaultFileLockManager] Releasing lock on daemon addresses registry.
2024-09-04T03:41:44.468+0800 [DEBUG] [org.gradle.cache.internal.DefaultFileLockManager] Waiting to acquire shared lock on daemon addresses registry.
2024-09-04T03:41:44.468+0800 [DEBUG] [org.gradle.cache.internal.DefaultFileLockManager] Lock acquired on daemon addresses registry.
2024-09-04T03:41:44.471+0800 [DEBUG] [org.gradle.cache.internal.DefaultFileLockManager] Releasing lock on daemon addresses registry.
2024-09-04T03:41:46.351+0800 [DEBUG] [org.gradle.process.internal.health.memory.DefaultMemoryManager] 1679429222 physical memory requested, 577667072 free
2024-09-04T03:41:46.352+0800 [DEBUG] [org.gradle.workers.internal.WorkerDaemonExpiration] Will attempt to release 1601 of memory
2024-09-04T03:41:46.352+0800 [DEBUG] [org.gradle.process.internal.health.memory.DefaultMemoryManager] 1679429222 physical memory requested, 0 released, 577667072 free
2024-09-04T03:41:51.355+0800 [DEBUG] [org.gradle.process.internal.health.memory.DefaultMemoryManager] 1679429222 physical memory requested, 543715328 free
2024-09-04T03:41:51.355+0800 [DEBUG] [org.gradle.workers.internal.WorkerDaemonExpiration] Will attempt to release 1601 of memory
2024-09-04T03:41:51.355+0800 [DEBUG] [org.gradle.process.internal.health.memory.DefaultMemoryManager] 1679429222 physical memory requested, 0 released, 543715328 free
2024-09-04T03:41:54.467+0800 [DEBUG] [org.gradle.cache.internal.DefaultFileLockManager] Waiting to acquire shared lock on daemon addresses registry.
2024-09-04T03:41:54.467+0800 [DEBUG] [org.gradle.cache.internal.DefaultFileLockManager] Lock acquired on daemon addresses registry.
2024-09-04T03:41:54.468+0800 [DEBUG] [org.gradle.cache.internal.DefaultFileLockManager] Releasing lock on daemon addresses registry.
2024-09-04T03:41:54.469+0800 [DEBUG] [org.gradle.cache.internal.DefaultFileLockManager] Waiting to acquire shared lock on daemon addresses registry.
2024-09-04T03:41:54.469+0800 [DEBUG] [org.gradle.cache.internal.DefaultFileLockManager] Lock acquired on daemon addresses registry.
2024-09-04T03:41:54.470+0800 [DEBUG] [org.gradle.cache.internal.DefaultFileLockManager] Releasing lock on daemon addresses registry.
2024-09-04T03:41:54.471+0800 [DEBUG] [org.gradle.cache.internal.DefaultFileLockManager] Waiting to acquire shared lock on daemon addresses registry.
2024-09-04T03:41:54.471+0800 [DEBUG] [org.gradle.cache.internal.DefaultFileLockManager] Lock acquired on daemon addresses registry.
2024-09-04T03:41:54.472+0800 [DEBUG] [org.gradle.cache.internal.DefaultFileLockManager] Releasing lock on daemon addresses registry.
2024-09-04T03:41:56.371+0800 [DEBUG] [org.gradle.process.internal.health.memory.DefaultMemoryManager] 1679429222 physical memory requested, 521797632 free
2024-09-04T03:41:56.372+0800 [DEBUG] [org.gradle.workers.internal.WorkerDaemonExpiration] Will attempt to release 1601 of memory
2024-09-04T03:41:56.372+0800 [DEBUG] [org.gradle.process.internal.health.memory.DefaultMemoryManager] 1679429222 physical memory requested, 0 released, 521797632 free
2024-09-04T03:42:01.356+0800 [DEBUG] [org.gradle.process.internal.health.memory.DefaultMemoryManager] 1679429222 physical memory requested, 495247360 free
2024-09-04T03:42:01.356+0800 [DEBUG] [org.gradle.workers.internal.WorkerDaemonExpiration] Will attempt to release 1601 of memory
2024-09-04T03:42:01.356+0800 [DEBUG] [org.gradle.process.internal.health.memory.DefaultMemoryManager] 1679429222 physical memory requested, 0 released, 495247360 free
2024-09-04T03:42:04.463+0800 [DEBUG] [org.gradle.cache.internal.DefaultFileLockManager] Waiting to acquire shared lock on daemon addresses registry.
2024-09-04T03:42:04.464+0800 [DEBUG] [org.gradle.cache.internal.DefaultFileLockManager] Lock acquired on daemon addresses registry.
2024-09-04T03:42:04.465+0800 [DEBUG] [org.gradle.cache.internal.DefaultFileLockManager] Releasing lock on daemon addresses registry.
2024-09-04T03:42:04.467+0800 [DEBUG] [org.gradle.cache.internal.DefaultFileLockManager] Waiting to acquire shared lock on daemon addresses registry.
2024-09-04T03:42:04.467+0800 [DEBUG] [org.gradle.cache.internal.DefaultFileLockManager] Lock acquired on daemon addresses registry.
2024-09-04T03:42:04.468+0800 [DEBUG] [org.gradle.cache.internal.DefaultFileLockManager] Releasing lock on daemon addresses registry.
2024-09-04T03:42:04.470+0800 [DEBUG] [org.gradle.cache.internal.DefaultFileLockManager] Waiting to acquire shared lock on daemon addresses registry.
2024-09-04T03:42:04.470+0800 [DEBUG] [org.gradle.cache.internal.DefaultFileLockManager] Lock acquired on daemon addresses registry.
2024-09-04T03:42:04.471+0800 [DEBUG] [org.gradle.cache.internal.DefaultFileLockManager] Releasing lock on daemon addresses registry.
2024-09-04T03:42:06.352+0800 [DEBUG] [org.gradle.process.internal.health.memory.DefaultMemoryManager] 1679429222 physical memory requested, 481828864 free
2024-09-04T03:42:06.352+0800 [DEBUG] [org.gradle.workers.internal.WorkerDaemonExpiration] Will attempt to release 1601 of memory
2024-09-04T03:42:06.353+0800 [DEBUG] [org.gradle.process.internal.health.memory.DefaultMemoryManager] 1679429222 physical memory requested, 0 released, 481828864 free
2024-09-04T03:42:11.346+0800 [DEBUG] [org.gradle.process.internal.health.memory.DefaultMemoryManager] 1679429222 physical memory requested, 491843584 free
2024-09-04T03:42:11.346+0800 [DEBUG] [org.gradle.workers.internal.WorkerDaemonExpiration] Will attempt to release 1601 of memory
2024-09-04T03:42:11.347+0800 [DEBUG] [org.gradle.process.internal.health.memory.DefaultMemoryManager] 1679429222 physical memory requested, 0 released, 491843584 free
2024-09-04T03:42:14.467+0800 [DEBUG] [org.gradle.cache.internal.DefaultFileLockManager] Waiting to acquire shared lock on daemon addresses registry.
2024-09-04T03:42:14.468+0800 [DEBUG] [org.gradle.cache.internal.DefaultFileLockManager] Lock acquired on daemon addresses registry.
2024-09-04T03:42:14.470+0800 [DEBUG] [org.gradle.cache.internal.DefaultFileLockManager] Releasing lock on daemon addresses registry.
2024-09-04T03:42:14.473+0800 [DEBUG] [org.gradle.cache.internal.DefaultFileLockManager] Waiting to acquire shared lock on daemon addresses registry.
2024-09-04T03:42:14.474+0800 [DEBUG] [org.gradle.cache.internal.DefaultFileLockManager] Lock acquired on daemon addresses registry.
2024-09-04T03:42:14.475+0800 [DEBUG] [org.gradle.cache.internal.DefaultFileLockManager] Releasing lock on daemon addresses registry.
2024-09-04T03:42:14.477+0800 [DEBUG] [org.gradle.cache.internal.DefaultFileLockManager] Waiting to acquire shared lock on daemon addresses registry.
2024-09-04T03:42:14.478+0800 [DEBUG] [org.gradle.cache.internal.DefaultFileLockManager] Lock acquired on daemon addresses registry.
2024-09-04T03:42:14.479+0800 [DEBUG] [org.gradle.cache.internal.DefaultFileLockManager] Releasing lock on daemon addresses registry.
2024-09-04T03:42:16.364+0800 [DEBUG] [org.gradle.process.internal.health.memory.DefaultMemoryManager] 1679429222 physical memory requested, 488480768 free
2024-09-04T03:42:16.365+0800 [DEBUG] [org.gradle.workers.internal.WorkerDaemonExpiration] Will attempt to release 1601 of memory
2024-09-04T03:42:16.365+0800 [DEBUG] [org.gradle.process.internal.health.memory.DefaultMemoryManager] 1679429222 physical memory requested, 0 released, 488480768 free
2024-09-04T03:42:21.346+0800 [DEBUG] [org.gradle.process.internal.health.memory.DefaultMemoryManager] 1679429222 physical memory requested, 510300160 free
2024-09-04T03:42:21.346+0800 [DEBUG] [org.gradle.workers.internal.WorkerDaemonExpiration] Will attempt to release 1601 of memory
2024-09-04T03:42:21.346+0800 [DEBUG] [org.gradle.process.internal.health.memory.DefaultMemoryManager] 1679429222 physical memory requested, 0 released, 510300160 free
2024-09-04T03:42:24.463+0800 [DEBUG] [org.gradle.cache.internal.DefaultFileLockManager] Waiting to acquire shared lock on daemon addresses registry.
2024-09-04T03:42:24.463+0800 [DEBUG] [org.gradle.cache.internal.DefaultFileLockManager] Lock acquired on daemon addresses registry.
2024-09-04T03:42:24.465+0800 [DEBUG] [org.gradle.cache.internal.DefaultFileLockManager] Releasing lock on daemon addresses registry.
2024-09-04T03:42:24.468+0800 [DEBUG] [org.gradle.cache.internal.DefaultFileLockManager] Waiting to acquire shared lock on daemon addresses registry.
2024-09-04T03:42:24.469+0800 [DEBUG] [org.gradle.cache.internal.DefaultFileLockManager] Lock acquired on daemon addresses registry.
2024-09-04T03:42:24.470+0800 [DEBUG] [org.gradle.cache.internal.DefaultFileLockManager] Releasing lock on daemon addresses registry.
2024-09-04T03:42:24.472+0800 [DEBUG] [org.gradle.cache.internal.DefaultFileLockManager] Waiting to acquire shared lock on daemon addresses registry.
2024-09-04T03:42:24.472+0800 [DEBUG] [org.gradle.cache.internal.DefaultFileLockManager] Lock acquired on daemon addresses registry.
2024-09-04T03:42:24.474+0800 [DEBUG] [org.gradle.cache.internal.DefaultFileLockManager] Releasing lock on daemon addresses registry.
2024-09-04T03:42:26.352+0800 [DEBUG] [org.gradle.process.internal.health.memory.DefaultMemoryManager] 1679429222 physical memory requested, 510435328 free
2024-09-04T03:42:26.353+0800 [DEBUG] [org.gradle.workers.internal.WorkerDaemonExpiration] Will attempt to release 1601 of memory
2024-09-04T03:42:26.353+0800 [DEBUG] [org.gradle.process.internal.health.memory.DefaultMemoryManager] 1679429222 physical memory requested, 0 released, 510435328 free
2024-09-04T03:42:31.353+0800 [DEBUG] [org.gradle.process.internal.health.memory.DefaultMemoryManager] 1679429222 physical memory requested, 508395520 free
2024-09-04T03:42:31.353+0800 [DEBUG] [org.gradle.workers.internal.WorkerDaemonExpiration] Will attempt to release 1601 of memory
2024-09-04T03:42:31.353+0800 [DEBUG] [org.gradle.process.internal.health.memory.DefaultMemoryManager] 1679429222 physical memory requested, 0 released, 508395520 free
2024-09-04T03:42:34.464+0800 [DEBUG] [org.gradle.cache.internal.DefaultFileLockManager] Waiting to acquire shared lock on daemon addresses registry.
2024-09-04T03:42:34.464+0800 [DEBUG] [org.gradle.cache.internal.DefaultFileLockManager] Lock acquired on daemon addresses registry.
2024-09-04T03:42:34.466+0800 [DEBUG] [org.gradle.cache.internal.DefaultFileLockManager] Releasing lock on daemon addresses registry.
2024-09-04T03:42:34.470+0800 [DEBUG] [org.gradle.cache.internal.DefaultFileLockManager] Waiting to acquire shared lock on daemon addresses registry.
2024-09-04T03:42:34.470+0800 [DEBUG] [org.gradle.cache.internal.DefaultFileLockManager] Lock acquired on daemon addresses registry.
2024-09-04T03:42:34.472+0800 [DEBUG] [org.gradle.cache.internal.DefaultFileLockManager] Releasing lock on daemon addresses registry.
2024-09-04T03:42:34.479+0800 [DEBUG] [org.gradle.cache.internal.DefaultFileLockManager] Waiting to acquire shared lock on daemon addresses registry.
2024-09-04T03:42:34.480+0800 [DEBUG] [org.gradle.cache.internal.DefaultFileLockManager] Lock acquired on daemon addresses registry.
2024-09-04T03:42:34.482+0800 [DEBUG] [org.gradle.cache.internal.DefaultFileLockManager] Releasing lock on daemon addresses registry.
2024-09-04T03:42:36.377+0800 [DEBUG] [org.gradle.process.internal.health.memory.DefaultMemoryManager] 1679429222 physical memory requested, 410775552 free
2024-09-04T03:42:36.377+0800 [DEBUG] [org.gradle.workers.internal.WorkerDaemonExpiration] Will attempt to release 1601 of memory
2024-09-04T03:42:36.377+0800 [DEBUG] [org.gradle.process.internal.health.memory.DefaultMemoryManager] 1679429222 physical memory requested, 0 released, 410775552 free
2024-09-04T03:42:41.358+0800 [DEBUG] [org.gradle.process.internal.health.memory.DefaultMemoryManager] 1679429222 physical memory requested, 441450496 free
2024-09-04T03:42:41.358+0800 [DEBUG] [org.gradle.workers.internal.WorkerDaemonExpiration] Will attempt to release 1601 of memory
2024-09-04T03:42:41.358+0800 [DEBUG] [org.gradle.process.internal.health.memory.DefaultMemoryManager] 1679429222 physical memory requested, 0 released, 441450496 free
2024-09-04T03:42:44.463+0800 [DEBUG] [org.gradle.cache.internal.DefaultFileLockManager] Waiting to acquire shared lock on daemon addresses registry.
2024-09-04T03:42:44.463+0800 [DEBUG] [org.gradle.cache.internal.DefaultFileLockManager] Lock acquired on daemon addresses registry.
2024-09-04T03:42:44.464+0800 [DEBUG] [org.gradle.cache.internal.DefaultFileLockManager] Releasing lock on daemon addresses registry.
2024-09-04T03:42:44.465+0800 [DEBUG] [org.gradle.cache.internal.DefaultFileLockManager] Waiting to acquire shared lock on daemon addresses registry.
2024-09-04T03:42:44.465+0800 [DEBUG] [org.gradle.cache.internal.DefaultFileLockManager] Lock acquired on daemon addresses registry.
2024-09-04T03:42:44.466+0800 [DEBUG] [org.gradle.cache.internal.DefaultFileLockManager] Releasing lock on daemon addresses registry.
2024-09-04T03:42:44.468+0800 [DEBUG] [org.gradle.cache.internal.DefaultFileLockManager] Waiting to acquire shared lock on daemon addresses registry.
2024-09-04T03:42:44.468+0800 [DEBUG] [org.gradle.cache.internal.DefaultFileLockManager] Lock acquired on daemon addresses registry.
2024-09-04T03:42:44.468+0800 [DEBUG] [org.gradle.cache.internal.DefaultFileLockManager] Releasing lock on daemon addresses registry.
2024-09-04T03:42:46.358+0800 [DEBUG] [org.gradle.process.internal.health.memory.DefaultMemoryManager] 1679429222 physical memory requested, 1422200832 free
2024-09-04T03:42:46.359+0800 [DEBUG] [org.gradle.workers.internal.WorkerDaemonExpiration] Will attempt to release 1601 of memory
2024-09-04T03:42:46.359+0800 [DEBUG] [org.gradle.process.internal.health.memory.DefaultMemoryManager] 1679429222 physical memory requested, 0 released, 1422200832 free
2024-09-04T03:42:51.355+0800 [DEBUG] [org.gradle.process.internal.health.memory.DefaultMemoryManager] 1679429222 physical memory requested, 1397121024 free
2024-09-04T03:42:51.355+0800 [DEBUG] [org.gradle.workers.internal.WorkerDaemonExpiration] Will attempt to release 1601 of memory
2024-09-04T03:42:51.355+0800 [DEBUG] [org.gradle.process.internal.health.memory.DefaultMemoryManager] 1679429222 physical memory requested, 0 released, 1397121024 free
2024-09-04T03:42:54.473+0800 [DEBUG] [org.gradle.cache.internal.DefaultFileLockManager] Waiting to acquire shared lock on daemon addresses registry.
2024-09-04T03:42:54.473+0800 [DEBUG] [org.gradle.cache.internal.DefaultFileLockManager] Lock acquired on daemon addresses registry.
2024-09-04T03:42:54.475+0800 [DEBUG] [org.gradle.cache.internal.DefaultFileLockManager] Releasing lock on daemon addresses registry.
2024-09-04T03:42:54.478+0800 [DEBUG] [org.gradle.cache.internal.DefaultFileLockManager] Waiting to acquire shared lock on daemon addresses registry.
2024-09-04T03:42:54.479+0800 [DEBUG] [org.gradle.cache.internal.DefaultFileLockManager] Lock acquired on daemon addresses registry.
2024-09-04T03:42:54.480+0800 [DEBUG] [org.gradle.cache.internal.DefaultFileLockManager] Releasing lock on daemon addresses registry.
2024-09-04T03:42:54.483+0800 [DEBUG] [org.gradle.cache.internal.DefaultFileLockManager] Waiting to acquire shared lock on daemon addresses registry.
2024-09-04T03:42:54.483+0800 [DEBUG] [org.gradle.cache.internal.DefaultFileLockManager] Lock acquired on daemon addresses registry.
2024-09-04T03:42:54.485+0800 [DEBUG] [org.gradle.cache.internal.DefaultFileLockManager] Releasing lock on daemon addresses registry.
2024-09-04T03:42:56.361+0800 [DEBUG] [org.gradle.process.internal.health.memory.DefaultMemoryManager] 1679429222 physical memory requested, 1385238528 free
2024-09-04T03:42:56.361+0800 [DEBUG] [org.gradle.workers.internal.WorkerDaemonExpiration] Will attempt to release 1601 of memory
2024-09-04T03:42:56.361+0800 [DEBUG] [org.gradle.process.internal.health.memory.DefaultMemoryManager] 1679429222 physical memory requested, 0 released, 1385238528 free
2024-09-04T03:43:01.358+0800 [DEBUG] [org.gradle.process.internal.health.memory.DefaultMemoryManager] 1679429222 physical memory requested, 1372221440 free
2024-09-04T03:43:01.359+0800 [DEBUG] [org.gradle.workers.internal.WorkerDaemonExpiration] Will attempt to release 1601 of memory
2024-09-04T03:43:01.359+0800 [DEBUG] [org.gradle.process.internal.health.memory.DefaultMemoryManager] 1679429222 physical memory requested, 0 released, 1372221440 free
2024-09-04T03:43:04.463+0800 [DEBUG] [org.gradle.cache.internal.DefaultFileLockManager] Waiting to acquire shared lock on daemon addresses registry.
2024-09-04T03:43:04.464+0800 [DEBUG] [org.gradle.cache.internal.DefaultFileLockManager] Lock acquired on daemon addresses registry.
2024-09-04T03:43:04.466+0800 [DEBUG] [org.gradle.cache.internal.DefaultFileLockManager] Releasing lock on daemon addresses registry.
2024-09-04T03:43:04.469+0800 [DEBUG] [org.gradle.cache.internal.DefaultFileLockManager] Waiting to acquire shared lock on daemon addresses registry.
2024-09-04T03:43:04.469+0800 [DEBUG] [org.gradle.cache.internal.DefaultFileLockManager] Lock acquired on daemon addresses registry.
2024-09-04T03:43:04.471+0800 [DEBUG] [org.gradle.cache.internal.DefaultFileLockManager] Releasing lock on daemon addresses registry.
2024-09-04T03:43:04.474+0800 [DEBUG] [org.gradle.cache.internal.DefaultFileLockManager] Waiting to acquire shared lock on daemon addresses registry.
2024-09-04T03:43:04.474+0800 [DEBUG] [org.gradle.cache.internal.DefaultFileLockManager] Lock acquired on daemon addresses registry.
2024-09-04T03:43:04.475+0800 [DEBUG] [org.gradle.cache.internal.DefaultFileLockManager] Releasing lock on daemon addresses registry.
2024-09-04T03:43:06.357+0800 [DEBUG] [org.gradle.process.internal.health.memory.DefaultMemoryManager] 1679429222 physical memory requested, 1383526400 free
2024-09-04T03:43:06.358+0800 [DEBUG] [org.gradle.workers.internal.WorkerDaemonExpiration] Will attempt to release 1601 of memory
2024-09-04T03:43:06.358+0800 [DEBUG] [org.gradle.process.internal.health.memory.DefaultMemoryManager] 1679429222 physical memory requested, 0 released, 1383526400 free
2024-09-04T03:43:11.415+0800 [DEBUG] [org.gradle.process.internal.health.memory.DefaultMemoryManager] 1679429222 physical memory requested, 518328320 free
2024-09-04T03:43:11.415+0800 [DEBUG] [org.gradle.workers.internal.WorkerDaemonExpiration] Will attempt to release 1601 of memory
2024-09-04T03:43:11.415+0800 [DEBUG] [org.gradle.process.internal.health.memory.DefaultMemoryManager] 1679429222 physical memory requested, 0 released, 518328320 free
2024-09-04T03:43:14.462+0800 [DEBUG] [org.gradle.cache.internal.DefaultFileLockManager] Waiting to acquire shared lock on daemon addresses registry.
2024-09-04T03:43:14.463+0800 [DEBUG] [org.gradle.cache.internal.DefaultFileLockManager] Lock acquired on daemon addresses registry.
2024-09-04T03:43:14.464+0800 [DEBUG] [org.gradle.cache.internal.DefaultFileLockManager] Releasing lock on daemon addresses registry.
2024-09-04T03:43:14.468+0800 [DEBUG] [org.gradle.cache.internal.DefaultFileLockManager] Waiting to acquire shared lock on daemon addresses registry.
2024-09-04T03:43:14.469+0800 [DEBUG] [org.gradle.cache.internal.DefaultFileLockManager] Lock acquired on daemon addresses registry.
2024-09-04T03:43:14.470+0800 [DEBUG] [org.gradle.cache.internal.DefaultFileLockManager] Releasing lock on daemon addresses registry.
2024-09-04T03:43:14.473+0800 [DEBUG] [org.gradle.cache.internal.DefaultFileLockManager] Waiting to acquire shared lock on daemon addresses registry.
2024-09-04T03:43:14.474+0800 [DEBUG] [org.gradle.cache.internal.DefaultFileLockManager] Lock acquired on daemon addresses registry.
2024-09-04T03:43:14.475+0800 [DEBUG] [org.gradle.cache.internal.DefaultFileLockManager] Releasing lock on daemon addresses registry.
2024-09-04T03:43:16.365+0800 [DEBUG] [org.gradle.process.internal.health.memory.DefaultMemoryManager] 1679429222 physical memory requested, 504680448 free
2024-09-04T03:43:16.365+0800 [DEBUG] [org.gradle.workers.internal.WorkerDaemonExpiration] Will attempt to release 1601 of memory
2024-09-04T03:43:16.365+0800 [DEBUG] [org.gradle.process.internal.health.memory.DefaultMemoryManager] 1679429222 physical memory requested, 0 released, 504680448 free
2024-09-04T03:43:21.354+0800 [DEBUG] [org.gradle.process.internal.health.memory.DefaultMemoryManager] 1679429222 physical memory requested, 504336384 free
2024-09-04T03:43:21.354+0800 [DEBUG] [org.gradle.workers.internal.WorkerDaemonExpiration] Will attempt to release 1601 of memory
2024-09-04T03:43:21.354+0800 [DEBUG] [org.gradle.process.internal.health.memory.DefaultMemoryManager] 1679429222 physical memory requested, 0 released, 504336384 free
2024-09-04T03:43:24.464+0800 [DEBUG] [org.gradle.cache.internal.DefaultFileLockManager] Waiting to acquire shared lock on daemon addresses registry.
2024-09-04T03:43:24.464+0800 [DEBUG] [org.gradle.cache.internal.DefaultFileLockManager] Lock acquired on daemon addresses registry.
2024-09-04T03:43:24.466+0800 [DEBUG] [org.gradle.cache.internal.DefaultFileLockManager] Releasing lock on daemon addresses registry.
2024-09-04T03:43:24.469+0800 [DEBUG] [org.gradle.cache.internal.DefaultFileLockManager] Waiting to acquire shared lock on daemon addresses registry.
2024-09-04T03:43:24.469+0800 [DEBUG] [org.gradle.cache.internal.DefaultFileLockManager] Lock acquired on daemon addresses registry.
2024-09-04T03:43:24.470+0800 [DEBUG] [org.gradle.cache.internal.DefaultFileLockManager] Releasing lock on daemon addresses registry.
2024-09-04T03:43:24.472+0800 [DEBUG] [org.gradle.cache.internal.DefaultFileLockManager] Waiting to acquire shared lock on daemon addresses registry.
2024-09-04T03:43:24.472+0800 [DEBUG] [org.gradle.cache.internal.DefaultFileLockManager] Lock acquired on daemon addresses registry.
2024-09-04T03:43:24.474+0800 [DEBUG] [org.gradle.cache.internal.DefaultFileLockManager] Releasing lock on daemon addresses registry.
2024-09-04T03:43:26.354+0800 [DEBUG] [org.gradle.process.internal.health.memory.DefaultMemoryManager] 1679429222 physical memory requested, 524947456 free
2024-09-04T03:43:26.355+0800 [DEBUG] [org.gradle.workers.internal.WorkerDaemonExpiration] Will attempt to release 1601 of memory
2024-09-04T03:43:26.355+0800 [DEBUG] [org.gradle.process.internal.health.memory.DefaultMemoryManager] 1679429222 physical memory requested, 0 released, 524947456 free
2024-09-04T03:43:31.358+0800 [DEBUG] [org.gradle.process.internal.health.memory.DefaultMemoryManager] 1679429222 physical memory requested, 507052032 free
2024-09-04T03:43:31.358+0800 [DEBUG] [org.gradle.workers.internal.WorkerDaemonExpiration] Will attempt to release 1601 of memory
2024-09-04T03:43:31.358+0800 [DEBUG] [org.gradle.process.internal.health.memory.DefaultMemoryManager] 1679429222 physical memory requested, 0 released, 507052032 free
2024-09-04T03:43:34.461+0800 [DEBUG] [org.gradle.cache.internal.DefaultFileLockManager] Waiting to acquire shared lock on daemon addresses registry.
2024-09-04T03:43:34.461+0800 [DEBUG] [org.gradle.cache.internal.DefaultFileLockManager] Lock acquired on daemon addresses registry.
2024-09-04T03:43:34.462+0800 [DEBUG] [org.gradle.cache.internal.DefaultFileLockManager] Releasing lock on daemon addresses registry.
2024-09-04T03:43:34.467+0800 [DEBUG] [org.gradle.cache.internal.DefaultFileLockManager] Waiting to acquire shared lock on daemon addresses registry.
2024-09-04T03:43:34.468+0800 [DEBUG] [org.gradle.cache.internal.DefaultFileLockManager] Lock acquired on daemon addresses registry.
2024-09-04T03:43:34.469+0800 [DEBUG] [org.gradle.cache.internal.DefaultFileLockManager] Releasing lock on daemon addresses registry.
2024-09-04T03:43:34.473+0800 [DEBUG] [org.gradle.cache.internal.DefaultFileLockManager] Waiting to acquire shared lock on daemon addresses registry.
2024-09-04T03:43:34.474+0800 [DEBUG] [org.gradle.cache.internal.DefaultFileLockManager] Lock acquired on daemon addresses registry.
2024-09-04T03:43:34.475+0800 [DEBUG] [org.gradle.cache.internal.DefaultFileLockManager] Releasing lock on daemon addresses registry.
2024-09-04T03:43:36.362+0800 [DEBUG] [org.gradle.process.internal.health.memory.DefaultMemoryManager] 1679429222 physical memory requested, 1453133824 free
2024-09-04T03:43:36.362+0800 [DEBUG] [org.gradle.workers.internal.WorkerDaemonExpiration] Will attempt to release 1601 of memory
2024-09-04T03:43:36.363+0800 [DEBUG] [org.gradle.process.internal.health.memory.DefaultMemoryManager] 1679429222 physical memory requested, 0 released, 1453133824 free
2024-09-04T03:43:40.085+0800 [DEBUG] [org.gradle.internal.remote.internal.inet.TcpIncomingConnector] Accepted connection from /127.0.0.1:65525 to /127.0.0.1:65435.
2024-09-04T03:43:40.106+0800 [DEBUG] [org.gradle.launcher.daemon.server.SynchronizedDispatchConnection] thread 137: received class org.gradle.launcher.daemon.protocol.StopWhenIdle
2024-09-04T03:43:40.106+0800 [DEBUG] [org.gradle.launcher.daemon.server.DefaultDaemonConnection] thread 137: Received non-IO message from client: StopWhenIdle[id=07fed7a2-c46f-4ad5-a310-7a13739cc36f]
2024-09-04T03:43:40.107+0800 [INFO] [org.gradle.launcher.daemon.server.DefaultIncomingConnectionHandler] Received command: StopWhenIdle[id=07fed7a2-c46f-4ad5-a310-7a13739cc36f].
2024-09-04T03:43:40.107+0800 [DEBUG] [org.gradle.launcher.daemon.server.DefaultIncomingConnectionHandler] Starting executing command: StopWhenIdle[id=07fed7a2-c46f-4ad5-a310-7a13739cc36f] with connection: socket connection from /127.0.0.1:65435 to /127.0.0.1:65525.
2024-09-04T03:43:40.109+0800 [DEBUG] [org.gradle.launcher.daemon.server.DaemonRegistryUpdater] Storing daemon stop event: stop command received
2024-09-04T03:43:40.112+0800 [DEBUG] [org.gradle.launcher.daemon.registry.PersistentDaemonRegistry] Storing daemon stop event with timestamp 1725392620109
2024-09-04T03:43:40.120+0800 [DEBUG] [org.gradle.cache.internal.DefaultFileLockManager] Waiting to acquire exclusive lock on daemon addresses registry.
2024-09-04T03:43:40.121+0800 [DEBUG] [org.gradle.cache.internal.DefaultFileLockManager] Lock acquired on daemon addresses registry.
2024-09-04T03:43:40.139+0800 [DEBUG] [org.gradle.cache.internal.DefaultFileLockManager] Releasing lock on daemon addresses registry.
2024-09-04T03:43:40.143+0800 [LIFECYCLE] [org.gradle.launcher.daemon.server.DaemonStateCoordinator] Daemon will be stopped at the end of the build stop command received
2024-09-04T03:43:40.143+0800 [DEBUG] [org.gradle.launcher.daemon.server.DaemonStateCoordinator] Marking daemon stopped due to stop command received. The daemon is running a build: false
2024-09-04T03:43:40.144+0800 [DEBUG] [org.gradle.launcher.daemon.server.SynchronizedDispatchConnection] thread 136: dispatching Success[value=null]
2024-09-04T03:43:40.144+0800 [DEBUG] [org.gradle.launcher.daemon.server.DaemonStateCoordinator] daemon has stopped.
2024-09-04T03:43:40.144+0800 [DEBUG] [org.gradle.launcher.daemon.server.DefaultIncomingConnectionHandler] Finishing executing command: StopWhenIdle[id=07fed7a2-c46f-4ad5-a310-7a13739cc36f]
2024-09-04T03:43:40.145+0800 [DEBUG] [org.gradle.launcher.daemon.server.SynchronizedDispatchConnection] thread 137: received class org.gradle.launcher.daemon.protocol.Finished
2024-09-04T03:43:40.145+0800 [DEBUG] [org.gradle.launcher.daemon.server.Daemon] stop() called on daemon
2024-09-04T03:43:40.146+0800 [DEBUG] [org.gradle.launcher.daemon.server.DefaultDaemonConnection] thread 137: Received non-IO message from client: org.gradle.launcher.daemon.protocol.Finished@28e5b275
2024-09-04T03:43:40.146+0800 [INFO] [org.gradle.launcher.daemon.server.Daemon] Stop requested. Daemon is removing its presence from the registry...
2024-09-04T03:43:40.147+0800 [DEBUG] [org.gradle.internal.remote.internal.inet.SocketConnection] Discarding EOFException: java.io.EOFException
2024-09-04T03:43:40.147+0800 [DEBUG] [org.gradle.launcher.daemon.server.DefaultIncomingConnectionHandler] Received finished message: org.gradle.launcher.daemon.protocol.Finished@28e5b275
2024-09-04T03:43:40.148+0800 [DEBUG] [org.gradle.launcher.daemon.server.DaemonRegistryUpdater] Removing our presence to clients, eg. removing this address from the registry: [23764d84-95ce-4d5a-bb3e-93f8c046e36b port:65435, addresses:[localhost/127.0.0.1]]
2024-09-04T03:43:40.148+0800 [DEBUG] [org.gradle.launcher.daemon.server.SynchronizedDispatchConnection] thread 136: stopping connection
2024-09-04T03:43:40.148+0800 [DEBUG] [org.gradle.launcher.daemon.server.SynchronizedDispatchConnection] thread 137: received null
2024-09-04T03:43:40.149+0800 [DEBUG] [org.gradle.launcher.daemon.registry.PersistentDaemonRegistry] Removing daemon address: [23764d84-95ce-4d5a-bb3e-93f8c046e36b port:65435, addresses:[localhost/127.0.0.1]]
2024-09-04T03:43:40.150+0800 [DEBUG] [org.gradle.launcher.daemon.server.DefaultDaemonConnection] thread 137: Received end-of-input from client.
2024-09-04T03:43:40.151+0800 [DEBUG] [org.gradle.launcher.daemon.server.SynchronizedDispatchConnection] thread 136: stopping connection
2024-09-04T03:43:40.159+0800 [DEBUG] [org.gradle.cache.internal.DefaultFileLockManager] Waiting to acquire exclusive lock on daemon addresses registry.
2024-09-04T03:43:40.161+0800 [DEBUG] [org.gradle.cache.internal.DefaultFileLockManager] Lock acquired on daemon addresses registry.
2024-09-04T03:43:40.173+0800 [DEBUG] [org.gradle.cache.internal.DefaultFileLockManager] Releasing lock on daemon addresses registry.
2024-09-04T03:43:40.177+0800 [DEBUG] [org.gradle.launcher.daemon.server.DaemonRegistryUpdater] Address removed from registry.
2024-09-04T03:43:40.180+0800 [DEBUG] [org.gradle.cache.internal.LockOnDemandCrossProcessCacheAccess] Releasing file lock for jars (C:\Users\e1129885\Documents\JIAYI\y2s1\2103\ip\caches\jars-9)
2024-09-04T03:43:40.180+0800 [DEBUG] [org.gradle.cache.internal.DefaultFileLockManager] Releasing lock on jars (C:\Users\e1129885\Documents\JIAYI\y2s1\2103\ip\caches\jars-9).
2024-09-04T03:43:40.189+0800 [DEBUG] [org.gradle.cache.internal.DefaultCacheCoordinator] Cache Artifact transforms cache (C:\Users\e1129885\Documents\JIAYI\y2s1\2103\ip\caches\transforms-3) was closed 0 times.
2024-09-04T03:43:40.193+0800 [DEBUG] [org.gradle.cache.internal.LockOnDemandCrossProcessCacheAccess] Releasing file lock for file content cache (C:\Users\e1129885\Documents\JIAYI\y2s1\2103\ip\caches\8.5\fileContent)
2024-09-04T03:43:40.193+0800 [DEBUG] [org.gradle.cache.internal.DefaultFileLockManager] Releasing lock on file content cache (C:\Users\e1129885\Documents\JIAYI\y2s1\2103\ip\caches\8.5\fileContent).
2024-09-04T03:43:40.197+0800 [DEBUG] [org.gradle.internal.watch.vfs.impl.WatchingVirtualFileSystem] Closing VFS, dropping state
2024-09-04T03:43:40.203+0800 [DEBUG] [org.gradle.cache.internal.DefaultCacheCoordinator] Cache Generated Gradle JARs cache (C:\Users\e1129885\Documents\JIAYI\y2s1\2103\ip\caches\8.5\generated-gradle-jars) was closed 0 times.
2024-09-04T03:43:40.203+0800 [DEBUG] [org.gradle.internal.watch.registry.impl.DefaultFileWatcherRegistry] Finished listening to file system change events
2024-09-04T03:43:40.203+0800 [DEBUG] [org.gradle.cache.internal.LockOnDemandCrossProcessCacheAccess] Releasing file lock for artifact cache (C:\Users\e1129885\Documents\JIAYI\y2s1\2103\ip\caches\modules-2)
2024-09-04T03:43:40.204+0800 [DEBUG] [org.gradle.cache.internal.btree.BTreePersistentIndexedCache] Closing cache resource-at-url.bin (C:\Users\e1129885\Documents\JIAYI\y2s1\2103\ip\caches\modules-2\metadata-2.106\resource-at-url.bin)
2024-09-04T03:43:40.211+0800 [DEBUG] [org.gradle.cache.internal.btree.BTreePersistentIndexedCache] Closing cache module-artifact.bin (C:\Users\e1129885\Documents\JIAYI\y2s1\2103\ip\caches\modules-2\metadata-2.106\module-artifact.bin)
2024-09-04T03:43:40.217+0800 [DEBUG] [org.gradle.cache.internal.btree.BTreePersistentIndexedCache] Closing cache module-metadata.bin (C:\Users\e1129885\Documents\JIAYI\y2s1\2103\ip\caches\modules-2\metadata-2.106\module-metadata.bin)
2024-09-04T03:43:40.223+0800 [DEBUG] [org.gradle.cache.internal.DefaultFileLockManager] Releasing lock on artifact cache (C:\Users\e1129885\Documents\JIAYI\y2s1\2103\ip\caches\modules-2).
2024-09-04T03:43:40.230+0800 [DEBUG] [org.gradle.cache.internal.LockOnDemandCrossProcessCacheAccess] Releasing file lock for journal cache (C:\Users\e1129885\Documents\JIAYI\y2s1\2103\ip\caches\journal-1)
2024-09-04T03:43:40.231+0800 [DEBUG] [org.gradle.cache.internal.btree.BTreePersistentIndexedCache] Closing cache file-access.bin (C:\Users\e1129885\Documents\JIAYI\y2s1\2103\ip\caches\journal-1\file-access.bin)
2024-09-04T03:43:40.238+0800 [DEBUG] [org.gradle.cache.internal.DefaultFileLockManager] Releasing lock on journal cache (C:\Users\e1129885\Documents\JIAYI\y2s1\2103\ip\caches\journal-1).
2024-09-04T03:43:40.243+0800 [DEBUG] [org.gradle.cache.internal.LockOnDemandCrossProcessCacheAccess] Releasing file lock for file hash cache (C:\Users\e1129885\Documents\JIAYI\y2s1\2103\ip\caches\8.5\fileHashes)
2024-09-04T03:43:40.244+0800 [DEBUG] [org.gradle.cache.internal.btree.BTreePersistentIndexedCache] Closing cache fileHashes.bin (C:\Users\e1129885\Documents\JIAYI\y2s1\2103\ip\caches\8.5\fileHashes\fileHashes.bin)
2024-09-04T03:43:40.250+0800 [DEBUG] [org.gradle.cache.internal.btree.BTreePersistentIndexedCache] Closing cache resourceHashesCache.bin (C:\Users\e1129885\Documents\JIAYI\y2s1\2103\ip\caches\8.5\fileHashes\resourceHashesCache.bin)
2024-09-04T03:43:40.257+0800 [DEBUG] [org.gradle.cache.internal.DefaultFileLockManager] Releasing lock on file hash cache (C:\Users\e1129885\Documents\JIAYI\y2s1\2103\ip\caches\8.5\fileHashes).
2024-09-04T03:43:40.260+0800 [DEBUG] [org.gradle.cache.internal.LockOnDemandCrossProcessCacheAccess] Releasing file lock for execution history cache (C:\Users\e1129885\Documents\JIAYI\y2s1\2103\ip\caches\8.5\executionHistory)
2024-09-04T03:43:40.260+0800 [DEBUG] [org.gradle.cache.internal.DefaultFileLockManager] Releasing lock on execution history cache (C:\Users\e1129885\Documents\JIAYI\y2s1\2103\ip\caches\8.5\executionHistory).
2024-09-04T03:43:40.273+0800 [DEBUG] [org.gradle.cache.internal.VersionSpecificCacheCleanupAction] Processed version-specific caches at C:\Users\e1129885\Documents\JIAYI\y2s1\2103\ip\caches for cleanup in 0.006 secs
2024-09-04T03:43:40.299+0800 [DEBUG] [java.lang.Runtime] Runtime.exit() called with status: 0
java.lang.Throwable: Runtime.exit(0)
	at java.base/java.lang.Shutdown.logRuntimeExit(Shutdown.java:179)
	at java.base/java.lang.Shutdown.exit(Shutdown.java:160)
	at java.base/java.lang.Runtime.exit(Runtime.java:188)
	at java.base/java.lang.System.exit(System.java:1920)
	at org.gradle.launcher.bootstrap.ProcessCompleter.complete(ProcessCompleter.java:21)
	at org.gradle.launcher.bootstrap.EntryPoint.run(EntryPoint.java:59)
	at java.base/jdk.internal.reflect.DirectMethodHandleAccessor.invoke(DirectMethodHandleAccessor.java:103)
	at java.base/java.lang.reflect.Method.invoke(Method.java:580)
	at org.gradle.launcher.bootstrap.ProcessBootstrap.runNoExit(ProcessBootstrap.java:60)
	at org.gradle.launcher.bootstrap.ProcessBootstrap.run(ProcessBootstrap.java:37)
	at org.gradle.launcher.daemon.bootstrap.GradleDaemon.main(GradleDaemon.java:22)
Daemon vm is shutting down... The daemon has exited normally or was terminated in response to a user interrupt.
2024-09-04T03:43:40.303+0800 [DEBUG] [org.gradle.launcher.daemon.registry.PersistentDaemonRegistry] Removing daemon address: [23764d84-95ce-4d5a-bb3e-93f8c046e36b port:65435, addresses:[localhost/127.0.0.1]]
2024-09-04T03:43:40.310+0800 [DEBUG] [org.gradle.cache.internal.DefaultFileLockManager] Waiting to acquire exclusive lock on daemon addresses registry.
2024-09-04T03:43:40.312+0800 [DEBUG] [org.gradle.cache.internal.DefaultFileLockManager] Lock acquired on daemon addresses registry.
2024-09-04T03:43:40.324+0800 [DEBUG] [org.gradle.cache.internal.DefaultFileLockManager] Releasing lock on daemon addresses registry.
